<?xml version="1.0" encoding="utf-8"?><testsuites name="pytest tests"><testsuite name="pytest" errors="0" failures="0" skipped="0" tests="25" time="5.841" timestamp="2026-05-30T11:51:22.049312+00:00" hostname="agent-env-21a0f00a-7384-4bd3-b3d8-6148ea612356"><testcase classname="tests.test_action_items.TestCreate" name="test_create_basic" time="1.010" /><testcase classname="tests.test_action_items.TestCreate" name="test_create_rejects_invalid_source" time="0.107" /><testcase classname="tests.test_action_items.TestCreate" name="test_create_rejects_invalid_priority" time="0.110" /><testcase classname="tests.test_action_items.TestCreate" name="test_create_rejects_invalid_recurrence" time="0.116" /><testcase classname="tests.test_action_items.TestCreate" name="test_create_rejects_invalid_status" time="0.121" /><testcase classname="tests.test_action_items.TestCreate" name="test_create_rejects_empty_title" time="0.111" /><testcase classname="tests.test_action_items.TestCreate" name="test_create_recurring_defaults_frequency" time="0.116" /><testcase classname="tests.test_action_items.TestCreate" name="test_create_recurring_invalid_frequency" time="0.114" /><testcase classname="tests.test_action_items.TestListFilters" name="test_filter_source_module" time="0.494" /><testcase classname="tests.test_action_items.TestListFilters" name="test_filter_source_id_and_subref" time="0.119" /><testcase classname="tests.test_action_items.TestListFilters" name="test_filter_priority_and_status" time="0.113" /><testcase classname="tests.test_action_items.TestListFilters" name="test_filter_not_ported" time="0.118" /><testcase classname="tests.test_action_items.TestUpdateDelete" name="test_partial_update" time="0.275" /><testcase classname="tests.test_action_items.TestUpdateDelete" name="test_done_status_autosets_progress" time="0.116" /><testcase classname="tests.test_action_items.TestUpdateDelete" name="test_delete_soft_cancels" time="0.376" /><testcase classname="tests.test_action_items.TestUpdateDelete" name="test_update_not_found" time="0.131" /><testcase classname="tests.test_action_items.TestPortToCtt" name="test_port_to_ctt_creates_task_and_links" time="0.231" /><testcase classname="tests.test_action_items.TestPortToCtt" name="test_port_to_ctt_second_call_409" time="0.361" /><testcase classname="tests.test_action_items.TestPortToLifestyle" name="test_port_to_lifestyle_autoupgrades_recurrence" time="0.243" /><testcase classname="tests.test_action_items.TestPortToLifestyle" name="test_port_to_lifestyle_409_on_repeat" time="0.343" /><testcase classname="tests.test_action_items.TestUnport" name="test_unport_clears_link_but_preserves_downstream" time="0.472" /><testcase classname="tests.test_action_items.TestImportFromMpps" name="test_import_initial_count" time="0.126" /><testcase classname="tests.test_action_items.TestImportFromMpps" name="test_import_is_idempotent" time="0.125" /><testcase classname="tests.test_action_items.TestImportFromMpps" name="test_import_unknown_decision_404" time="0.116" /><testcase classname="tests.test_action_items.TestStatsSummary" name="test_summary_shape_and_counts" time="0.119" /></testsuite></testsuites>