<?xml version="1.0" encoding="utf-8"?><testsuites name="pytest tests"><testsuite name="pytest" errors="0" failures="0" skipped="0" tests="17" time="5.596" timestamp="2026-06-08T10:31:25.391301+00:00" hostname="agent-env-91687f34-e41f-4726-8257-7c3e251e2f8f"><testcase classname="tests.test_iter81_partner_embed.TestRegressionSmoke" name="test_health" time="0.231" /><testcase classname="tests.test_iter81_partner_embed.TestRegressionSmoke" name="test_admin_login_and_me" time="0.509" /><testcase classname="tests.test_iter81_partner_embed.TestPublicEmbedConfig" name="test_public_config_ok" time="0.151" /><testcase classname="tests.test_iter81_partner_embed.TestPublicEmbedConfig" name="test_public_config_404_unknown" time="0.135" /><testcase classname="tests.test_iter81_partner_embed.TestAdminConfigCRUD" name="test_admin_get_config" time="0.161" /><testcase classname="tests.test_iter81_partner_embed.TestAdminConfigCRUD" name="test_non_admin_get_config_403" time="0.462" /><testcase classname="tests.test_iter81_partner_embed.TestAdminConfigCRUD" name="test_admin_list_partners_includes_demo" time="0.139" /><testcase classname="tests.test_iter81_partner_embed.TestOrgLoginFixCritical" name="test_org_login_frictionless_session_works_on_auth_me" time="0.636" /><testcase classname="tests.test_iter81_partner_embed.TestOTPToggleAndVerifyFix" name="test_full_otp_path" time="1.897" /><testcase classname="tests.test_iter81_partner_embed.TestLegalGate" name="test_scrape_enabled_without_acks_400" time="0.119" /><testcase classname="tests.test_iter81_partner_embed.TestLegalGate" name="test_scrape_enabled_partial_ack_400" time="0.108" /><testcase classname="tests.test_iter81_partner_embed.TestLegalGate" name="test_scrape_enabled_both_acks_200_then_restore" time="0.229" /><testcase classname="tests.test_iter81_partner_embed.TestEnumValidation" name="test_invalid_top_level_enum[branding_mode-rainbow]" time="0.121" /><testcase classname="tests.test_iter81_partner_embed.TestEnumValidation" name="test_invalid_top_level_enum[auth_mode-telepathy]" time="0.111" /><testcase classname="tests.test_iter81_partner_embed.TestEnumValidation" name="test_invalid_billing_mode" time="0.167" /><testcase classname="tests.test_iter81_partner_embed.TestEnumValidation" name="test_invalid_enabled_flows" time="0.114" /><testcase classname="tests.test_iter81_partner_embed" name="test_zz_restore_baseline_final" time="0.225" /></testsuite></testsuites>