<?xml version="1.0" encoding="utf-8"?><testsuites name="pytest tests"><testsuite name="pytest" errors="0" failures="0" skipped="0" tests="10" time="3.026" timestamp="2026-06-22T21:39:04.696460+00:00" hostname="agent-env-8c9065bf-bd61-4a78-ab3f-2a872a6293c8"><testcase classname="backend.tests.test_iter144_decision_link.TestLinkable" name="test_linkable_lists_scored_target" time="1.039" /><testcase classname="backend.tests.test_iter144_decision_link.TestLinkable" name="test_linkable_excludes_self" time="0.157" /><testcase classname="backend.tests.test_iter144_decision_link.TestLinkable" name="test_linkable_omits_unscored" time="0.113" /><testcase classname="backend.tests.test_iter144_decision_link.TestLinkDecision" name="test_link_factor_only" time="0.210" /><testcase classname="backend.tests.test_iter144_decision_link.TestLinkDecision" name="test_link_factor_and_option" time="0.218" /><testcase classname="backend.tests.test_iter144_decision_link.TestLinkDecision" name="test_self_link_rejected" time="0.174" /><testcase classname="backend.tests.test_iter144_decision_link.TestLinkDecision" name="test_unscored_target_rejected" time="0.340" /><testcase classname="backend.tests.test_iter144_decision_link.TestLinkDecision" name="test_circular_link_blocked" time="0.233" /><testcase classname="backend.tests.test_iter144_decision_link.TestResolve" name="test_resolve_single_link" time="0.101" /><testcase classname="backend.tests.test_iter144_decision_link.TestResolve" name="test_refresh_auto" time="0.372" /></testsuite></testsuites>