<?xml version="1.0" encoding="utf-8"?><testsuites name="pytest tests"><testsuite name="pytest" errors="0" failures="0" skipped="0" tests="12" time="3.130" timestamp="2026-07-26T22:12:08.775104+00:00" hostname="agent-env-c7297c88-630f-4806-9251-18e9451c57aa"><testcase classname="backend.tests.test_iter198_action_center_and_gem_pm.TestSyncAll" name="test_sync_all_returns_counts_and_is_idempotent" time="0.466" /><testcase classname="backend.tests.test_iter198_action_center_and_gem_pm.TestUnportDeletesCtt" name="test_manual_port_then_unport_removes_ctt" time="0.217" /><testcase classname="backend.tests.test_iter198_action_center_and_gem_pm.TestSwitchPort" name="test_switch_ctt_to_lifestyle_and_back" time="0.309" /><testcase classname="backend.tests.test_iter198_action_center_and_gem_pm.TestSwitchPort" name="test_switch_port_on_unported_returns_409" time="0.154" /><testcase classname="backend.tests.test_iter198_action_center_and_gem_pm.TestSixLegsStatusSync" name="test_convert_and_bidirectional_sync" time="0.161" /><testcase classname="backend.tests.test_iter198_action_center_and_gem_pm.TestGoalSetterCreateTask" name="test_create_task_ctt_and_lifestyle_and_status_writeback" time="0.212" /><testcase classname="backend.tests.test_iter198_action_center_and_gem_pm.TestGemPM" name="test_wbs_create_hierarchy_and_invalid_child" time="0.526" /><testcase classname="backend.tests.test_iter198_action_center_and_gem_pm.TestGemPM" name="test_deps_and_cpm_and_dup_and_delete" time="0.314" /><testcase classname="backend.tests.test_iter198_action_center_and_gem_pm.TestGemPM" name="test_kanban_move_to_done" time="0.106" /><testcase classname="backend.tests.test_iter198_action_center_and_gem_pm.TestGemPM" name="test_port_task_to_ctt_creates_action_and_duplicate_409" time="0.189" /><testcase classname="backend.tests.test_iter198_action_center_and_gem_pm.TestGemPM" name="test_registers_crud" time="0.296" /><testcase classname="backend.tests.test_iter198_action_center_and_gem_pm.TestOAuthCalendarStart" name="test_start_does_not_500" time="0.049" /></testsuite></testsuites>