<?xml version="1.0" encoding="utf-8"?><testsuites name="pytest tests"><testsuite name="pytest" errors="0" failures="0" skipped="0" tests="17" time="9.663" timestamp="2026-06-17T01:03:14.483258+00:00" hostname="agent-env-91687f34-e41f-4726-8257-7c3e251e2f8f"><testcase classname="tests.test_iter128_mega_apis.TestSevenSeven" name="test_divisions_seeded_in_order" time="0.602" /><testcase classname="tests.test_iter128_mega_apis.TestSevenSeven" name="test_drivers_grouped_team_systems_strategy" time="0.120" /><testcase classname="tests.test_iter128_mega_apis.TestSevenSeven" name="test_create_user_org_requires_life_area" time="0.112" /><testcase classname="tests.test_iter128_mega_apis.TestSevenSeven" name="test_full_org_assess_due_flow" time="0.631" /><testcase classname="tests.test_iter128_mega_apis.TestATEX" name="test_estimate_without_scc_returns_400" time="0.106" /><testcase classname="tests.test_iter128_mega_apis.TestATEX" name="test_estimate_math_and_end_date" time="0.109" /><testcase classname="tests.test_iter128_mega_apis.TestATEX" name="test_ai_suggest_returns_structure" time="6.080" /><testcase classname="tests.test_iter128_mega_apis.TestSixLegs" name="test_l3_requires_division_code" time="0.150" /><testcase classname="tests.test_iter128_mega_apis.TestSixLegs" name="test_tree_and_cascade_delete_and_convert" time="0.801" /><testcase classname="tests.test_iter128_mega_apis.TestReferral" name="test_config_defaults" time="0.111" /><testcase classname="tests.test_iter128_mega_apis.TestReferral" name="test_put_config_non_admin_403" time="0.103" /><testcase classname="tests.test_iter128_mega_apis.TestReferral" name="test_simulate_l1_first_purchase" time="0.106" /><testcase classname="tests.test_iter128_mega_apis.TestReferral" name="test_simulate_highest_tier_zeros_special_and_2x_karma" time="0.113" /><testcase classname="tests.test_iter128_mega_apis.TestReferral" name="test_simulate_subsequent_halves_rate" time="0.119" /><testcase classname="tests.test_iter128_mega_apis.TestReferral" name="test_profile_cash_opt_in_requires_upi_or_bank" time="0.119" /><testcase classname="tests.test_iter128_mega_apis.TestReferral" name="test_profile_cash_opt_in_with_upi_only" time="0.110" /><testcase classname="tests.test_iter128_mega_apis.TestReferral" name="test_ledger_returns_keys" time="0.113" /></testsuite></testsuites>