<?xml version="1.0" encoding="utf-8"?><testsuites name="pytest tests"><testsuite name="pytest" errors="0" failures="0" skipped="0" tests="14" time="4.555" timestamp="2026-05-31T14:56:29.275953+00:00" hostname="agent-env-5465d40e-5c8f-4afc-a7fe-cd82d5e1607d"><testcase classname="backend.tests.test_iter24_masters_dedup_contacts.TestMastersDedup" name="test_no_duplicate_value_parent_per_type[religion]" time="0.562" /><testcase classname="backend.tests.test_iter24_masters_dedup_contacts.TestMastersDedup" name="test_no_duplicate_value_parent_per_type[caste]" time="0.130" /><testcase classname="backend.tests.test_iter24_masters_dedup_contacts.TestMastersDedup" name="test_no_duplicate_value_parent_per_type[language]" time="0.131" /><testcase classname="backend.tests.test_iter24_masters_dedup_contacts.TestMastersDedup" name="test_no_duplicate_value_parent_per_type[occupation]" time="0.317" /><testcase classname="backend.tests.test_iter24_masters_dedup_contacts.TestMastersDedup" name="test_no_duplicate_value_parent_per_type[skill]" time="0.116" /><testcase classname="backend.tests.test_iter24_masters_dedup_contacts.TestMastersDedup" name="test_no_duplicate_value_parent_per_type[drive]" time="0.145" /><testcase classname="backend.tests.test_iter24_masters_dedup_contacts.TestMastersDedup" name="test_no_duplicate_value_parent_per_type[trait]" time="0.154" /><testcase classname="backend.tests.test_iter24_masters_dedup_contacts.TestMastersDedup" name="test_caste_cascade_hindu" time="0.124" /><testcase classname="backend.tests.test_iter24_masters_dedup_contacts.TestMastersDedup" name="test_search_filters" time="0.114" /><testcase classname="backend.tests.test_iter24_masters_dedup_contacts.TestMastersAdmin" name="test_create_then_duplicate_returns_409" time="0.701" /><testcase classname="backend.tests.test_iter24_masters_dedup_contacts.TestMastersAdmin" name="test_caste_dup_scoped_by_parent" time="0.334" /><testcase classname="backend.tests.test_iter24_masters_dedup_contacts.TestMastersAdmin" name="test_update_and_delete" time="0.861" /><testcase classname="backend.tests.test_iter24_masters_dedup_contacts.TestContactsProfileImage" name="test_post_contact_with_profile_image_persists" time="0.228" /><testcase classname="backend.tests.test_iter24_masters_dedup_contacts.TestContactsProfileImage" name="test_list_contacts_includes_profile_image" time="0.572" /></testsuite></testsuites>