<?xml version="1.0" encoding="utf-8"?><testsuites name="pytest tests"><testsuite name="pytest" errors="0" failures="0" skipped="0" tests="6" time="2.336" timestamp="2026-06-26T09:03:18.307487+00:00" hostname="agent-env-c7297c88-630f-4806-9251-18e9451c57aa"><testcase classname="tests.test_iter164_acm_admin_bypass.TestSuperAdminBypass" name="test_super_my_access_all_full" time="0.650" /><testcase classname="tests.test_iter164_acm_admin_bypass.TestSuperAdminBypass" name="test_super_previously_hidden_now_full" time="0.109" /><testcase classname="tests.test_iter164_acm_admin_bypass.TestSuperAdminBypass" name="test_super_check_digilocker_allowed" time="0.153" /><testcase classname="tests.test_iter164_acm_admin_bypass.TestSuperAdminBypass" name="test_super_check_each_previously_hidden" time="0.658" /><testcase classname="tests.test_iter164_acm_admin_bypass.TestFreeUserRegression" name="test_free_my_access_not_all_full" time="0.571" /><testcase classname="tests.test_iter164_acm_admin_bypass.TestFreeUserRegression" name="test_free_check_digilocker_not_allowed" time="0.136" /></testsuite></testsuites>