<?xml version="1.0" encoding="utf-8"?><testsuites name="pytest tests"><testsuite name="pytest" errors="0" failures="0" skipped="0" tests="6" time="1.050" timestamp="2026-06-08T12:36:12.643842+00:00" hostname="agent-env-91687f34-e41f-4726-8257-7c3e251e2f8f"><testcase classname="backend.tests.test_iter87_screener_p3" name="test_ingest_csv" time="0.651" /><testcase classname="backend.tests.test_iter87_screener_p3" name="test_quote" time="0.055" /><testcase classname="backend.tests.test_iter87_screener_p3" name="test_run_ranks_x_first" time="0.057" /><testcase classname="backend.tests.test_iter87_screener_p3" name="test_export_csv" time="0.063" /><testcase classname="backend.tests.test_iter87_screener_p3" name="test_url_mode_legal_gate" time="0.051" /><testcase classname="backend.tests.test_iter87_screener_p3" name="test_full_ui_scenario" time="0.114" /></testsuite></testsuites>