<?xml version="1.0" encoding="utf-8"?><testsuites name="pytest tests"><testsuite name="pytest" errors="0" failures="0" skipped="0" tests="9" time="1.826" timestamp="2026-06-06T12:53:57.078658+00:00" hostname="agent-env-5465d40e-5c8f-4afc-a7fe-cd82d5e1607d"><testcase classname="backend.tests.test_iter63_gsheet_assessment.TestSheetsStatus" name="test_status_unauthenticated_rejected" time="0.677" /><testcase classname="backend.tests.test_iter63_gsheet_assessment.TestSheetsStatus" name="test_status_authenticated_not_connected" time="0.054" /><testcase classname="backend.tests.test_iter63_gsheet_assessment.TestProsConsGSheetGating" name="test_create_gsheet_requires_google_connect" time="0.212" /><testcase classname="backend.tests.test_iter63_gsheet_assessment.TestProsConsGSheetGating" name="test_import_gsheet_without_link_400" time="0.054" /><testcase classname="backend.tests.test_iter63_gsheet_assessment.TestMyDeziderGSheetGating" name="test_create_gsheet_requires_google_connect" time="0.162" /><testcase classname="backend.tests.test_iter63_gsheet_assessment.TestMyDeziderGSheetGating" name="test_import_gsheet_without_link_400" time="0.050" /><testcase classname="backend.tests.test_iter63_gsheet_assessment.TestXlsRegression" name="test_pros_cons_template_download" time="0.212" /><testcase classname="backend.tests.test_iter63_gsheet_assessment.TestXlsRegression" name="test_decisions_template_download" time="0.167" /><testcase classname="backend.tests.test_iter63_gsheet_assessment.TestXlsRegression" name="test_pros_cons_round_trip_import" time="0.170" /></testsuite></testsuites>