<?xml version="1.0" encoding="utf-8"?><testsuites name="pytest tests"><testsuite name="pytest" errors="0" failures="0" skipped="0" tests="6" time="3.493" timestamp="2026-06-28T10:59:23.804137+00:00" hostname="agent-env-c7297c88-630f-4806-9251-18e9451c57aa"><testcase classname="backend.tests.test_iter174_collab_wizard_rework.TestWizardSharedStepCreate" name="test_create_decision_share_async" time="1.007" /><testcase classname="backend.tests.test_iter174_collab_wizard_rework.TestWizardSharedStepCreate" name="test_create_pros_cons_share_async" time="0.579" /><testcase classname="backend.tests.test_iter174_collab_wizard_rework.TestWizardSharedStepCreate" name="test_create_solution_finder_share_async" time="0.588" /><testcase classname="backend.tests.test_iter174_collab_wizard_rework.TestWizardSharedStepCreate" name="test_create_live_sync_carries_session_mode" time="0.412" /><testcase classname="backend.tests.test_iter174_collab_wizard_rework.TestWizardSharedStepCreate" name="test_create_rejects_missing_recipients" time="0.104" /><testcase classname="backend.tests.test_iter174_collab_wizard_rework.TestWizardSharedStepCreate" name="test_create_rejects_missing_module_id" time="0.735" /></testsuite></testsuites>