<?xml version="1.0" encoding="utf-8"?><testsuites name="pytest tests"><testsuite name="pytest" errors="0" failures="0" skipped="0" tests="11" time="42.574" timestamp="2026-06-28T09:41:53.820079+00:00" hostname="agent-env-c7297c88-630f-4806-9251-18e9451c57aa"><testcase classname="backend.tests.test_iter173_review_merge.TestReviewEndpoint" name="test_review_owner_only" time="1.844" /><testcase classname="backend.tests.test_iter173_review_merge.TestReviewEndpoint" name="test_review_rbac_contributor_403" time="0.901" /><testcase classname="backend.tests.test_iter173_review_merge.TestSMEEnrichment" name="test_sme_capability_from_contact" time="1.165" /><testcase classname="backend.tests.test_iter173_review_merge.TestAIMergeAndAdminToggle" name="test_ai_merge_owner" time="13.704" /><testcase classname="backend.tests.test_iter173_review_merge.TestAIMergeAndAdminToggle" name="test_ai_merge_rbac_403" time="0.884" /><testcase classname="backend.tests.test_iter173_review_merge.TestAIMergeAndAdminToggle" name="test_admin_toggle_disables_ai_merge" time="7.415" /><testcase classname="backend.tests.test_iter173_review_merge.TestApplyEndpoint" name="test_apply_owner_persists_and_preserves" time="1.084" /><testcase classname="backend.tests.test_iter173_review_merge.TestApplyEndpoint" name="test_apply_rbac_403" time="0.881" /><testcase classname="backend.tests.test_iter173_review_merge.TestLegacyMerge" name="test_legacy_weighted_merge_step7" time="1.106" /><testcase classname="backend.tests.test_iter173_review_merge.TestAIMergeMultiModule" name="test_ai_merge_pros_cons" time="8.332" /><testcase classname="backend.tests.test_iter173_review_merge.TestAIMergeMultiModule" name="test_ai_merge_solution_finder" time="5.179" /></testsuite></testsuites>