<?xml version="1.0" encoding="utf-8"?><testsuites name="pytest tests"><testsuite name="pytest" errors="0" failures="0" skipped="0" tests="7" time="1.993" timestamp="2026-06-03T19:42:20.746315+00:00" hostname="agent-env-5465d40e-5c8f-4afc-a7fe-cd82d5e1607d"><testcase classname="backend.tests.test_iter47_appearance" name="test_get_appearance_public_no_auth_returns_options" time="0.011" /><testcase classname="backend.tests.test_iter47_appearance" name="test_put_appearance_admin_updates_and_get_reflects" time="0.281" /><testcase classname="backend.tests.test_iter47_appearance" name="test_put_appearance_non_admin_forbidden" time="0.244" /><testcase classname="backend.tests.test_iter47_appearance" name="test_put_appearance_invalid_font_400" time="0.006" /><testcase classname="backend.tests.test_iter47_appearance" name="test_put_appearance_no_auth_rejected" time="0.005" /><testcase classname="backend.tests.test_iter47_appearance" name="test_whatsapp_verify_marks_user_verified" time="1.385" /><testcase classname="backend.tests.test_iter47_appearance" name="test_quota_card_data_sources" time="0.014" /></testsuite></testsuites>