<?xml version="1.0" encoding="utf-8"?><testsuites name="pytest tests"><testsuite name="pytest" errors="0" failures="0" skipped="0" tests="6" time="7.036" timestamp="2026-06-22T20:51:11.202825+00:00" hostname="agent-env-8c9065bf-bd61-4a78-ab3f-2a872a6293c8"><testcase classname="backend.tests.test_iter143_prioritize_factors" name="test_estimates_exposes_touchpoints_and_factor_prioritize" time="0.795" /><testcase classname="backend.tests.test_iter143_prioritize_factors" name="test_plain_admin_cannot_write_ai_wallet_config" time="0.442" /><testcase classname="backend.tests.test_iter143_prioritize_factors" name="test_super_admin_can_toggle_touchpoint" time="0.681" /><testcase classname="backend.tests.test_iter143_prioritize_factors" name="test_prioritize_factors_422_when_too_few" time="0.474" /><testcase classname="backend.tests.test_iter143_prioritize_factors" name="test_prioritize_factors_403_when_disabled" time="0.316" /><testcase classname="backend.tests.test_iter143_prioritize_factors" name="test_prioritize_factors_success_returns_ranked" time="4.265" /></testsuite></testsuites>