<?xml version="1.0" encoding="utf-8"?><testsuites name="pytest tests"><testsuite name="pytest" errors="0" failures="0" skipped="0" tests="7" time="2.513" timestamp="2026-07-26T22:58:53.446678+00:00" hostname="agent-env-c7297c88-630f-4806-9251-18e9451c57aa"><testcase classname="backend.tests.test_iter199_passable_and_intermodule.TestPassableValues" name="test_returns_shape" time="0.538" /><testcase classname="backend.tests.test_iter199_passable_and_intermodule.TestPassableValues" name="test_contains_option_text_and_worth_pct" time="0.898" /><testcase classname="backend.tests.test_iter199_passable_and_intermodule.TestPassableValues" name="test_smart_goal_link_shape" time="0.148" /><testcase classname="backend.tests.test_iter199_passable_and_intermodule.TestProsConsSfRef" name="test_add_option_with_sf_ref_persists" time="0.308" /><testcase classname="backend.tests.test_iter199_passable_and_intermodule.TestCttClassificationRef" name="test_create_task_with_classification_ref" time="0.327" /><testcase classname="backend.tests.test_iter199_passable_and_intermodule.TestGemPmNodesAllFilter" name="test_types_filter" time="0.110" /><testcase classname="backend.tests.test_iter199_passable_and_intermodule.TestGemPmNodesAllFilter" name="test_no_filter_returns_list" time="0.113" /></testsuite></testsuites>