<?xml version="1.0" encoding="utf-8"?><testsuites name="pytest tests"><testsuite name="pytest" errors="0" failures="0" skipped="0" tests="9" time="2.770" timestamp="2026-05-31T18:13:30.927954+00:00" hostname="agent-env-5465d40e-5c8f-4afc-a7fe-cd82d5e1607d"><testcase classname="backend.tests.test_asm_entries_iter26" name="test_health" time="0.186" /><testcase classname="backend.tests.test_asm_entries_iter26" name="test_create_sf" time="0.449" /><testcase classname="backend.tests.test_asm_entries_iter26" name="test_create_asm_linked_solution" time="0.126" /><testcase classname="backend.tests.test_asm_entries_iter26" name="test_create_asm_linked_all_concerns" time="0.134" /><testcase classname="backend.tests.test_asm_entries_iter26" name="test_asm_entries_endpoint" time="0.621" /><testcase classname="backend.tests.test_asm_entries_iter26" name="test_asm_entries_404_for_unknown" time="0.167" /><testcase classname="backend.tests.test_asm_entries_iter26" name="test_sf_get_and_put" time="0.297" /><testcase classname="backend.tests.test_asm_entries_iter26" name="test_asm_list_and_get" time="0.269" /><testcase classname="backend.tests.test_asm_entries_iter26" name="test_asm_entries_requires_auth" time="0.468" /></testsuite></testsuites>