<?xml version="1.0" encoding="utf-8"?><testsuites name="pytest tests"><testsuite name="pytest" errors="0" failures="3" skipped="0" tests="20" time="5.838" timestamp="2026-05-31T13:15:12.355504+00:00" hostname="agent-env-5465d40e-5c8f-4afc-a7fe-cd82d5e1607d"><testcase classname="backend.tests.test_iter23_masters_contacts_sf.TestMasters" name="test_get_types" time="0.682" /><testcase classname="backend.tests.test_iter23_masters_contacts_sf.TestMasters" name="test_seeded_counts[religion-11]" time="0.121" /><testcase classname="backend.tests.test_iter23_masters_contacts_sf.TestMasters" name="test_seeded_counts[caste-238]" time="0.170" /><testcase classname="backend.tests.test_iter23_masters_contacts_sf.TestMasters" name="test_seeded_counts[language-44]" time="0.159" /><testcase classname="backend.tests.test_iter23_masters_contacts_sf.TestMasters" name="test_seeded_counts[occupation-231]" time="0.149" /><testcase classname="backend.tests.test_iter23_masters_contacts_sf.TestMasters" name="test_seeded_counts[skill-40]" time="0.117" /><testcase classname="backend.tests.test_iter23_masters_contacts_sf.TestMasters" name="test_seeded_counts[drive-20]" time="0.176" /><testcase classname="backend.tests.test_iter23_masters_contacts_sf.TestMasters" name="test_seeded_counts[trait-30]" time="0.174" /><testcase classname="backend.tests.test_iter23_masters_contacts_sf.TestMasters" name="test_caste_cascade_by_religion" time="0.120" /><testcase classname="backend.tests.test_iter23_masters_contacts_sf.TestMasters" name="test_search_case_insensitive" time="0.113" /><testcase classname="backend.tests.test_iter23_masters_contacts_sf.TestMasters" name="test_unknown_type_400" time="0.136" /><testcase classname="backend.tests.test_iter23_masters_contacts_sf.TestMasters" name="test_non_admin_cannot_create" time="0.125" /><testcase classname="backend.tests.test_iter23_masters_contacts_sf.TestMasters" name="test_admin_crud_roundtrip" time="0.970" /><testcase classname="backend.tests.test_iter23_masters_contacts_sf.TestMasters" name="test_non_admin_cannot_update_or_delete" time="0.483" /><testcase classname="backend.tests.test_iter23_masters_contacts_sf.TestContactsPhase2Fields" name="test_create_contact_with_phase2_fields" time="0.244" /><testcase classname="backend.tests.test_iter23_masters_contacts_sf.TestContactsPhase2Fields" name="test_update_contact_languages_via_put" time="0.234" /><testcase classname="backend.tests.test_iter23_masters_contacts_sf.TestContactsPhase2Fields" name="test_finance_currency_defaults_inr" time="0.866" /><testcase classname="backend.tests.test_iter23_masters_contacts_sf.TestSolutionFinderStatusCompletion" name="test_create_and_complete" time="0.128"><failure message="AssertionError: {&quot;detail&quot;:&quot;Not Found&quot;}&#10;assert 404 == 200&#10; +  where 404 = &lt;Response [404]&gt;.status_code">backend/tests/test_iter23_masters_contacts_sf.py:264: in test_create_and_complete
    assert r.status_code == 200, r.text
E   AssertionError: {"detail":"Not Found"}
E   assert 404 == 200
E    +  where 404 = &lt;Response [404]&gt;.status_code</failure></testcase><testcase classname="backend.tests.test_iter23_masters_contacts_sf.TestSolutionFinderStatusCompletion" name="test_list_returns_completed" time="0.123"><failure message="AssertionError: {&quot;detail&quot;:&quot;Not Found&quot;}&#10;assert 404 == 200&#10; +  where 404 = &lt;Response [404]&gt;.status_code">backend/tests/test_iter23_masters_contacts_sf.py:287: in test_list_returns_completed
    assert r.status_code == 200, r.text
E   AssertionError: {"detail":"Not Found"}
E   assert 404 == 200
E    +  where 404 = &lt;Response [404]&gt;.status_code</failure></testcase><testcase classname="backend.tests.test_iter23_masters_contacts_sf.TestSolutionFinderStatusCompletion" name="test_list_returns_updated_at" time="0.442"><failure message="assert 404 == 200&#10; +  where 404 = &lt;Response [404]&gt;.status_code">backend/tests/test_iter23_masters_contacts_sf.py:298: in test_list_returns_updated_at
    assert r.status_code == 200
E   assert 404 == 200
E    +  where 404 = &lt;Response [404]&gt;.status_code</failure></testcase></testsuite></testsuites>