<?xml version="1.0" encoding="utf-8"?><testsuites name="pytest tests"><testsuite name="pytest" errors="0" failures="0" skipped="0" tests="12" time="3.594" timestamp="2026-06-22T09:53:03.094687+00:00" hostname="agent-env-8c9065bf-bd61-4a78-ab3f-2a872a6293c8"><testcase classname="backend.tests.test_iter136_eft.TestEftConfig" name="test_user_get_config" time="0.871" /><testcase classname="backend.tests.test_iter136_eft.TestEftSession" name="test_create_and_save_session" time="0.411" /><testcase classname="backend.tests.test_iter136_eft.TestEftSession" name="test_validation_bad_type" time="0.243" /><testcase classname="backend.tests.test_iter136_eft.TestEftSession" name="test_validation_intensity_out_of_range" time="0.347" /><testcase classname="backend.tests.test_iter136_eft.TestEftSession" name="test_validation_empty_subject" time="0.204" /><testcase classname="backend.tests.test_iter136_eft.TestEftDashboard" name="test_dashboard_has_eft_sessions" time="0.113" /><testcase classname="backend.tests.test_iter136_eft.TestEftAdmin" name="test_non_admin_blocked" time="0.240" /><testcase classname="backend.tests.test_iter136_eft.TestEftAdmin" name="test_admin_get_returns_config_and_defaults" time="0.432" /><testcase classname="backend.tests.test_iter136_eft.TestEftAdmin" name="test_admin_put_persists" time="0.311" /><testcase classname="backend.tests.test_iter136_eft.TestEftUpload" name="test_upload_image_ok" time="0.104" /><testcase classname="backend.tests.test_iter136_eft.TestEftUpload" name="test_upload_wrong_content_type" time="0.104" /><testcase classname="backend.tests.test_iter136_eft.TestEftUpload" name="test_upload_bad_media_type" time="0.138" /></testsuite></testsuites>