<?xml version="1.0" encoding="utf-8"?><testsuites name="pytest tests"><testsuite name="pytest" errors="0" failures="0" skipped="0" tests="4" time="0.300" timestamp="2026-06-11T11:48:40.712789+00:00" hostname="agent-env-91687f34-e41f-4726-8257-7c3e251e2f8f"><testcase classname="tests.test_batch_assess" name="test_chunk_work_respects_budget_and_cap" time="0.001" /><testcase classname="tests.test_batch_assess" name="test_retry_pass_recovers_dropped_cells" time="0.003" /><testcase classname="tests.test_batch_assess" name="test_out_of_credits_surfaces_and_marks_remaining" time="0.001" /><testcase classname="tests.test_batch_assess" name="test_parse_failure_chunk_is_retried_not_hard_errored" time="0.001" /></testsuite></testsuites>