<?xml version="1.0" encoding="utf-8"?><testsuites name="pytest tests"><testsuite name="pytest" errors="0" failures="0" skipped="0" tests="4" time="3.017" timestamp="2026-06-24T18:33:52.166696+00:00" hostname="agent-env-8c9065bf-bd61-4a78-ab3f-2a872a6293c8"><testcase classname="backend.tests.test_iter157_session_relogin" name="test_super_login_me_returns_a" time="0.725" /><testcase classname="backend.tests.test_iter157_session_relogin" name="test_logout_invalidates_token_and_no_token_is_401" time="0.624" /><testcase classname="backend.tests.test_iter157_session_relogin" name="test_relogin_as_different_user_does_not_bleed" time="1.509" /><testcase classname="backend.tests.test_iter157_session_relogin" name="test_invalid_token_is_rejected" time="0.107" /></testsuite></testsuites>