<?xml version="1.0" encoding="utf-8"?><testsuites name="pytest tests"><testsuite name="pytest" errors="0" failures="0" skipped="0" tests="9" time="27.987" timestamp="2026-06-29T17:25:42.911029+00:00" hostname="agent-env-c7297c88-630f-4806-9251-18e9451c57aa"><testcase classname="tests.test_iter180_async_import_and_fm_prefill.TestAsyncImportJob" name="test_start_and_poll_to_done" time="23.153" /><testcase classname="tests.test_iter180_async_import_and_fm_prefill.TestAsyncImportErrors" name="test_get_nonexistent_job_returns_404" time="0.052" /><testcase classname="tests.test_iter180_async_import_and_fm_prefill.TestAsyncImportErrors" name="test_start_missing_upload_id_returns_400" time="0.050" /><testcase classname="tests.test_iter180_async_import_and_fm_prefill.TestAsyncImportErrors" name="test_start_nonexistent_decision_returns_404" time="0.055" /><testcase classname="tests.test_iter180_async_import_and_fm_prefill.TestSyncImportRegression" name="test_old_sync_endpoint_still_works" time="4.026" /><testcase classname="tests.test_iter180_async_import_and_fm_prefill.TestTemplatePrefill" name="test_blank_template_without_model_id" time="0.186" /><testcase classname="tests.test_iter180_async_import_and_fm_prefill.TestTemplatePrefill" name="test_template_with_model_id_prefills_assumption_values" time="0.180" /><testcase classname="tests.test_iter180_async_import_and_fm_prefill.TestFinModelImportsRegression" name="test_import_file_round_trip" time="0.170" /><testcase classname="tests.test_iter180_async_import_and_fm_prefill.TestFinModelImportsRegression" name="test_import_sheet_bad_url_returns_422" time="0.057" /></testsuite></testsuites>