<?xml version="1.0" encoding="utf-8"?><testsuites name="pytest tests"><testsuite name="pytest" errors="0" failures="0" skipped="1" tests="12" time="3.651" timestamp="2026-06-16T22:12:34.353314+00:00" hostname="agent-env-91687f34-e41f-4726-8257-7c3e251e2f8f"><testcase classname="backend.tests.test_iter126_collab_and_cb_parties.TestCBParties" name="test_a_create_session_default_parties" time="0.537" /><testcase classname="backend.tests.test_iter126_collab_and_cb_parties.TestCBParties" name="test_b_update_and_persist_parties" time="0.114" /><testcase classname="backend.tests.test_iter126_collab_and_cb_parties.TestCollabInvite" name="test_c_create_invite" time="1.288" /><testcase classname="backend.tests.test_iter126_collab_and_cb_parties.TestCollabInvite" name="test_d_get_invite_as_owner" time="0.061" /><testcase classname="backend.tests.test_iter126_collab_and_cb_parties.TestCollabInvite" name="test_e_submit_invite_as_owner" time="0.308" /><testcase classname="backend.tests.test_iter126_collab_and_cb_parties.TestCollabInvite" name="test_f_merge_invite" time="0.116" /><testcase classname="backend.tests.test_iter126_collab_and_cb_parties.TestCollabInvite" name="test_g_cancel_after_merge" time="0.058"><skipped type="pytest.xfail" message="G XFAIL — cancel after merge returned 200 (should be 409/403). Body: {&quot;ok&quot;:true}" /></testcase><testcase classname="backend.tests.test_iter126_collab_and_cb_parties.TestCollabAppointment" name="test_h_create_appointment" time="0.803" /><testcase classname="backend.tests.test_iter126_collab_and_cb_parties.TestCollabAppointment" name="test_i_list_appointments" time="0.060" /><testcase classname="backend.tests.test_iter126_collab_and_cb_parties.TestCollabAppointment" name="test_j_cancel_appointment" time="0.119" /><testcase classname="backend.tests.test_iter126_collab_and_cb_parties.TestCollabMisc" name="test_k_unknown_module" time="0.056" /><testcase classname="backend.tests.test_iter126_collab_and_cb_parties.TestCollabMisc" name="test_l_short_phone_validation" time="0.056" /></testsuite></testsuites>