<?xml version="1.0" encoding="utf-8"?><testsuites name="pytest tests"><testsuite name="pytest" errors="0" failures="0" skipped="0" tests="27" time="3.600" timestamp="2026-06-28T18:48:21.253225+00:00" hostname="agent-env-c7297c88-630f-4806-9251-18e9451c57aa"><testcase classname="backend.tests.test_iter176_lg_fileimport_sf.TestLifeGoalsMeta" name="test_meta_shape_and_subtype_order" time="0.441" /><testcase classname="backend.tests.test_iter176_lg_fileimport_sf.TestLifeGoalsTimeline" name="test_create_timeline_success" time="0.052" /><testcase classname="backend.tests.test_iter176_lg_fileimport_sf.TestLifeGoalsTimeline" name="test_timeline_requires_horizon" time="0.053" /><testcase classname="backend.tests.test_iter176_lg_fileimport_sf.TestLifeGoalsTimeline" name="test_timeline_bad_horizon" time="0.060" /><testcase classname="backend.tests.test_iter176_lg_fileimport_sf.TestLifeGoalsTimeline" name="test_timeline_requires_life_area" time="0.055" /><testcase classname="backend.tests.test_iter176_lg_fileimport_sf.TestLifeGoalsTimeline" name="test_timeline_requires_title" time="0.055" /><testcase classname="backend.tests.test_iter176_lg_fileimport_sf.TestLifeGoalsTree" name="test_create_l1_overall" time="0.052" /><testcase classname="backend.tests.test_iter176_lg_fileimport_sf.TestLifeGoalsTree" name="test_l1_with_parent_400" time="0.055" /><testcase classname="backend.tests.test_iter176_lg_fileimport_sf.TestLifeGoalsTree" name="test_l2_requires_parent_id" time="0.056" /><testcase classname="backend.tests.test_iter176_lg_fileimport_sf.TestLifeGoalsTree" name="test_l2_wrong_level_parent" time="0.051" /><testcase classname="backend.tests.test_iter176_lg_fileimport_sf.TestLifeGoalsTree" name="test_create_l2_l3_l4" time="0.164" /><testcase classname="backend.tests.test_iter176_lg_fileimport_sf.TestLifeGoalsTree" name="test_l5_requires_life_area" time="0.057" /><testcase classname="backend.tests.test_iter176_lg_fileimport_sf.TestLifeGoalsTree" name="test_create_l5_with_life_area" time="0.055" /><testcase classname="backend.tests.test_iter176_lg_fileimport_sf.TestLifeGoalsTree" name="test_l6_requires_sub_type" time="0.061" /><testcase classname="backend.tests.test_iter176_lg_fileimport_sf.TestLifeGoalsTree" name="test_l6_invalid_sub_type" time="0.060" /><testcase classname="backend.tests.test_iter176_lg_fileimport_sf.TestLifeGoalsTree" name="test_create_l6_with_sub_type" time="0.096" /><testcase classname="backend.tests.test_iter176_lg_fileimport_sf.TestLifeGoalsTree" name="test_create_l7" time="0.054" /><testcase classname="backend.tests.test_iter176_lg_fileimport_sf.TestLifeGoalsTree" name="test_list_filters" time="0.165" /><testcase classname="backend.tests.test_iter176_lg_fileimport_sf.TestLifeGoalsTree" name="test_get_tree" time="0.059" /><testcase classname="backend.tests.test_iter176_lg_fileimport_sf.TestLifeGoalsTree" name="test_put_update_title" time="0.056" /><testcase classname="backend.tests.test_iter176_lg_fileimport_sf.TestLifeGoalsTree" name="test_gem_goals_linkage" time="0.052" /><testcase classname="backend.tests.test_iter176_lg_fileimport_sf.TestLifeGoalsTree" name="test_delete_cascades_l1" time="0.112" /><testcase classname="backend.tests.test_iter176_lg_fileimport_sf.TestFileImport" name="test_success_small_csv" time="1.215" /><testcase classname="backend.tests.test_iter176_lg_fileimport_sf.TestFileImport" name="test_unsupported_extension_zip" time="0.060" /><testcase classname="backend.tests.test_iter176_lg_fileimport_sf.TestFileImport" name="test_empty_garbage_b64" time="0.059" /><testcase classname="backend.tests.test_iter176_lg_fileimport_sf.TestFileImport" name="test_tiny_text_under_20_chars" time="0.057" /><testcase classname="backend.tests.test_iter176_lg_fileimport_sf.TestSolutionFinderDecisionType" name="test_create_then_put_decision_type_persists" time="0.219" /></testsuite></testsuites>