<?xml version="1.0" encoding="utf-8"?><testsuites name="pytest tests"><testsuite name="pytest" errors="0" failures="0" skipped="0" tests="7" time="2.216" timestamp="2026-06-24T20:00:57.116777+00:00" hostname="agent-env-8c9065bf-bd61-4a78-ab3f-2a872a6293c8"><testcase classname="backend.tests.test_iter160_collab_acm_atex.TestACMSeed" name="test_acm_matrix_version_and_count" time="0.551" /><testcase classname="backend.tests.test_iter160_collab_acm_atex.TestACMSeed" name="test_collaboration_module_has_new_features" time="0.139" /><testcase classname="backend.tests.test_iter160_collab_acm_atex.TestACMSeed" name="test_feature_names_match_review" time="0.144" /><testcase classname="backend.tests.test_iter160_collab_acm_atex.TestMyAccess" name="test_my_access_returns_collab_flags_full" time="0.179" /><testcase classname="backend.tests.test_iter160_collab_acm_atex.TestATEXPickerSources" name="test_action_items_endpoint_returns_list" time="0.519" /><testcase classname="backend.tests.test_iter160_collab_acm_atex.TestATEXPickerSources" name="test_ctt_tasks_endpoint_reachable" time="0.504" /><testcase classname="backend.tests.test_iter160_collab_acm_atex.TestDashboardLayoutSmoke" name="test_dashboard_layout_shape" time="0.119" /></testsuite></testsuites>