<?xml version="1.0" encoding="utf-8"?><testsuites name="pytest tests"><testsuite name="pytest" errors="0" failures="0" skipped="0" tests="15" time="3.890" timestamp="2026-06-24T19:37:03.566941+00:00" hostname="agent-env-8c9065bf-bd61-4a78-ab3f-2a872a6293c8"><testcase classname="backend.tests.test_iter158_acm_dash_extensions.TestGetLayoutShape" name="test_get_returns_sections_and_tile_titles" time="0.811" /><testcase classname="backend.tests.test_iter158_acm_dash_extensions.TestPutTileTitles" name="test_put_tile_titles_persists_and_drops_blanks" time="0.533" /><testcase classname="backend.tests.test_iter158_acm_dash_extensions.TestPutTileTitles" name="test_put_tile_titles_syncs_acm_feature_names" time="0.692" /><testcase classname="backend.tests.test_iter158_acm_dash_extensions.TestResetClearsTileTitles" name="test_reset_returns_empty_tile_titles" time="0.501" /><testcase classname="backend.tests.test_iter158_acm_dash_extensions.TestACMSeed" name="test_total_features_is_145" time="0.126" /><testcase classname="backend.tests.test_iter158_acm_dash_extensions.TestACMSeed" name="test_dashboard_tiles_module_present" time="0.000" /><testcase classname="backend.tests.test_iter158_acm_dash_extensions.TestACMSeed" name="test_home_top_renamed_header" time="0.000" /><testcase classname="backend.tests.test_iter158_acm_dash_extensions.TestACMSeed" name="test_home_footer_section_added" time="0.000" /><testcase classname="backend.tests.test_iter158_acm_dash_extensions.TestACMSeed" name="test_orgs_values_parented_to_execute_track" time="0.000" /><testcase classname="backend.tests.test_iter158_acm_dash_extensions.TestACMSeed" name="test_notifications_analytics_parented_to_home_footer" time="0.000" /><testcase classname="backend.tests.test_iter158_acm_dash_extensions.TestMyAccessExposesNewFlags" name="test_my_access_includes_new_flags" time="0.137" /><testcase classname="backend.tests.test_iter158_acm_dash_extensions.TestMyAccessExposesNewFlags" name="test_my_access_includes_new_flags_for_normal_user" time="0.609" /><testcase classname="backend.tests.test_iter158_acm_dash_extensions.TestAdminProtection" name="test_non_admin_put_layout_403" time="0.151" /><testcase classname="backend.tests.test_iter158_acm_dash_extensions.TestAdminProtection" name="test_non_admin_reset_layout_403" time="0.110" /><testcase classname="backend.tests.test_iter158_acm_dash_extensions.TestAdminProtection" name="test_unauthed_put_layout_rejected" time="0.139" /></testsuite></testsuites>