<?xml version="1.0" encoding="utf-8"?><testsuites name="pytest tests"><testsuite name="pytest" errors="0" failures="1" skipped="0" tests="12" time="3.370" timestamp="2026-06-08T12:48:34.294863+00:00" hostname="agent-env-91687f34-e41f-4726-8257-7c3e251e2f8f"><testcase classname="backend.tests.test_iter88_embed_p4" name="test_partners_requires_admin" time="0.345" /><testcase classname="backend.tests.test_iter88_embed_p4" name="test_partners_list_admin" time="0.503" /><testcase classname="backend.tests.test_iter88_embed_p4" name="test_get_config_admin" time="0.145"><failure message="AssertionError: assert ('branding_mode' in {'_persisted': True, 'allowed_origins': ['pmsbazaar.com', 'www.pmsbazaar.com', 'localhost'], 'auth_mode': 'frictionless', 'branding_mode': 'white_label', ...} and 'render_mode' in {'_persisted': True, 'allowed_origins': ['pmsbazaar.com', 'www.pmsbazaar.com', 'localhost'], 'auth_mode': 'frictionless', 'branding_mode': 'white_label', ...})">backend/tests/test_iter88_embed_p4.py:59: in test_get_config_admin
    assert "branding_mode" in j and "render_mode" in j and "enabled_flows" in j
E   AssertionError: assert ('branding_mode' in {'_persisted': True, 'allowed_origins': ['pmsbazaar.com', 'www.pmsbazaar.com', 'localhost'], 'auth_mode': 'frictionless', 'branding_mode': 'white_label', ...} and 'render_mode' in {'_persisted': True, 'allowed_origins': ['pmsbazaar.com', 'www.pmsbazaar.com', 'localhost'], 'auth_mode': 'frictionless', 'branding_mode': 'white_label', ...})</failure></testcase><testcase classname="backend.tests.test_iter88_embed_p4" name="test_get_config_anon_401" time="0.151" /><testcase classname="backend.tests.test_iter88_embed_p4" name="test_analytics_admin" time="0.143" /><testcase classname="backend.tests.test_iter88_embed_p4" name="test_analytics_anon_unauth" time="0.114" /><testcase classname="backend.tests.test_iter88_embed_p4" name="test_analytics_non_admin_blocked" time="0.486" /><testcase classname="backend.tests.test_iter88_embed_p4" name="test_partners_non_admin_blocked" time="0.146" /><testcase classname="backend.tests.test_iter88_embed_p4" name="test_edit_save_per_finalist_persists" time="0.336" /><testcase classname="backend.tests.test_iter88_embed_p4" name="test_legal_gate_blocks_save" time="0.237" /><testcase classname="backend.tests.test_iter88_embed_p4" name="test_legal_gate_passes_with_acks" time="0.263" /><testcase classname="backend.tests.test_iter88_embed_p4" name="test_zzz_restore_demo_state" time="0.418" /></testsuite></testsuites>