<?xml version="1.0" encoding="utf-8"?><testsuites name="pytest tests"><testsuite name="pytest" errors="0" failures="0" skipped="0" tests="19" time="7.950" timestamp="2026-06-06T15:03:36.581531+00:00" hostname="agent-env-5465d40e-5c8f-4afc-a7fe-cd82d5e1607d"><testcase classname="backend.tests.test_iter64_ai_wallet.TestUserWallet" name="test_balance_autoseeds_and_shape" time="0.560" /><testcase classname="backend.tests.test_iter64_ai_wallet.TestUserWallet" name="test_ledger_has_seed_entry" time="0.241" /><testcase classname="backend.tests.test_iter64_ai_wallet.TestAdminConfig" name="test_super_admin_can_get_config" time="0.462" /><testcase classname="backend.tests.test_iter64_ai_wallet.TestAdminConfig" name="test_super_admin_can_update_config" time="0.231" /><testcase classname="backend.tests.test_iter64_ai_wallet.TestAdminConfig" name="test_config_rejects_negative" time="0.132" /><testcase classname="backend.tests.test_iter64_ai_wallet.TestAdminConfig" name="test_config_rejects_zero_tokens_per_credit" time="0.116" /><testcase classname="backend.tests.test_iter64_ai_wallet.TestAdminConfig" name="test_normal_user_blocked_from_config_get" time="0.147" /><testcase classname="backend.tests.test_iter64_ai_wallet.TestAdminConfig" name="test_normal_user_blocked_from_config_put" time="0.108" /><testcase classname="backend.tests.test_iter64_ai_wallet.TestAdminConfig" name="test_admin_blocked_from_config_put" time="0.473" /><testcase classname="backend.tests.test_iter64_ai_wallet.TestGrants" name="test_grant_add_mode" time="0.362" /><testcase classname="backend.tests.test_iter64_ai_wallet.TestGrants" name="test_grant_set_mode" time="0.233" /><testcase classname="backend.tests.test_iter64_ai_wallet.TestGrants" name="test_grant_unknown_email_404" time="0.113" /><testcase classname="backend.tests.test_iter64_ai_wallet.TestGrants" name="test_grant_invalid_credits_400" time="0.140" /><testcase classname="backend.tests.test_iter64_ai_wallet.TestGrants" name="test_normal_user_blocked_from_grant" time="0.122" /><testcase classname="backend.tests.test_iter64_ai_wallet.TestAdminUsersList" name="test_list_wallets" time="0.242" /><testcase classname="backend.tests.test_iter64_ai_wallet.TestAdminUsersList" name="test_normal_user_blocked_from_users_list" time="0.150" /><testcase classname="backend.tests.test_iter64_ai_wallet.TestAssess402" name="test_dezider_ai_assess_402_when_empty" time="0.476" /><testcase classname="backend.tests.test_iter64_ai_wallet.TestAssess402" name="test_pros_cons_ai_assess_402_when_empty" time="0.583" /><testcase classname="backend.tests.test_iter64_ai_wallet.TestAssess402" name="test_assess_succeeds_after_refill" time="2.978" /></testsuite></testsuites>