<?xml version="1.0" encoding="utf-8"?><testsuites name="pytest tests"><testsuite name="pytest" errors="0" failures="0" skipped="0" tests="10" time="0.842" timestamp="2026-06-02T19:42:51.319818+00:00" hostname="agent-env-5465d40e-5c8f-4afc-a7fe-cd82d5e1607d"><testcase classname="tests.test_iter35_admin_skip_payment_reports.TestAdminSkipPaymentON" name="test_aa_enable_toggle" time="0.326" /><testcase classname="tests.test_iter35_admin_skip_payment_reports.TestAdminSkipPaymentON" name="test_ab_pros_cons_info_unlocked_admin_skip" time="0.260" /><testcase classname="tests.test_iter35_admin_skip_payment_reports.TestAdminSkipPaymentON" name="test_ac_pros_cons_pdf_returns_200" time="0.021" /><testcase classname="tests.test_iter35_admin_skip_payment_reports.TestAdminSkipPaymentON" name="test_ad_dezider_info_unlocked_admin_skip" time="0.025" /><testcase classname="tests.test_iter35_admin_skip_payment_reports.TestAdminSkipPaymentON" name="test_ae_dezider_pdf_returns_200" time="0.018" /><testcase classname="tests.test_iter35_admin_skip_payment_reports.TestAdminSkipPaymentON" name="test_af_swot_info_unlocked_admin_skip" time="0.023" /><testcase classname="tests.test_iter35_admin_skip_payment_reports.TestAdminSkipPaymentON" name="test_ag_swot_pdf_returns_200" time="0.018" /><testcase classname="tests.test_iter35_admin_skip_payment_reports.TestAdminSkipPaymentOFFNegative" name="test_ba_disable_toggle" time="0.015" /><testcase classname="tests.test_iter35_admin_skip_payment_reports.TestAdminSkipPaymentOFFNegative" name="test_bb_new_pros_cons_pdf_returns_402_when_off" time="0.034" /><testcase classname="tests.test_iter35_admin_skip_payment_reports.TestProsConsCollectionRegression" name="test_owner_info_resolves_no_404" time="0.039" /></testsuite></testsuites>