<?xml version="1.0" encoding="utf-8"?><testsuites name="pytest tests"><testsuite name="pytest" errors="0" failures="0" skipped="0" tests="8" time="2.282" timestamp="2026-06-04T22:28:27.598439+00:00" hostname="agent-env-5465d40e-5c8f-4afc-a7fe-cd82d5e1607d"><testcase classname="backend.tests.test_iter57_sku_solution_mapping.TestSkuMappingUpdate" name="test_admin_can_set_linked_sku_codes" time="0.889" /><testcase classname="backend.tests.test_iter57_sku_solution_mapping.TestSkuMappingUpdate" name="test_non_owner_user_cannot_update" time="0.523" /><testcase classname="backend.tests.test_iter57_sku_solution_mapping.TestLockEnrichment" name="test_regular_user_sees_locked" time="0.085" /><testcase classname="backend.tests.test_iter57_sku_solution_mapping.TestLockEnrichment" name="test_detail_lock_fields_for_user" time="0.054" /><testcase classname="backend.tests.test_iter57_sku_solution_mapping.TestApplyToOptionGating" name="test_user_blocked_when_locked" time="0.056" /><testcase classname="backend.tests.test_iter57_sku_solution_mapping.TestApplyToOptionGating" name="test_admin_bypasses_lock" time="0.063" /><testcase classname="backend.tests.test_iter57_sku_solution_mapping.TestApplyToOptionGating" name="test_clearing_mapping_unlocks_for_everyone" time="0.213" /><testcase classname="backend.tests.test_iter57_sku_solution_mapping.TestOwnerBypass" name="test_owner_bypass" time="0.327" /></testsuite></testsuites>