<?xml version="1.0" encoding="utf-8"?><testsuites name="pytest tests"><testsuite name="pytest" errors="0" failures="0" skipped="0" tests="20" time="9.423" timestamp="2026-06-04T20:59:45.746150+00:00" hostname="agent-env-5465d40e-5c8f-4afc-a7fe-cd82d5e1607d"><testcase classname="backend.tests.test_iter53_admin_quota_editor.TestPermission" name="test_super_admin_can_edit" time="0.526" /><testcase classname="backend.tests.test_iter53_admin_quota_editor.TestPermission" name="test_admin_initially_cannot" time="0.601" /><testcase classname="backend.tests.test_iter53_admin_quota_editor.TestPermission" name="test_user_cannot" time="0.517" /><testcase classname="backend.tests.test_iter53_admin_quota_editor.TestGrant" name="test_admin_cannot_grant" time="0.116" /><testcase classname="backend.tests.test_iter53_admin_quota_editor.TestGrant" name="test_super_can_grant" time="0.255" /><testcase classname="backend.tests.test_iter53_admin_quota_editor.TestGrant" name="test_grant_404_unknown" time="0.122" /><testcase classname="backend.tests.test_iter53_admin_quota_editor.TestLookup" name="test_lookup_happy" time="0.146" /><testcase classname="backend.tests.test_iter53_admin_quota_editor.TestLookup" name="test_lookup_mismatched_mobile" time="0.127" /><testcase classname="backend.tests.test_iter53_admin_quota_editor.TestLookup" name="test_lookup_email_not_found" time="0.255" /><testcase classname="backend.tests.test_iter53_admin_quota_editor.TestLookup" name="test_lookup_blocked_for_user" time="0.120" /><testcase classname="backend.tests.test_iter53_admin_quota_editor.TestOtp" name="test_request_otp" time="0.824" /><testcase classname="backend.tests.test_iter53_admin_quota_editor.TestOtp" name="test_request_otp_blocked_for_user" time="0.129" /><testcase classname="backend.tests.test_iter53_admin_quota_editor.TestApply" name="test_apply_negative_new_left" time="0.122" /><testcase classname="backend.tests.test_iter53_admin_quota_editor.TestApply" name="test_apply_without_otp_request" time="0.163" /><testcase classname="backend.tests.test_iter53_admin_quota_editor.TestApply" name="test_apply_wrong_otp" time="0.951" /><testcase classname="backend.tests.test_iter53_admin_quota_editor.TestApply" name="test_apply_as_user_forbidden" time="0.116" /><testcase classname="backend.tests.test_iter53_admin_quota_editor.TestApply" name="test_apply_happy" time="1.887" /><testcase classname="backend.tests.test_iter53_admin_quota_editor.TestApply" name="test_apply_persisted_via_relookup" time="0.181" /><testcase classname="backend.tests.test_iter53_admin_quota_editor.TestApply" name="test_audit_log_has_entry" time="0.135" /><testcase classname="backend.tests.test_iter53_admin_quota_editor.TestConsumeOnClone" name="test_clone_consumes_entitlement" time="2.067" /></testsuite></testsuites>