<?xml version="1.0" encoding="utf-8"?><testsuites name="pytest tests"><testsuite name="pytest" errors="0" failures="0" skipped="0" tests="5" time="4.817" timestamp="2026-06-01T21:41:20.539131+00:00" hostname="agent-env-5465d40e-5c8f-4afc-a7fe-cd82d5e1607d"><testcase classname="backend.tests.test_iter32_factor_values.TestResponseContract" name="test_auth_required" time="0.297" /><testcase classname="backend.tests.test_iter32_factor_values.TestResponseContract" name="test_404_unknown_decision" time="0.585" /><testcase classname="backend.tests.test_iter32_factor_values.TestResponseContract" name="test_200_shape" time="2.108" /><testcase classname="backend.tests.test_iter32_factor_values.TestFactorValuesFromStore" name="test_store_option_carries_factor_values" time="0.940" /><testcase classname="backend.tests.test_iter32_factor_values.TestFactorNameMatching" name="test_case_insensitive_match" time="0.825" /></testsuite></testsuites>