<?xml version="1.0" encoding="utf-8"?><testsuites name="pytest tests"><testsuite name="pytest" errors="0" failures="0" skipped="0" tests="5" time="0.682" timestamp="2026-06-22T20:10:19.889204+00:00" hostname="agent-env-8c9065bf-bd61-4a78-ab3f-2a872a6293c8"><testcase classname="tests.test_iter141_dismiss_edges" name="test_budget_estimate_no_500_with_zero" time="0.586" /><testcase classname="tests.test_iter141_dismiss_edges" name="test_dismiss_flips_pending_false" time="0.020" /><testcase classname="tests.test_iter141_dismiss_edges" name="test_dismiss_404_for_unknown" time="0.008" /><testcase classname="tests.test_iter141_dismiss_edges" name="test_dismiss_requires_auth" time="0.008" /><testcase classname="tests.test_iter141_dismiss_edges" name="test_dismiss_idempotent" time="0.008" /></testsuite></testsuites>