<?xml version="1.0" encoding="utf-8"?><testsuites name="pytest tests"><testsuite name="pytest" errors="0" failures="0" skipped="0" tests="11" time="0.727" timestamp="2026-06-08T14:56:58.840078+00:00" hostname="agent-env-91687f34-e41f-4726-8257-7c3e251e2f8f"><testcase classname="backend.tests.test_iter91_url_analyse_screener.TestUrlAnalyzeConsentGate" name="test_accepted_false_returns_400" time="0.264" /><testcase classname="backend.tests.test_iter91_url_analyse_screener.TestUrlAnalyzeConsentGate" name="test_invalid_eligibility_returns_400" time="0.006" /><testcase classname="backend.tests.test_iter91_url_analyse_screener.TestUrlAnalyzeConsentGate" name="test_custom_without_note_returns_400" time="0.006" /><testcase classname="backend.tests.test_iter91_url_analyse_screener.TestUrlAnalyzeMyDezider" name="test_create_mydezider_from_url" time="0.048" /><testcase classname="backend.tests.test_iter91_url_analyse_screener.TestUrlAnalyzeMyDezider" name="test_get_created_mydezider_has_assessments" time="0.007" /><testcase classname="backend.tests.test_iter91_url_analyse_screener.TestUrlAnalyzeProsCons" name="test_create_pros_cons_from_url" time="0.033" /><testcase classname="backend.tests.test_iter91_url_analyse_screener.TestUrlAnalyzeProsCons" name="test_get_pros_cons_current_step_7" time="0.008" /><testcase classname="backend.tests.test_iter91_url_analyse_screener.TestScreenerConverters" name="test_create_screener_run" time="0.242" /><testcase classname="backend.tests.test_iter91_url_analyse_screener.TestScreenerConverters" name="test_to_decision" time="0.015" /><testcase classname="backend.tests.test_iter91_url_analyse_screener.TestScreenerConverters" name="test_to_pros_cons" time="0.013" /><testcase classname="backend.tests.test_iter91_url_analyse_screener.TestPhaseDDemoHost" name="test_demo_host_screener_flow" time="0.006" /></testsuite></testsuites>