<?xml version="1.0" encoding="utf-8"?><testsuites name="pytest tests"><testsuite name="pytest" errors="0" failures="0" skipped="1" tests="5" time="0.419" timestamp="2026-06-14T23:14:51.635838+00:00" hostname="agent-env-91687f34-e41f-4726-8257-7c3e251e2f8f"><testcase classname="tests.test_acm_eg_dash_tiles_iter124" name="test_my_access_includes_new_dash_outlet_analyzer" time="0.276" /><testcase classname="tests.test_acm_eg_dash_tiles_iter124" name="test_my_access_includes_new_dash_aim_manager" time="0.016" /><testcase classname="tests.test_acm_eg_dash_tiles_iter124" name="test_dash_features_count_includes_two_new" time="0.015" /><testcase classname="tests.test_acm_eg_dash_tiles_iter124" name="test_lock_unlock_dash_outlet_analyzer" time="0.050" /><testcase classname="tests.test_acm_eg_dash_tiles_iter124" name="test_acm_seed_version" time="0.007"><skipped type="pytest.skip" message="/api/acm/status not available (status=404); seed version cannot be asserted via API">/app/backend/tests/test_acm_eg_dash_tiles_iter124.py:125: /api/acm/status not available (status=404); seed version cannot be asserted via API</skipped></testcase></testsuite></testsuites>