<?xml version="1.0" encoding="utf-8"?><testsuites name="pytest tests"><testsuite name="pytest" errors="0" failures="0" skipped="0" tests="13" time="1.543" timestamp="2026-07-18T11:37:23.118364+00:00" hostname="agent-env-c7297c88-630f-4806-9251-18e9451c57aa"><testcase classname="backend.tests.test_decider_bridge_iter190.TestStrategyType" name="test_create_strategy_solution" time="0.435" /><testcase classname="backend.tests.test_decider_bridge_iter190.TestStrategyType" name="test_get_strategy_persisted" time="0.089" /><testcase classname="backend.tests.test_decider_bridge_iter190.TestStrategyType" name="test_cleanup_strategy" time="0.046" /><testcase classname="backend.tests.test_decider_bridge_iter190.TestBridge" name="test_push_to_stores" time="0.112" /><testcase classname="backend.tests.test_decider_bridge_iter190.TestBridge" name="test_option_carries_linked_solution_id" time="0.054" /><testcase classname="backend.tests.test_decider_bridge_iter190.TestBridge" name="test_linked_solution_is_strategy_with_decider_ref" time="0.045" /><testcase classname="backend.tests.test_decider_bridge_iter190.TestBridge" name="test_reviewnet_baseline_created" time="0.046" /><testcase classname="backend.tests.test_decider_bridge_iter190.TestBridge" name="test_sync_from_stores" time="0.079" /><testcase classname="backend.tests.test_decider_bridge_iter190.TestBridge" name="test_from_solutions_build_template" time="0.134" /><testcase classname="backend.tests.test_decider_bridge_iter190.TestBridge" name="test_push_requires_admin" time="0.095" /><testcase classname="backend.tests.test_decider_bridge_iter190.TestBridge" name="test_sync_requires_admin" time="0.096" /><testcase classname="backend.tests.test_decider_bridge_iter190.TestBridge" name="test_from_solutions_requires_admin" time="0.097" /><testcase classname="backend.tests.test_decider_bridge_iter190.TestAutoPush" name="test_auto_push_on_authorize" time="0.138" /></testsuite></testsuites>