<?xml version="1.0" encoding="utf-8"?><testsuites name="pytest tests"><testsuite name="pytest" errors="0" failures="0" skipped="0" tests="17" time="2.406" timestamp="2026-07-18T19:40:23.909369+00:00" hostname="agent-env-c7297c88-630f-4806-9251-18e9451c57aa"><testcase classname="backend.tests.test_iter192_finder_and_landing.TestCloneHierarchy" name="test_clone_full_hierarchy" time="0.633" /><testcase classname="backend.tests.test_iter192_finder_and_landing.TestCloneHierarchy" name="test_clone_values_only_no_classification" time="0.120" /><testcase classname="backend.tests.test_iter192_finder_and_landing.TestFinder" name="test_finder_config" time="0.073" /><testcase classname="backend.tests.test_iter192_finder_and_landing.TestFinder" name="test_finder_run_deterministic_default" time="0.059" /><testcase classname="backend.tests.test_iter192_finder_and_landing.TestFinder" name="test_finder_run_body_override" time="0.059" /><testcase classname="backend.tests.test_iter192_finder_and_landing.TestFinder" name="test_finder_run_funnel_with_mandatory" time="0.176" /><testcase classname="backend.tests.test_iter192_finder_and_landing.TestAdminFinderDefaults" name="test_admin_config_reflect_in_finder" time="0.281" /><testcase classname="backend.tests.test_iter192_finder_and_landing.TestAdminFinderDefaults" name="test_restore_admin_defaults" time="0.054" /><testcase classname="backend.tests.test_iter192_finder_and_landing.TestStorefrontKind" name="test_list_kind_app_includes_bmp" time="0.053" /><testcase classname="backend.tests.test_iter192_finder_and_landing.TestStorefrontKind" name="test_list_kind_template_excludes_bmp" time="0.053" /><testcase classname="backend.tests.test_iter192_finder_and_landing.TestStorefrontKind" name="test_admin_kind_toggle" time="0.281" /><testcase classname="backend.tests.test_iter192_finder_and_landing.TestLanding" name="test_public_landing_defaults" time="0.054" /><testcase classname="backend.tests.test_iter192_finder_and_landing.TestLanding" name="test_admin_landing_update" time="0.063" /><testcase classname="backend.tests.test_iter192_finder_and_landing.TestLanding" name="test_landing_html_contains_cta" time="0.053" /><testcase classname="backend.tests.test_iter192_finder_and_landing.TestLanding" name="test_restore_landing" time="0.048" /><testcase classname="backend.tests.test_iter192_finder_and_landing.TestLanding" name="test_landing_public_no_auth" time="0.142" /><testcase classname="backend.tests.test_iter192_finder_and_landing.TestLanding" name="test_landing_update_requires_admin" time="0.107" /></testsuite></testsuites>