<?xml version="1.0" encoding="utf-8"?><testsuites name="pytest tests"><testsuite name="pytest" errors="0" failures="0" skipped="0" tests="2" time="18.235" timestamp="2026-06-11T11:49:43.585899+00:00" hostname="agent-env-91687f34-e41f-4726-8257-7c3e251e2f8f"><testcase classname="tests.test_ai_assess_all_batched_e2e" name="test_ai_assess_all_batched_fills_every_cell" time="18.028" /><testcase classname="tests.test_ai_assess_all_batched_e2e" name="test_assessments_persisted_after_batched_run" time="0.152" /></testsuite></testsuites>