<?xml version="1.0" encoding="utf-8"?><testsuites name="pytest tests"><testsuite name="pytest" errors="0" failures="0" skipped="0" tests="16" time="5.259" timestamp="2026-06-17T01:49:48.132532+00:00" hostname="agent-env-91687f34-e41f-4726-8257-7c3e251e2f8f"><testcase classname="backend.tests.test_iter129_deferred_and_hardening.TestContactsProfessionalRoles" name="test_create_with_explicit_primary" time="0.996" /><testcase classname="backend.tests.test_iter129_deferred_and_hardening.TestContactsProfessionalRoles" name="test_create_no_primary_auto_first" time="0.263" /><testcase classname="backend.tests.test_iter129_deferred_and_hardening.TestContactsProfessionalRoles" name="test_put_updates_professional_roles_array" time="0.360" /><testcase classname="backend.tests.test_iter129_deferred_and_hardening.TestSolutionFinderValues" name="test_create_persists_values_arrays" time="0.299" /><testcase classname="backend.tests.test_iter129_deferred_and_hardening.TestReferralConfigGate" name="test_admin_role_now_blocked" time="0.457" /><testcase classname="backend.tests.test_iter129_deferred_and_hardening.TestReferralConfigGate" name="test_super_admin_allowed" time="0.476" /><testcase classname="backend.tests.test_iter129_deferred_and_hardening.TestSevenSevenAssess" name="test_unknown_division_code_400" time="0.255" /><testcase classname="backend.tests.test_iter129_deferred_and_hardening.TestSevenSevenAssess" name="test_unknown_driver_code_400" time="0.268" /><testcase classname="backend.tests.test_iter129_deferred_and_hardening.TestSevenSevenAssess" name="test_unknown_scale_code_400" time="0.356" /><testcase classname="backend.tests.test_iter129_deferred_and_hardening.TestSevenSevenAssess" name="test_valid_masters_200" time="0.476" /><testcase classname="backend.tests.test_iter129_deferred_and_hardening.TestSixLegsConvertDatetime" name="test_convert_returns_iso_strings" time="0.332" /><testcase classname="backend.tests.test_iter129_deferred_and_hardening.TestReferralCreditAuth" name="test_non_admin_no_hmac_403" time="0.116" /><testcase classname="backend.tests.test_iter129_deferred_and_hardening.TestReferralCreditAuth" name="test_super_admin_succeeds" time="0.156" /><testcase classname="backend.tests.test_iter129_deferred_and_hardening.TestActionItemsNewSources" name="test_solution_finder_source_accepted" time="0.107" /><testcase classname="backend.tests.test_iter129_deferred_and_hardening.TestActionItemsNewSources" name="test_instant_dezider_source_accepted" time="0.112" /><testcase classname="backend.tests.test_iter129_deferred_and_hardening.TestActionItemsNewSources" name="test_garbage_source_rejected" time="0.144" /></testsuite></testsuites>