<?xml version="1.0" encoding="utf-8"?><testsuites name="pytest tests"><testsuite name="pytest" errors="0" failures="0" skipped="0" tests="14" time="8.797" timestamp="2026-06-29T14:26:50.167616+00:00" hostname="agent-env-c7297c88-630f-4806-9251-18e9451c57aa"><testcase classname="backend.tests.test_iter178_chunked_upload_and_fm_exports.TestChunkedUploads" name="test_init_returns_upload_id" time="0.601" /><testcase classname="backend.tests.test_iter178_chunked_upload_and_fm_exports.TestChunkedUploads" name="test_chunk_returns_received_bytes" time="0.104" /><testcase classname="backend.tests.test_iter178_chunked_upload_and_fm_exports.TestChunkedUploads" name="test_chunk_with_bad_upload_id_404" time="0.090" /><testcase classname="backend.tests.test_iter178_chunked_upload_and_fm_exports.TestChunkedUploads" name="test_large_payload_no_413" time="0.351" /><testcase classname="backend.tests.test_iter178_chunked_upload_and_fm_exports.TestFileImportChunked" name="test_csv_import_via_chunked_upload" time="3.152" /><testcase classname="backend.tests.test_iter178_chunked_upload_and_fm_exports.TestFileImportChunked" name="test_unknown_upload_id_404" time="0.051" /><testcase classname="backend.tests.test_iter178_chunked_upload_and_fm_exports.TestFinancialModelRegression" name="test_meta" time="0.053" /><testcase classname="backend.tests.test_iter178_chunked_upload_and_fm_exports.TestFinancialModelRegression" name="test_compute" time="0.101" /><testcase classname="backend.tests.test_iter178_chunked_upload_and_fm_exports.TestFinancialModelExports" name="test_export_endpoint[investor-pdf-application/pdf]" time="0.224" /><testcase classname="backend.tests.test_iter178_chunked_upload_and_fm_exports.TestFinancialModelExports" name="test_export_endpoint[investor-xlsx-spreadsheetml.sheet]" time="0.082" /><testcase classname="backend.tests.test_iter178_chunked_upload_and_fm_exports.TestFinancialModelExports" name="test_export_endpoint[cma-pdf-application/pdf]" time="0.067" /><testcase classname="backend.tests.test_iter178_chunked_upload_and_fm_exports.TestFinancialModelExports" name="test_export_endpoint[cma-xlsx-spreadsheetml.sheet]" time="0.089" /><testcase classname="backend.tests.test_iter178_chunked_upload_and_fm_exports.TestFinancialModelExports" name="test_export_unknown_model_404" time="0.053" /><testcase classname="backend.tests.test_iter178_chunked_upload_and_fm_exports.TestFinSeedFromFile" name="test_seed_via_chunked_upload" time="3.640" /></testsuite></testsuites>