<?xml version="1.0" encoding="utf-8"?><testsuites name="pytest tests"><testsuite name="pytest" errors="0" failures="0" skipped="0" tests="11" time="0.849" timestamp="2026-06-14T19:12:40.103270+00:00" hostname="agent-env-91687f34-e41f-4726-8257-7c3e251e2f8f"><testcase classname="tests.test_aim_action_items_import.TestAimImportFull" name="test_import_first_call_creates_items" time="0.316" /><testcase classname="tests.test_aim_action_items_import.TestAimImportFull" name="test_grouping_and_priorities" time="0.000" /><testcase classname="tests.test_aim_action_items_import.TestAimImportFull" name="test_idempotent_second_import" time="0.012" /><testcase classname="tests.test_aim_action_items_import.TestAimImportFull" name="test_list_filtered_by_aim_source" time="0.009" /><testcase classname="tests.test_aim_action_items_import.TestAimImportFull" name="test_port_one_time_to_ctt" time="0.024" /><testcase classname="tests.test_aim_action_items_import.TestAimImportFull" name="test_port_recurring_to_lifestyle" time="0.016" /><testcase classname="tests.test_aim_action_items_import.TestAimImportEdges" name="test_no_aim_no_commitments_returns_zero" time="0.015" /><testcase classname="tests.test_aim_action_items_import.TestAimImportEdges" name="test_only_irritation_no_addictions" time="0.022" /><testcase classname="tests.test_aim_action_items_import.TestAimImportEdges" name="test_addiction_without_corrective_only_creates_routine" time="0.021" /><testcase classname="tests.test_aim_action_items_import.TestAimImportEdges" name="test_permission_boundary_other_user_404" time="0.332" /><testcase classname="tests.test_aim_action_items_import.TestAimImportEdges" name="test_unknown_session_returns_404" time="0.007" /></testsuite></testsuites>