<?xml version="1.0" encoding="utf-8"?><testsuites name="pytest tests"><testsuite name="pytest" errors="0" failures="0" skipped="0" tests="13" time="1.350" timestamp="2026-06-28T20:49:30.746726+00:00" hostname="agent-env-c7297c88-630f-4806-9251-18e9451c57aa"><testcase classname="tests.test_iter177_financial_model.TestMeta" name="test_meta_shape" time="0.554" /><testcase classname="tests.test_iter177_financial_model.TestMeta" name="test_units_default_absolute" time="0.000" /><testcase classname="tests.test_iter177_financial_model.TestMeta" name="test_currencies_includes_inr_and_usd" time="0.000" /><testcase classname="tests.test_iter177_financial_model.TestMeta" name="test_historical_stages_order" time="0.000" /><testcase classname="tests.test_iter177_financial_model.TestMeta" name="test_max_projection_years" time="0.000" /><testcase classname="tests.test_iter177_financial_model.TestCompute" name="test_compute_with_defaults_balances_and_valuation" time="0.053" /><testcase classname="tests.test_iter177_financial_model.TestCompute" name="test_compute_growth_only" time="0.054" /><testcase classname="tests.test_iter177_financial_model.TestCRUD" name="test_create_model_persists_with_computed" time="0.124" /><testcase classname="tests.test_iter177_financial_model.TestCRUD" name="test_create_with_fake_user_org_returns_404" time="0.060" /><testcase classname="tests.test_iter177_financial_model.TestCRUD" name="test_list_includes_created_model" time="0.053" /><testcase classname="tests.test_iter177_financial_model.TestCRUD" name="test_get_model_returns_model_plus_computed" time="0.056" /><testcase classname="tests.test_iter177_financial_model.TestCRUD" name="test_put_recomputes" time="0.158" /><testcase classname="tests.test_iter177_financial_model.TestCRUD" name="test_delete_then_get_404" time="0.160" /></testsuite></testsuites>