<?xml version="1.0" encoding="utf-8"?><testsuites name="pytest tests"><testsuite name="pytest" errors="0" failures="0" skipped="0" tests="13" time="4.233" timestamp="2026-06-04T19:11:19.000597+00:00" hostname="agent-env-5465d40e-5c8f-4afc-a7fe-cd82d5e1607d"><testcase classname="backend.tests.test_catalog_explorer.TestMeta" name="test_meta_super" time="0.743" /><testcase classname="backend.tests.test_catalog_explorer.TestMeta" name="test_meta_admin" time="0.500" /><testcase classname="backend.tests.test_catalog_explorer.TestMeta" name="test_meta_user_forbidden" time="0.458" /><testcase classname="backend.tests.test_catalog_explorer.TestChildren" name="test_root_life_areas" time="0.116" /><testcase classname="backend.tests.test_catalog_explorer.TestChildren" name="test_subarea_returns_orgtypes" time="0.323" /><testcase classname="backend.tests.test_catalog_explorer.TestChildren" name="test_orgtype_returns_pnrag" time="0.139" /><testcase classname="backend.tests.test_catalog_explorer.TestRoleGates" name="test_admin_cannot_create_scenario" time="0.119" /><testcase classname="backend.tests.test_catalog_explorer.TestRoleGates" name="test_admin_cannot_create_decision_template" time="0.116" /><testcase classname="backend.tests.test_catalog_explorer.TestRoleGates" name="test_admin_cannot_create_solution_template" time="0.110" /><testcase classname="backend.tests.test_catalog_explorer.TestRoleGates" name="test_user_blocked_on_seed" time="0.117" /><testcase classname="backend.tests.test_catalog_explorer.TestScenarioLifecycle" name="test_full_lifecycle" time="1.122" /><testcase classname="backend.tests.test_catalog_explorer.TestSeed" name="test_seed_as_super_admin" time="0.162" /><testcase classname="backend.tests.test_catalog_explorer.TestSeed" name="test_seed_as_admin_forbidden" time="0.126" /></testsuite></testsuites>