<?xml version="1.0" encoding="utf-8"?><testsuites name="pytest tests"><testsuite name="pytest" errors="0" failures="0" skipped="0" tests="9" time="2.358" timestamp="2026-06-12T16:19:53.178070+00:00" hostname="agent-env-91687f34-e41f-4726-8257-7c3e251e2f8f"><testcase classname="backend.tests.test_iter106_org_types_master.TestOrgTypesList" name="test_list_public" time="0.680" /><testcase classname="backend.tests.test_iter106_org_types_master.TestAdminOrgTypesCRUD" name="test_create_custom" time="0.137" /><testcase classname="backend.tests.test_iter106_org_types_master.TestAdminOrgTypesCRUD" name="test_list_admin_includes_custom" time="0.121" /><testcase classname="backend.tests.test_iter106_org_types_master.TestAdminOrgTypesCRUD" name="test_update_custom" time="0.108" /><testcase classname="backend.tests.test_iter106_org_types_master.TestAdminOrgTypesCRUD" name="test_delete_custom_hard" time="0.318" /><testcase classname="backend.tests.test_iter106_org_types_master.TestAdminOrgTypesCRUD" name="test_delete_system_soft_disables" time="0.590" /><testcase classname="backend.tests.test_iter106_org_types_master.TestDecisionFamilyContext" name="test_create_decision_family" time="0.115" /><testcase classname="backend.tests.test_iter106_org_types_master.TestDecisionFamilyContext" name="test_create_decision_bogus_org_type_rejected" time="0.107" /><testcase classname="backend.tests.test_iter106_org_types_master.TestUrlImportProgress" name="test_progress_default_response" time="0.113" /></testsuite></testsuites>