<?xml version="1.0" encoding="utf-8"?><testsuites name="pytest tests"><testsuite name="pytest" errors="0" failures="0" skipped="0" tests="9" time="1.587" timestamp="2026-08-05T09:49:37.814117+00:00" hostname="agent-env-c7297c88-630f-4806-9251-18e9451c57aa"><testcase classname="backend.tests.test_iter202_templates_phase1.TestB1PublicSaveGate" name="test_public_save_rejected_when_not_completed" time="0.599" /><testcase classname="backend.tests.test_iter202_templates_phase1.TestB1PublicSaveGate" name="test_public_save_persists_lead_gen_and_policies" time="0.254" /><testcase classname="backend.tests.test_iter202_templates_phase1.TestB2PrivateSaveNoGate" name="test_private_save_from_draft_succeeds" time="0.121" /><testcase classname="backend.tests.test_iter202_templates_phase1.TestB3ListBuckets" name="test_own_public_appears_in_mine_and_public" time="0.066" /><testcase classname="backend.tests.test_iter202_templates_phase1.TestB3ListBuckets" name="test_founder_pack_visible_in_public" time="0.065" /><testcase classname="backend.tests.test_iter202_templates_phase1.TestB4PatchVisibilityUpgrade" name="test_upgrade_to_public_without_leadgen_rejected" time="0.054" /><testcase classname="backend.tests.test_iter202_templates_phase1.TestB4PatchVisibilityUpgrade" name="test_upgrade_to_public_with_leadgen_succeeds" time="0.124" /><testcase classname="backend.tests.test_iter202_templates_phase1.TestB5PatchFactors" name="test_patch_factors_replaces_and_mirror_refreshes" time="0.121" /><testcase classname="backend.tests.test_iter202_templates_phase1" name="test_zzz_cleanup" time="0.112" /></testsuite></testsuites>