<?xml version="1.0" encoding="utf-8"?><testsuites name="pytest tests"><testsuite name="pytest" errors="0" failures="0" skipped="0" tests="21" time="2.069" timestamp="2026-06-03T09:02:10.236875+00:00" hostname="agent-env-5465d40e-5c8f-4afc-a7fe-cd82d5e1607d"><testcase classname="backend.tests.test_iter36_phase6_reports_shares_solutionbox_mpps.TestReportsAllModules" name="test_aa_enable_skip_payment" time="0.302" /><testcase classname="backend.tests.test_iter36_phase6_reports_shares_solutionbox_mpps.TestReportsAllModules" name="test_ab_info_unlocked[dezider]" time="0.365" /><testcase classname="backend.tests.test_iter36_phase6_reports_shares_solutionbox_mpps.TestReportsAllModules" name="test_ab_info_unlocked[pros_cons]" time="0.009" /><testcase classname="backend.tests.test_iter36_phase6_reports_shares_solutionbox_mpps.TestReportsAllModules" name="test_ab_info_unlocked[swot]" time="0.010" /><testcase classname="backend.tests.test_iter36_phase6_reports_shares_solutionbox_mpps.TestReportsAllModules" name="test_ab_info_unlocked[solution_finder]" time="0.008" /><testcase classname="backend.tests.test_iter36_phase6_reports_shares_solutionbox_mpps.TestReportsAllModules" name="test_ac_pdf_200[dezider]" time="0.026" /><testcase classname="backend.tests.test_iter36_phase6_reports_shares_solutionbox_mpps.TestReportsAllModules" name="test_ac_pdf_200[pros_cons]" time="0.030" /><testcase classname="backend.tests.test_iter36_phase6_reports_shares_solutionbox_mpps.TestReportsAllModules" name="test_ac_pdf_200[swot]" time="0.027" /><testcase classname="backend.tests.test_iter36_phase6_reports_shares_solutionbox_mpps.TestReportsAllModules" name="test_ac_pdf_200[solution_finder]" time="0.025" /><testcase classname="backend.tests.test_iter36_phase6_reports_shares_solutionbox_mpps.TestSolutionBox" name="test_aa_list_includes_intake_fields_and_solution_finder" time="0.014" /><testcase classname="backend.tests.test_iter36_phase6_reports_shares_solutionbox_mpps.TestSolutionBox" name="test_ab_counts_includes_solution_finder" time="0.011" /><testcase classname="backend.tests.test_iter36_phase6_reports_shares_solutionbox_mpps.TestSolutionBox" name="test_ac_filter_by_solution_finder" time="0.011" /><testcase classname="backend.tests.test_iter36_phase6_reports_shares_solutionbox_mpps.TestDecisionsMppsByOption" name="test_aa_create_and_update_mpps_by_option" time="0.041" /><testcase classname="backend.tests.test_iter36_phase6_reports_shares_solutionbox_mpps.TestSharesCreate" name="test_aa_happy_path_returns_token_and_sent" time="0.313" /><testcase classname="backend.tests.test_iter36_phase6_reports_shares_solutionbox_mpps.TestSharesCreate" name="test_ab_unowned_decision_returns_404" time="0.244" /><testcase classname="backend.tests.test_iter36_phase6_reports_shares_solutionbox_mpps.TestSharesCreate" name="test_ac_missing_recipient_email_for_email_channel_returns_400" time="0.009" /><testcase classname="backend.tests.test_iter36_phase6_reports_shares_solutionbox_mpps.TestSharesRecipientFlow" name="test_aa_disable_skip_payment_for_free_share_path" time="0.010" /><testcase classname="backend.tests.test_iter36_phase6_reports_shares_solutionbox_mpps.TestSharesRecipientFlow" name="test_ab_recipient_sees_share_in_shared_with_me" time="0.197" /><testcase classname="backend.tests.test_iter36_phase6_reports_shares_solutionbox_mpps.TestSharesRecipientFlow" name="test_ac_accept_share_returns_ok" time="0.008" /><testcase classname="backend.tests.test_iter36_phase6_reports_shares_solutionbox_mpps.TestSharesRecipientFlow" name="test_ad_recipient_downloads_pdf_free" time="0.014" /><testcase classname="backend.tests.test_iter36_phase6_reports_shares_solutionbox_mpps.TestSharesRecipientFlow" name="test_ae_third_user_forbidden" time="0.301" /></testsuite></testsuites>