<?xml version="1.0" encoding="utf-8"?><testsuites name="pytest tests"><testsuite name="pytest" errors="0" failures="0" skipped="0" tests="14" time="2.828" timestamp="2026-06-07T21:35:13.979532+00:00" hostname="agent-env-91687f34-e41f-4726-8257-7c3e251e2f8f"><testcase classname="backend.tests.test_iter79_template_landing_steps.TestTemplateLandingSteps" name="test_copy_factors_lands_step_2" time="0.739" /><testcase classname="backend.tests.test_iter79_template_landing_steps.TestTemplateLandingSteps" name="test_copy_classification_lands_step_3" time="0.182" /><testcase classname="backend.tests.test_iter79_template_landing_steps.TestTemplateLandingSteps" name="test_copy_prioritization_lands_step_5" time="0.179" /><testcase classname="backend.tests.test_iter79_template_landing_steps.TestTemplateLandingSteps" name="test_copy_options_lands_step_6" time="0.174" /><testcase classname="backend.tests.test_iter79_template_landing_steps.TestTemplateLandingSteps" name="test_copy_assessment_lands_step_7" time="0.175" /><testcase classname="backend.tests.test_iter79_template_landing_steps.TestNormalDecisionRegression" name="test_new_decision_with_only_factors_lands_step_2_or_3" time="0.176" /><testcase classname="backend.tests.test_iter79_template_landing_steps.TestNormalDecisionRegression" name="test_completed_decision_lands_step_10" time="0.223" /><testcase classname="backend.tests.test_iter79_template_landing_steps.TestNormalDecisionRegression" name="test_options_plus_assessments_lands_step_7" time="0.062" /><testcase classname="backend.tests.test_iter79_template_landing_steps.TestNormalDecisionRegression" name="test_chosen_option_without_completed_lands_step_8" time="0.254" /><testcase classname="backend.tests.test_iter79_template_landing_steps.TestCloneLandingSteps" name="test_clone_lands_correct_step[factors-2]" time="0.111" /><testcase classname="backend.tests.test_iter79_template_landing_steps.TestCloneLandingSteps" name="test_clone_lands_correct_step[classification-3]" time="0.137" /><testcase classname="backend.tests.test_iter79_template_landing_steps.TestCloneLandingSteps" name="test_clone_lands_correct_step[prioritization-5]" time="0.114" /><testcase classname="backend.tests.test_iter79_template_landing_steps.TestCloneLandingSteps" name="test_clone_lands_correct_step[options-6]" time="0.116" /><testcase classname="backend.tests.test_iter79_template_landing_steps.TestCloneLandingSteps" name="test_clone_lands_correct_step[assessment-7]" time="0.111" /></testsuite></testsuites>