<?xml version="1.0" encoding="utf-8"?><testsuites name="pytest tests"><testsuite name="pytest" errors="0" failures="0" skipped="0" tests="21" time="6.170" timestamp="2026-07-17T06:11:31.803145+00:00" hostname="agent-env-c7297c88-630f-4806-9251-18e9451c57aa"><testcase classname="backend.tests.test_iter185_preprod_regression.TestAuthWhatsAppGate" name="test_super_login_returns_session_and_whatsapp_verified_true" time="0.401" /><testcase classname="backend.tests.test_iter185_preprod_regression.TestAuthWhatsAppGate" name="test_admin_login_returns_session_and_whatsapp_verified" time="0.323" /><testcase classname="backend.tests.test_iter185_preprod_regression.TestAuthWhatsAppGate" name="test_register_new_user_not_stuck_in_otp_loop" time="0.403" /><testcase classname="backend.tests.test_iter185_preprod_regression.TestAIAssistant" name="test_ai_meta_reachable" time="0.046" /><testcase classname="backend.tests.test_iter185_preprod_regression.TestAIAssistant" name="test_ai_default_model_is_claude_via_quick_ask" time="2.801" /><testcase classname="backend.tests.test_iter185_preprod_regression.TestAIAssistant" name="test_ai_quick_ask_returns_reply_with_model_label" time="0.954" /><testcase classname="backend.tests.test_iter185_preprod_regression.TestSolutionFinder" name="test_get_solution_finder_entry" time="0.049" /><testcase classname="backend.tests.test_iter185_preprod_regression.TestSolutionFinder" name="test_solution_finder_pdf_report_gated_or_ok" time="0.050" /><testcase classname="backend.tests.test_iter185_preprod_regression.TestSolutionFinder" name="test_ai_wallet_estimates_features" time="0.048" /><testcase classname="backend.tests.test_iter185_preprod_regression.TestProsCons" name="test_get_analysis" time="0.091" /><testcase classname="backend.tests.test_iter185_preprod_regression.TestProsCons" name="test_patch_factor_y_both_numeric_objective" time="0.094" /><testcase classname="backend.tests.test_iter185_preprod_regression.TestProsCons" name="test_aggregate_with_y_both_no_500" time="0.056" /><testcase classname="backend.tests.test_iter185_preprod_regression.TestProsCons" name="test_patch_factor_text_subjective_still_aggregates" time="0.218" /><testcase classname="backend.tests.test_iter185_preprod_regression.TestProsCons" name="test_pros_cons_pdf_report_no_500" time="0.047" /><testcase classname="backend.tests.test_iter185_preprod_regression.TestMyDezider" name="test_dezider_report_no_500" time="0.096" /><testcase classname="backend.tests.test_iter185_preprod_regression.TestSWOT" name="test_swot_report_no_500" time="0.153" /><testcase classname="backend.tests.test_iter185_preprod_regression.TestStripeSmoke" name="test_stripe_health" time="0.045" /><testcase classname="backend.tests.test_iter185_preprod_regression.TestStripeSmoke" name="test_stripe_status" time="0.048" /><testcase classname="backend.tests.test_iter185_preprod_regression.TestStripeSmoke" name="test_stripe_checkout_no_500" time="0.047" /><testcase classname="backend.tests.test_iter185_preprod_regression.TestAdminDocs" name="test_list_admin_docs" time="0.046" /><testcase classname="backend.tests.test_iter185_preprod_regression.TestAdminDocs" name="test_admin_docs_pdf" time="0.062" /></testsuite></testsuites>