<?xml version="1.0" encoding="utf-8"?><testsuites name="pytest tests"><testsuite name="pytest" errors="0" failures="0" skipped="0" tests="14" time="7.928" timestamp="2026-06-26T20:29:59.973963+00:00" hostname="agent-env-c7297c88-630f-4806-9251-18e9451c57aa"><testcase classname="tests.test_iter167_payout_account_audit.TestAccountTypes" name="test_returns_india_list" time="0.670" /><testcase classname="tests.test_iter167_payout_account_audit.TestIfscLookup" name="test_valid_ifsc_returns_bank_branch" time="0.854" /><testcase classname="tests.test_iter167_payout_account_audit.TestIfscLookup" name="test_invalid_ifsc_returns_404" time="0.806" /><testcase classname="tests.test_iter167_payout_account_audit.TestPayoutAccountValidation" name="test_missing_vpa_rejected" time="0.054" /><testcase classname="tests.test_iter167_payout_account_audit.TestPayoutAccountValidation" name="test_bad_vpa_format_rejected" time="0.050" /><testcase classname="tests.test_iter167_payout_account_audit.TestPayoutAccountValidation" name="test_missing_bank_fields_rejected" time="0.057" /><testcase classname="tests.test_iter167_payout_account_audit.TestPayoutAccountValidation" name="test_invalid_account_type_rejected" time="0.056" /><testcase classname="tests.test_iter167_payout_account_audit.TestPayoutAccountValidation" name="test_missing_account_type_rejected" time="0.051" /><testcase classname="tests.test_iter167_payout_account_audit.TestPayoutAccountValidation" name="test_invalid_ifsc_rejected" time="0.772" /><testcase classname="tests.test_iter167_payout_account_audit.TestPayoutAccountValidation" name="test_success_with_full_payload" time="1.644" /><testcase classname="tests.test_iter167_payout_account_audit.TestSummaryAfterSave" name="test_summary_reflects_verified_account" time="0.825" /><testcase classname="tests.test_iter167_payout_account_audit.TestAdminPayoutsAudit" name="test_manual_idfc_writes_success_audit" time="0.944" /><testcase classname="tests.test_iter167_payout_account_audit.TestAdminPayoutsAudit" name="test_razorpayx_unconfigured_writes_aborted_audit" time="0.567" /><testcase classname="tests.test_iter167_payout_account_audit.TestAdminPayoutsAudit" name="test_invalid_channel_writes_error_audit" time="0.520" /></testsuite></testsuites>