<?xml version="1.0" encoding="utf-8"?><testsuites name="pytest tests"><testsuite name="pytest" errors="0" failures="0" skipped="0" tests="5" time="1.210" timestamp="2026-06-02T13:30:30.707077+00:00" hostname="agent-env-5465d40e-5c8f-4afc-a7fe-cd82d5e1607d"><testcase classname="backend.tests.test_pros_cons_report_fix.TestProsConsReportBugFix" name="test_info_endpoint_owner_returns_200" time="0.684" /><testcase classname="backend.tests.test_pros_cons_report_fix.TestProsConsReportBugFix" name="test_pdf_endpoint_owner_no_longer_404" time="0.085" /><testcase classname="backend.tests.test_pros_cons_report_fix.TestProsConsReportBugFix" name="test_negative_random_id_returns_404" time="0.062" /><testcase classname="backend.tests.test_pros_cons_report_fix.TestRegressionOtherModules" name="test_dezider_info_for_existing_decision" time="0.129" /><testcase classname="backend.tests.test_pros_cons_report_fix.TestRegressionOtherModules" name="test_swot_info_for_existing_swot" time="0.186" /></testsuite></testsuites>