<?xml version="1.0" encoding="utf-8"?><testsuites name="pytest tests"><testsuite name="pytest" errors="0" failures="0" skipped="0" tests="5" time="0.492" timestamp="2026-06-14T22:14:25.568274+00:00" hostname="agent-env-91687f34-e41f-4726-8257-7c3e251e2f8f"><testcase classname="backend.tests.test_dashboard_tiles_acm" name="test_matrix_includes_dashboard_tiles_module" time="0.280" /><testcase classname="backend.tests.test_dashboard_tiles_acm" name="test_matrix_totals" time="0.020" /><testcase classname="backend.tests.test_dashboard_tiles_acm" name="test_my_access_returns_all_dash_keys" time="0.014" /><testcase classname="backend.tests.test_dashboard_tiles_acm" name="test_lock_and_restore_dash_swot" time="0.043" /><testcase classname="backend.tests.test_dashboard_tiles_acm" name="test_multi_toggle_isolation" time="0.078" /></testsuite></testsuites>