<?xml version="1.0" encoding="utf-8"?><testsuites name="pytest tests"><testsuite name="pytest" errors="0" failures="0" skipped="0" tests="34" time="0.955" timestamp="2026-06-11T22:10:20.294688+00:00" hostname="agent-env-91687f34-e41f-4726-8257-7c3e251e2f8f"><testcase classname="tests.test_url_detail_import" name="test_normalize_detail_happy_path" time="0.000" /><testcase classname="tests.test_url_detail_import" name="test_normalize_detail_operators_preserved" time="0.000" /><testcase classname="tests.test_url_detail_import" name="test_normalize_detail_bad_operator_coerced" time="0.000" /><testcase classname="tests.test_url_detail_import" name="test_normalize_detail_synthesizes_main_item_when_items_missing" time="0.000" /><testcase classname="tests.test_url_detail_import" name="test_normalize_detail_rejects_comparison_signal" time="0.000" /><testcase classname="tests.test_url_detail_import" name="test_normalize_detail_dedupes_factors_and_caps" time="0.000" /><testcase classname="tests.test_url_detail_import" name="test_parse_json_obj_strips_prose" time="0.000" /><testcase classname="tests.test_url_detail_import" name="test_precise_multiplier_default" time="0.000" /><testcase classname="tests.test_url_detail_import" name="test_precise_multiplier_floor_is_one" time="0.000" /><testcase classname="tests.test_url_detail_import" name="test_precise_multiplier_tracks_config" time="0.000" /><testcase classname="tests.test_url_matrix_parse" name="test_names_from_title" time="0.001" /><testcase classname="tests.test_url_matrix_parse" name="test_matrix_items_and_category_prefix" time="0.002" /><testcase classname="tests.test_url_matrix_parse" name="test_clean_numeric_detection" time="0.000" /><testcase classname="tests.test_url_matrix_parse" name="test_derive_produces_clean_factors_no_band_garbage" time="0.001" /><testcase classname="tests.test_url_matrix_parse" name="test_low_quality_detection" time="0.000" /><testcase classname="tests.test_url_matrix_parse" name="test_parse_hierarchy_groups_and_subs" time="0.001" /><testcase classname="tests.test_url_matrix_parse" name="test_hierarchy_numeric_vs_text_scoring" time="0.001" /><testcase classname="tests.test_url_matrix_parse" name="test_effective_pct_and_worth" time="0.000" /><testcase classname="tests.test_url_matrix_parse" name="test_currency_measure_num" time="0.000" /><testcase classname="tests.test_url_matrix_parse" name="test_product_grid_extraction_and_scoring" time="0.001" /><testcase classname="tests.test_ai_wallet_markup" name="test_user_markup_pct" time="0.000" /><testcase classname="tests.test_ai_wallet_markup" name="test_admin_markup_pct" time="0.000" /><testcase classname="tests.test_ai_wallet_markup" name="test_routed_pct_default" time="0.000" /><testcase classname="tests.test_ai_wallet_markup" name="test_routed_pct_clamped_to_100" time="0.000" /><testcase classname="tests.test_ai_wallet_markup" name="test_routed_pct_clamped_to_0" time="0.000" /><testcase classname="tests.test_ai_wallet_markup" name="test_routed_pct_fallback_when_missing" time="0.000" /><testcase classname="tests.test_ai_wallet_markup" name="test_routed_pct_invalid_falls_back" time="0.000" /><testcase classname="tests.test_ai_wallet_markup" name="test_price_breakdown_routed_split" time="0.000" /><testcase classname="tests.test_ai_wallet_markup" name="test_admin_buyer_no_route_split" time="0.000" /><testcase classname="tests.test_ai_wallet_markup" name="test_zero_loss_invariant_at_default_split" time="0.000" /><testcase classname="tests.test_ai_wallet_markup" name="test_full_route_eats_buffer" time="0.000" /><testcase classname="tests.test_ai_wallet_markup" name="test_zero_route_keeps_all_markup_in_primary" time="0.000" /><testcase classname="tests.test_url_import_direction" name="test_is_lower_better_keywords" time="0.000" /><testcase classname="tests.test_url_import_direction" name="test_derivation_directions_and_scores" time="0.000" /></testsuite></testsuites>