<?xml version="1.0" encoding="utf-8"?><testsuites name="pytest tests"><testsuite name="pytest" errors="0" failures="0" skipped="0" tests="6" time="2.377" timestamp="2026-06-06T21:06:16.508614+00:00" hostname="agent-env-5465d40e-5c8f-4afc-a7fe-cd82d5e1607d"><testcase classname="backend.tests.test_iter71_pros_cons_action_plan_import.TestProsConsImport" name="test_01_happy_path_positive_delta_creates_item" time="1.168" /><testcase classname="backend.tests.test_iter71_pros_cons_action_plan_import.TestProsConsImport" name="test_02_zero_delta_did_not_create_item" time="0.116" /><testcase classname="backend.tests.test_iter71_pros_cons_action_plan_import.TestProsConsImport" name="test_03_idempotent_repeat_import" time="0.164" /><testcase classname="backend.tests.test_iter71_pros_cons_action_plan_import.TestProsConsImport" name="test_04_no_chosen_option_returns_reason" time="0.163" /><testcase classname="backend.tests.test_iter71_pros_cons_action_plan_import.TestProsConsImport" name="test_05_auth_required" time="0.162" /><testcase classname="backend.tests.test_iter71_pros_cons_action_plan_import.TestMppsRegression" name="test_06_mpps_import_route_alive" time="0.120" /></testsuite></testsuites>