<?xml version="1.0" encoding="utf-8"?><testsuites name="pytest tests"><testsuite name="pytest" errors="0" failures="0" skipped="1" tests="10" time="6.096" timestamp="2026-06-01T21:13:19.769076+00:00" hostname="agent-env-5465d40e-5c8f-4afc-a7fe-cd82d5e1607d"><testcase classname="backend.tests.test_iter31_suggest_factors_trash.TestSuggestFactors" name="test_auth_required" time="0.318" /><testcase classname="backend.tests.test_iter31_suggest_factors_trash.TestSuggestFactors" name="test_404_for_unknown_decision" time="0.639" /><testcase classname="backend.tests.test_iter31_suggest_factors_trash.TestSuggestFactors" name="test_success_or_graceful_empty" time="1.966"><skipped type="pytest.skip" message="LLM budget exhausted in preview — empty list returned (graceful path PASS).">/app/backend/tests/test_iter31_suggest_factors_trash.py:91: LLM budget exhausted in preview — empty list returned (graceful path PASS).</skipped></testcase><testcase classname="backend.tests.test_iter31_suggest_factors_trash.TestFindBestOptionsRegression" name="test_returns_200" time="0.325" /><testcase classname="backend.tests.test_iter31_suggest_factors_trash.TestTrashCRUD" name="test_list_requires_auth" time="0.258" /><testcase classname="backend.tests.test_iter31_suggest_factors_trash.TestTrashCRUD" name="test_empty_trash_first" time="0.166" /><testcase classname="backend.tests.test_iter31_suggest_factors_trash.TestTrashCRUD" name="test_soft_delete_appears_in_trash" time="0.364" /><testcase classname="backend.tests.test_iter31_suggest_factors_trash.TestTrashCRUD" name="test_restore_returns_to_collection" time="0.613" /><testcase classname="backend.tests.test_iter31_suggest_factors_trash.TestTrashCRUD" name="test_purge_one" time="0.896" /><testcase classname="backend.tests.test_iter31_suggest_factors_trash.TestTrashCRUD" name="test_empty_trash_endpoint" time="0.485" /></testsuite></testsuites>