<?xml version="1.0" encoding="utf-8"?><testsuites name="pytest tests"><testsuite name="pytest" errors="0" failures="0" skipped="0" tests="15" time="4.643" timestamp="2026-06-03T20:36:49.352206+00:00" hostname="agent-env-5465d40e-5c8f-4afc-a7fe-cd82d5e1607d"><testcase classname="backend.tests.test_iter49_logo.TestLogoUpload" name="test_initial_state_no_logo" time="0.266" /><testcase classname="backend.tests.test_iter49_logo.TestLogoUpload" name="test_super_admin_uploads_png" time="0.537" /><testcase classname="backend.tests.test_iter49_logo.TestLogoUpload" name="test_appearance_shows_logo" time="0.120" /><testcase classname="backend.tests.test_iter49_logo.TestLogoUpload" name="test_serve_logo_returns_image" time="0.119" /><testcase classname="backend.tests.test_iter49_logo.TestLogoValidation" name="test_invalid_base64_returns_400" time="0.116" /><testcase classname="backend.tests.test_iter49_logo.TestLogoValidation" name="test_unsupported_mime_gif_returns_400" time="0.144" /><testcase classname="backend.tests.test_iter49_logo.TestLogoValidation" name="test_oversized_payload_returns_400" time="0.312" /><testcase classname="backend.tests.test_iter49_logo.TestLogoAuthz" name="test_non_super_admin_put_forbidden" time="0.469" /><testcase classname="backend.tests.test_iter49_logo.TestLogoAuthz" name="test_non_super_admin_delete_forbidden" time="0.111" /><testcase classname="backend.tests.test_iter49_logo.TestLogoAuthz" name="test_unauthenticated_put_forbidden" time="0.116" /><testcase classname="backend.tests.test_iter49_logo.TestPdfWithLogo" name="test_pdf_renders_with_logo_set" time="1.186" /><testcase classname="backend.tests.test_iter49_logo.TestPdfWithLogo" name="test_pdf_renders_after_logo_removed" time="0.551" /><testcase classname="backend.tests.test_iter49_logo.TestLogoDelete" name="test_super_admin_deletes_logo" time="0.240" /><testcase classname="backend.tests.test_iter49_logo.TestLogoDelete" name="test_serve_logo_404_after_delete" time="0.141" /><testcase classname="backend.tests.test_iter49_logo.TestLogoDelete" name="test_appearance_has_logo_false_after_delete" time="0.136" /></testsuite></testsuites>