<?xml version="1.0" encoding="utf-8"?><testsuites name="pytest tests"><testsuite name="pytest" errors="0" failures="0" skipped="0" tests="19" time="2.418" timestamp="2026-06-03T20:12:32.355427+00:00" hostname="agent-env-5465d40e-5c8f-4afc-a7fe-cd82d5e1607d"><testcase classname="backend.tests.test_iter48_pii_admin.TestPiiPermissions" name="test_super_permission" time="0.262" /><testcase classname="backend.tests.test_iter48_pii_admin.TestPiiPermissions" name="test_admin_permission_initially_false" time="0.240" /><testcase classname="backend.tests.test_iter48_pii_admin.TestPiiPermissions" name="test_super_lists_grants" time="0.006" /><testcase classname="backend.tests.test_iter48_pii_admin.TestPiiPermissions" name="test_admin_cannot_list_grants" time="0.006" /><testcase classname="backend.tests.test_iter48_pii_admin.TestPiiPermissions" name="test_grant_and_revoke_cycle" time="0.022" /><testcase classname="backend.tests.test_iter48_pii_admin.TestPiiNda" name="test_nda_includes_company" time="0.006" /><testcase classname="backend.tests.test_iter48_pii_admin.TestPiiLookup" name="test_happy_path" time="1.471" /><testcase classname="backend.tests.test_iter48_pii_admin.TestPiiLookup" name="test_nda_ack_false_400" time="0.006" /><testcase classname="backend.tests.test_iter48_pii_admin.TestPiiLookup" name="test_other_empty_note_400" time="0.006" /><testcase classname="backend.tests.test_iter48_pii_admin.TestPiiLookup" name="test_wrong_whatsapp_404_audited" time="0.012" /><testcase classname="backend.tests.test_iter48_pii_admin.TestPiiLookup" name="test_regular_user_forbidden" time="0.235" /><testcase classname="backend.tests.test_iter48_pii_admin.TestPiiLookup" name="test_admin_without_grant_forbidden" time="0.011" /><testcase classname="backend.tests.test_iter48_pii_admin.TestPiiAudit" name="test_my_log_super" time="0.008" /><testcase classname="backend.tests.test_iter48_pii_admin.TestPiiAudit" name="test_all_log_super" time="0.006" /><testcase classname="backend.tests.test_iter48_pii_admin.TestPiiAudit" name="test_all_log_admin_forbidden" time="0.005" /><testcase classname="backend.tests.test_iter48_pii_admin.TestPiiAudit" name="test_no_delete_endpoint" time="0.017" /><testcase classname="backend.tests.test_iter48_pii_admin.TestCompanyName" name="test_appearance_includes_company_name" time="0.006" /><testcase classname="backend.tests.test_iter48_pii_admin.TestCompanyName" name="test_super_can_update_company_name" time="0.030" /><testcase classname="backend.tests.test_iter48_pii_admin.TestCompanyName" name="test_admin_cannot_update_company_name" time="0.006" /></testsuite></testsuites>