<?xml version="1.0" encoding="utf-8"?><testsuites name="pytest tests"><testsuite name="pytest" errors="0" failures="0" skipped="0" tests="9" time="4.520" timestamp="2026-06-03T19:23:02.867241+00:00" hostname="agent-env-5465d40e-5c8f-4afc-a7fe-cd82d5e1607d"><testcase classname="backend.tests.test_iter46_store_whatsapp_quota.TestStoreCheckoutMath" name="test_skus_have_gst_percent" time="0.013" /><testcase classname="backend.tests.test_iter46_store_whatsapp_quota.TestStoreCheckoutMath" name="test_purchase_no_coupon_pricing_math" time="1.888" /><testcase classname="backend.tests.test_iter46_store_whatsapp_quota.TestStoreCheckoutMath" name="test_purchase_invalid_coupon_returns_400" time="0.248" /><testcase classname="backend.tests.test_iter46_store_whatsapp_quota.TestCouponValidate" name="test_invalid_coupon_returns_valid_false" time="0.241" /><testcase classname="backend.tests.test_iter46_store_whatsapp_quota.TestAdminSkuGstUpdate" name="test_admin_can_update_gst_percent" time="0.263" /><testcase classname="backend.tests.test_iter46_store_whatsapp_quota.TestDecisionCreateNoEntitlement" name="test_create_decision_no_entitlement_does_not_block" time="0.241" /><testcase classname="backend.tests.test_iter46_store_whatsapp_quota.TestMyEntitlements" name="test_my_entitlements_shape" time="0.241" /><testcase classname="backend.tests.test_iter46_store_whatsapp_quota.TestWhatsAppOtp" name="test_send_otp_unauthenticated_401" time="0.005" /><testcase classname="backend.tests.test_iter46_store_whatsapp_quota.TestWhatsAppOtp" name="test_send_then_verify_flow" time="1.330" /></testsuite></testsuites>