<?xml version="1.0" encoding="utf-8"?><testsuites name="pytest tests"><testsuite name="pytest" errors="0" failures="0" skipped="0" tests="4" time="0.448" timestamp="2026-06-14T19:56:06.270204+00:00" hostname="agent-env-91687f34-e41f-4726-8257-7c3e251e2f8f"><testcase classname="backend.tests.test_ai_wallet_consumption.TestConsumptionAllTime" name="test_all_time_returns_positive_total_and_buckets" time="0.273" /><testcase classname="backend.tests.test_ai_wallet_consumption.TestConsumptionSinceFilter" name="test_last_7d_no_error" time="0.009" /><testcase classname="backend.tests.test_ai_wallet_consumption.TestConsumptionPicksUpNewDebit" name="test_new_debit_increases_total" time="0.028" /><testcase classname="backend.tests.test_ai_wallet_consumption.TestConsumptionExcludesGrants" name="test_positive_delta_excluded" time="0.018" /></testsuite></testsuites>