<?xml version="1.0" encoding="utf-8"?><testsuites name="pytest tests"><testsuite name="pytest" errors="0" failures="0" skipped="0" tests="6" time="2.531" timestamp="2026-06-11T22:04:13.238841+00:00" hostname="agent-env-91687f34-e41f-4726-8257-7c3e251e2f8f"><testcase classname="tests.test_iter_url_world_class_import.TestAiWalletConfigPreciseFields" name="test_get_config_exposes_precise_fields" time="0.729" /><testcase classname="tests.test_iter_url_world_class_import.TestAiWalletConfigPreciseFields" name="test_regular_admin_cannot_access_super_admin_config" time="0.482" /><testcase classname="tests.test_iter_url_world_class_import.TestAiWalletConfigPreciseFields" name="test_put_accepts_precise_fields_and_persists" time="0.640" /><testcase classname="tests.test_iter_url_world_class_import.TestAiWalletConfigPreciseFields" name="test_put_rejects_zero_precise_usd_per_mtok" time="0.121" /><testcase classname="tests.test_iter_url_world_class_import.TestAiWalletConfigPreciseFields" name="test_put_rejects_negative_precise_usd_per_mtok" time="0.109" /><testcase classname="tests.test_iter_url_world_class_import.TestAiWalletConfigPreciseFields" name="test_put_empty_precise_model_falls_back_to_default" time="0.391" /></testsuite></testsuites>