<?xml version="1.0" encoding="utf-8"?><testsuites name="pytest tests"><testsuite name="pytest" errors="0" failures="0" skipped="0" tests="5" time="14.969" timestamp="2026-07-17T11:55:11.976532+00:00" hostname="agent-env-c7297c88-630f-4806-9251-18e9451c57aa"><testcase classname="backend.tests.test_iter186_ai_limits_popup.TestAILimits" name="test_wallet_balance_visible" time="0.673" /><testcase classname="backend.tests.test_iter186_ai_limits_popup.TestAILimits" name="test_estimates_endpoint" time="0.143" /><testcase classname="backend.tests.test_iter186_ai_limits_popup.TestAILimits" name="test_suggest_solutions_max_per_rca_1" time="5.624" /><testcase classname="backend.tests.test_iter186_ai_limits_popup.TestAILimits" name="test_suggest_risks_max_1_per_solution" time="5.602" /><testcase classname="backend.tests.test_iter186_ai_limits_popup.TestAILimits" name="test_lim_clamp_via_11" time="2.863" /></testsuite></testsuites>