<?xml version="1.0" encoding="utf-8"?><testsuites name="pytest tests"><testsuite name="pytest" errors="0" failures="0" skipped="0" tests="21" time="4.957" timestamp="2026-06-01T21:58:46.520064+00:00" hostname="agent-env-5465d40e-5c8f-4afc-a7fe-cd82d5e1607d"><testcase classname="tests.test_iter33_store_ingestion.TestTemplate" name="test_generic_template" time="0.642" /><testcase classname="tests.test_iter33_store_ingestion.TestTemplate" name="test_prefilled_for_owner" time="0.245" /><testcase classname="tests.test_iter33_store_ingestion.TestTemplate" name="test_non_owner_gets_generic_no_leak" time="0.446" /><testcase classname="tests.test_iter33_store_ingestion.TestIngestionToken" name="test_generate_token_as_owner" time="0.124" /><testcase classname="tests.test_iter33_store_ingestion.TestIngestionToken" name="test_get_token_returns_current" time="0.152" /><testcase classname="tests.test_iter33_store_ingestion.TestIngestionToken" name="test_non_owner_forbidden" time="0.118" /><testcase classname="tests.test_iter33_store_ingestion.TestIngestionToken" name="test_nonexistent_solution_404" time="0.124" /><testcase classname="tests.test_iter33_store_ingestion.TestWebhook" name="test_missing_header" time="0.116" /><testcase classname="tests.test_iter33_store_ingestion.TestWebhook" name="test_invalid_token" time="0.105" /><testcase classname="tests.test_iter33_store_ingestion.TestWebhook" name="test_empty_rows" time="0.231" /><testcase classname="tests.test_iter33_store_ingestion.TestWebhook" name="test_valid_webhook_creates_pending" time="0.124" /><testcase classname="tests.test_iter33_store_ingestion.TestGSheet" name="test_malformed_link_400" time="0.124" /><testcase classname="tests.test_iter33_store_ingestion.TestGSheet" name="test_empty_url_400" time="0.115" /><testcase classname="tests.test_iter33_store_ingestion.TestXlsUpload" name="test_upload_creates_pending" time="0.122" /><testcase classname="tests.test_iter33_store_ingestion.TestXlsUpload" name="test_non_xlsx_rejected" time="0.120" /><testcase classname="tests.test_iter33_store_ingestion.TestXlsUpload" name="test_non_owner_cannot_upload_to_owned_solution" time="0.125" /><testcase classname="tests.test_iter33_store_ingestion.TestReviewFlow" name="test_list_pending_as_admin" time="0.476" /><testcase classname="tests.test_iter33_store_ingestion.TestReviewFlow" name="test_non_admin_cannot_approve" time="0.232" /><testcase classname="tests.test_iter33_store_ingestion.TestReviewFlow" name="test_approve_applies_to_solution" time="0.375" /><testcase classname="tests.test_iter33_store_ingestion.TestReviewFlow" name="test_reject_does_not_apply" time="0.381" /><testcase classname="tests.test_iter33_store_ingestion.TestReviewFlow" name="test_non_admin_cannot_reject" time="0.222" /></testsuite></testsuites>