<?xml version="1.0" encoding="utf-8"?><testsuites name="pytest tests"><testsuite name="pytest" errors="0" failures="0" skipped="0" tests="7" time="1.503" timestamp="2026-06-08T19:55:25.469551+00:00" hostname="agent-env-91687f34-e41f-4726-8257-7c3e251e2f8f"><testcase classname="backend.tests.test_iter95_skip_gate_assess_scraper" name="test_skip_whatsapp_gate_is_on" time="0.265" /><testcase classname="backend.tests.test_iter95_skip_gate_assess_scraper" name="test_regular_user_login_no_gate" time="0.468" /><testcase classname="backend.tests.test_iter95_skip_gate_assess_scraper" name="test_super_admin_login_no_gate" time="0.007" /><testcase classname="backend.tests.test_iter95_skip_gate_assess_scraper" name="test_put_security_config_super_admin_only" time="0.013" /><testcase classname="backend.tests.test_iter95_skip_gate_assess_scraper" name="test_scraperapi_provider_in_integrations" time="0.009" /><testcase classname="backend.tests.test_iter95_skip_gate_assess_scraper" name="test_url_analyze_gsmarena_static_fallback" time="0.577" /><testcase classname="backend.tests.test_iter95_skip_gate_assess_scraper" name="test_bulk_assess_endpoint_exists" time="0.103" /></testsuite></testsuites>