<?xml version="1.0" encoding="utf-8"?><testsuites name="pytest tests"><testsuite name="pytest" errors="0" failures="0" skipped="0" tests="5" time="5.771" timestamp="2026-06-01T20:58:05.158817+00:00" hostname="agent-env-5465d40e-5c8f-4afc-a7fe-cd82d5e1607d"><testcase classname="backend.tests.test_find_best_options" name="test_requires_auth" time="0.320" /><testcase classname="backend.tests.test_find_best_options" name="test_invalid_decision_id" time="0.559" /><testcase classname="backend.tests.test_find_best_options" name="test_find_best_options_with_factors" time="3.671" /><testcase classname="backend.tests.test_find_best_options" name="test_find_best_options_no_factors" time="0.544" /><testcase classname="backend.tests.test_find_best_options" name="test_dedupes_against_existing_options" time="0.616" /></testsuite></testsuites>