<?xml version="1.0" encoding="utf-8"?><testsuites name="pytest tests"><testsuite name="pytest" errors="0" failures="0" skipped="0" tests="8" time="4.855" timestamp="2026-06-24T08:40:36.555728+00:00" hostname="agent-env-8c9065bf-bd61-4a78-ab3f-2a872a6293c8"><testcase classname="backend.tests.test_iter151_collab_otp" name="test_auth_config_public" time="0.456" /><testcase classname="backend.tests.test_iter151_collab_otp" name="test_admin_auth_config_requires_admin" time="0.200" /><testcase classname="backend.tests.test_iter151_collab_otp" name="test_admin_auth_config_get_put_roundtrip" time="0.732" /><testcase classname="backend.tests.test_iter151_collab_otp" name="test_otp_send_email_returns_200" time="0.803" /><testcase classname="backend.tests.test_iter151_collab_otp" name="test_otp_send_throttle_429" time="0.831" /><testcase classname="backend.tests.test_iter151_collab_otp" name="test_otp_verify_wrong_code_401" time="0.809" /><testcase classname="backend.tests.test_iter151_collab_otp" name="test_otp_send_invalid_channel_400" time="0.522" /><testcase classname="backend.tests.test_iter151_collab_otp" name="test_otp_send_unknown_session_404" time="0.446" /></testsuite></testsuites>