<?xml version="1.0" encoding="utf-8"?><testsuites name="pytest tests"><testsuite name="pytest" errors="0" failures="0" skipped="0" tests="6" time="18.600" timestamp="2026-06-24T18:15:07.717749+00:00" hostname="agent-env-8c9065bf-bd61-4a78-ab3f-2a872a6293c8"><testcase classname="backend.tests.test_iter156_acm_cache_stamp.TestACMCacheStampPropagation" name="test_01_matrix_has_dash_report_quota" time="0.661" /><testcase classname="backend.tests.test_iter156_acm_cache_stamp.TestACMCacheStampPropagation" name="test_02_baseline_free_user_my_access" time="1.035" /><testcase classname="backend.tests.test_iter156_acm_cache_stamp.TestACMCacheStampPropagation" name="test_03_toggle_to_hidden_propagates" time="2.640" /><testcase classname="backend.tests.test_iter156_acm_cache_stamp.TestACMCacheStampPropagation" name="test_04_toggle_back_to_full_propagates" time="2.624" /><testcase classname="backend.tests.test_iter156_acm_cache_stamp.TestACMCacheStampPropagation" name="test_05_repeated_toggle_consistency" time="10.463" /><testcase classname="backend.tests.test_iter156_acm_cache_stamp.TestACMCacheStampPropagation" name="test_06_restore_full_state" time="1.114" /></testsuite></testsuites>