<?xml version="1.0" encoding="utf-8"?><testsuites name="pytest tests"><testsuite name="pytest" errors="0" failures="0" skipped="0" tests="14" time="8.338" timestamp="2026-06-03T09:33:46.522565+00:00" hostname="agent-env-5465d40e-5c8f-4afc-a7fe-cd82d5e1607d"><testcase classname="backend.tests.test_iter37_shares_meta_filters" name="test_create_email_share[dezider]" time="1.183" /><testcase classname="backend.tests.test_iter37_shares_meta_filters" name="test_create_email_share[pros_cons]" time="0.265" /><testcase classname="backend.tests.test_iter37_shares_meta_filters" name="test_create_email_share[swot]" time="0.264" /><testcase classname="backend.tests.test_iter37_shares_meta_filters" name="test_create_email_share[solution_finder]" time="0.301" /><testcase classname="backend.tests.test_iter37_shares_meta_filters" name="test_create_whatsapp_share[dezider]" time="1.154" /><testcase classname="backend.tests.test_iter37_shares_meta_filters" name="test_create_whatsapp_share[pros_cons]" time="0.807" /><testcase classname="backend.tests.test_iter37_shares_meta_filters" name="test_create_whatsapp_share[swot]" time="0.810" /><testcase classname="backend.tests.test_iter37_shares_meta_filters" name="test_create_whatsapp_share[solution_finder]" time="0.861" /><testcase classname="backend.tests.test_iter37_shares_meta_filters" name="test_shared_with_me_has_meta" time="1.495" /><testcase classname="backend.tests.test_iter37_shares_meta_filters" name="test_share_guard_not_owner" time="0.108" /><testcase classname="backend.tests.test_iter37_shares_meta_filters" name="test_share_guard_missing_email" time="0.106" /><testcase classname="backend.tests.test_iter37_shares_meta_filters" name="test_share_guard_missing_phone" time="0.116" /><testcase classname="backend.tests.test_iter37_shares_meta_filters" name="test_solution_box_lists_solution_finder" time="0.105" /><testcase classname="backend.tests.test_iter37_shares_meta_filters" name="test_owned_decision_pdf" time="0.710" /></testsuite></testsuites>