<?xml version="1.0" encoding="utf-8"?><testsuites name="pytest tests"><testsuite name="pytest" errors="0" failures="0" skipped="0" tests="3" time="4.015" timestamp="2026-06-22T22:53:17.173606+00:00" hostname="agent-env-8c9065bf-bd61-4a78-ab3f-2a872a6293c8"><testcase classname="tests.test_iter145_share_collab_phaseA" name="test_allow_reshare_true_flow" time="1.840" /><testcase classname="tests.test_iter145_share_collab_phaseA" name="test_allow_reshare_false_blocks_reshare" time="0.616" /><testcase classname="tests.test_iter145_share_collab_phaseA" name="test_non_recipient_cannot_reshare" time="1.503" /></testsuite></testsuites>