<?xml version="1.0" encoding="utf-8"?><testsuites name="pytest tests"><testsuite name="pytest" errors="0" failures="0" skipped="1" tests="4" time="1.515" timestamp="2026-06-03T12:20:06.562105+00:00" hostname="agent-env-5465d40e-5c8f-4afc-a7fe-cd82d5e1607d"><testcase classname="backend.tests.test_iter43_dezider_pdf" name="test_decision_exists" time="0.669" /><testcase classname="backend.tests.test_iter43_dezider_pdf" name="test_dezider_pdf_endpoint" time="0.503"><skipped type="pytest.skip" message="Decision not accessible by super_admin in this env; skipping">/app/backend/tests/test_iter43_dezider_pdf.py:63: Decision not accessible by super_admin in this env; skipping</skipped></testcase><testcase classname="backend.tests.test_iter43_dezider_pdf" name="test_dezider_pdf_user_gated" time="0.113" /><testcase classname="backend.tests.test_iter43_dezider_pdf" name="test_action_items_list" time="0.175" /></testsuite></testsuites>