<?xml version="1.0" encoding="utf-8"?><testsuites name="pytest tests"><testsuite name="pytest" errors="0" failures="0" skipped="0" tests="2" time="1.143" timestamp="2026-07-19T21:12:13.220061+00:00" hostname="agent-env-c7297c88-630f-4806-9251-18e9451c57aa"><testcase classname="backend.tests.test_iter196_finder_any_semantics.TestFinderAnySemantics" name="test_solo_ge_60_yields_candidates" time="0.806" /><testcase classname="backend.tests.test_iter196_finder_any_semantics.TestFinderAnySemantics" name="test_add_startup_ge_50_union_grows" time="0.279" /></testsuite></testsuites>