<?xml version="1.0" encoding="utf-8"?><testsuites name="pytest tests"><testsuite name="pytest" errors="0" failures="0" skipped="0" tests="5" time="22.569" timestamp="2026-06-08T15:37:28.040323+00:00" hostname="agent-env-91687f34-e41f-4726-8257-7c3e251e2f8f"><testcase classname="backend.tests.test_iter92_ai_assess_batch" name="test_batch_empty_cells_returns_400" time="1.967" /><testcase classname="backend.tests.test_iter92_ai_assess_batch" name="test_batch_too_large_returns_400" time="0.724" /><testcase classname="backend.tests.test_iter92_ai_assess_batch" name="test_batch_skipped_when_incomplete_and_no_force_fill" time="0.413" /><testcase classname="backend.tests.test_iter92_ai_assess_batch" name="test_batch_done_for_complete_numeric_cell" time="7.884" /><testcase classname="backend.tests.test_iter92_ai_assess_batch" name="test_single_cell_endpoint_still_works" time="11.523" /></testsuite></testsuites>