<?xml version="1.0" encoding="utf-8"?><testsuites name="pytest tests"><testsuite name="pytest" errors="0" failures="2" skipped="0" tests="5" time="0.801" timestamp="2026-05-30T17:36:35.020135+00:00" hostname="agent-env-21a0f00a-7384-4bd3-b3d8-6148ea612356"><testcase classname="backend.tests.test_skip_payment_iter22" name="test_baseline_skip_off_no_access" time="0.642" /><testcase classname="backend.tests.test_skip_payment_iter22" name="test_skip_on_grants_access_to_all_modules" time="0.015"><failure message="AssertionError: BUG: skip ON but dezider access-check still returns has_access=False. Response: {'has_access': False, 'via': None, 'balance': 0}. Root cause: sku_store.py queries db.app_settings with key='payment_settings' but payment_admin.py stores it as _key='payments_global'.&#10;assert False is True&#10; +  where False = &lt;built-in method get of dict object at 0xfd8463ebac40&gt;('has_access')&#10; +    where &lt;built-in method get of dict object at 0xfd8463ebac40&gt; = {'balance': 0, 'has_access': False, 'via': None}.get">backend/tests/test_skip_payment_iter22.py:91: in test_skip_on_grants_access_to_all_modules
    assert data.get("has_access") is True, (
E   AssertionError: BUG: skip ON but dezider access-check still returns has_access=False. Response: {'has_access': False, 'via': None, 'balance': 0}. Root cause: sku_store.py queries db.app_settings with key='payment_settings' but payment_admin.py stores it as _key='payments_global'.
E   assert False is True
E    +  where False = &lt;built-in method get of dict object at 0xfd8463ebac40&gt;('has_access')
E    +    where &lt;built-in method get of dict object at 0xfd8463ebac40&gt; = {'balance': 0, 'has_access': False, 'via': None}.get</failure></testcase><testcase classname="backend.tests.test_skip_payment_iter22" name="test_idempotent_when_skip_on" time="0.029"><failure message="AssertionError: [{'balance': 0, 'has_access': False, 'via': None}, {'balance': 0, 'has_access': False, 'via': None}, {'balance': 0, 'has_access': False, 'via': None}]&#10;assert False&#10; +  where False = all(&lt;generator object test_idempotent_when_skip_on.&lt;locals&gt;.&lt;genexpr&gt; at 0xfd8463eb3a00&gt;)">backend/tests/test_skip_payment_iter22.py:108: in test_idempotent_when_skip_on
    assert all(r.get("has_access") is True and r.get("via") == "admin_skip" for r in results), results
E   AssertionError: [{'balance': 0, 'has_access': False, 'via': None}, {'balance': 0, 'has_access': False, 'via': None}, {'balance': 0, 'has_access': False, 'via': None}]
E   assert False
E    +  where False = all(&lt;generator object test_idempotent_when_skip_on.&lt;locals&gt;.&lt;genexpr&gt; at 0xfd8463eb3a00&gt;)</failure></testcase><testcase classname="backend.tests.test_skip_payment_iter22" name="test_skip_off_again_revokes_access" time="0.028" /><testcase classname="backend.tests.test_skip_payment_iter22" name="test_cleanup_skip_off" time="0.008" /></testsuite></testsuites>