<?xml version="1.0" encoding="utf-8"?><testsuites name="pytest tests"><testsuite name="pytest" errors="0" failures="0" skipped="0" tests="10" time="1.269" timestamp="2026-06-18T08:26:35.842839+00:00" hostname="agent-env-91687f34-e41f-4726-8257-7c3e251e2f8f"><testcase classname="backend.tests.test_iter135_tenses_feels_cms_wired.TestVersion" name="test_version_stamp_phase_b" time="0.163" /><testcase classname="backend.tests.test_iter135_tenses_feels_cms_wired.TestRenderTensesFeels" name="test_render_returns_12_blocks_with_all_fields" time="0.058" /><testcase classname="backend.tests.test_iter135_tenses_feels_cms_wired.TestRenderTensesFeels" name="test_render_hi_falls_back_to_en_with_12_blocks" time="0.052" /><testcase classname="backend.tests.test_iter135_tenses_feels_cms_wired.TestWriteThroughToRender" name="test_put_power_statement_reflects_in_render" time="0.539" /><testcase classname="backend.tests.test_iter135_tenses_feels_cms_wired.TestRegression" name="test_modules_list_still_returns_7" time="0.057" /><testcase classname="backend.tests.test_iter135_tenses_feels_cms_wired.TestRegression" name="test_schema_endpoint_still_works" time="0.053" /><testcase classname="backend.tests.test_iter135_tenses_feels_cms_wired.TestRegression" name="test_list_blocks_requires_auth" time="0.106" /><testcase classname="backend.tests.test_iter135_tenses_feels_cms_wired.TestRegression" name="test_acm_v2_resolver_config" time="0.056" /><testcase classname="backend.tests.test_iter135_tenses_feels_cms_wired.TestRegression" name="test_acm_v2_trial_payments" time="0.055" /><testcase classname="backend.tests.test_iter135_tenses_feels_cms_wired.TestRegression" name="test_geo_countries" time="0.055" /></testsuite></testsuites>