<?xml version="1.0" encoding="utf-8"?><testsuites name="pytest tests"><testsuite name="pytest" errors="0" failures="0" skipped="0" tests="2" time="1.363" timestamp="2026-06-08T19:30:55.531435+00:00" hostname="agent-env-91687f34-e41f-4726-8257-7c3e251e2f8f"><testcase classname="backend.tests.test_iter94_url_hierarchy_import" name="test_prebuilt_decision_has_15_parents_55_subs_3_options" time="0.525" /><testcase classname="backend.tests.test_iter94_url_hierarchy_import" name="test_url_analyze_hierarchical_mode" time="0.783" /></testsuite></testsuites>