<?xml version="1.0" encoding="utf-8"?><testsuites name="pytest tests"><testsuite name="pytest" errors="0" failures="0" skipped="0" tests="17" time="13.083" timestamp="2026-06-22T23:59:05.345445+00:00" hostname="agent-env-8c9065bf-bd61-4a78-ab3f-2a872a6293c8"><testcase classname="backend.tests.test_iter146_collab_phases_b2_to_f.TestPhaseB2_Masters" name="test_master_type_returns_items[expert_type]" time="0.508" /><testcase classname="backend.tests.test_iter146_collab_phases_b2_to_f.TestPhaseB2_Masters" name="test_master_type_returns_items[experience_range]" time="0.154" /><testcase classname="backend.tests.test_iter146_collab_phases_b2_to_f.TestPhaseB2_Masters" name="test_master_type_returns_items[fees_per_min]" time="0.117" /><testcase classname="backend.tests.test_iter146_collab_phases_b2_to_f.TestPhaseB2_Masters" name="test_master_type_returns_items[available_timing]" time="0.108" /><testcase classname="backend.tests.test_iter146_collab_phases_b2_to_f.TestPhaseB2_PlatformExperts" name="test_seeded_experts_exist" time="0.101" /><testcase classname="backend.tests.test_iter146_collab_phases_b2_to_f.TestPhaseB2_PlatformExperts" name="test_admin_crud_and_filters" time="1.347" /><testcase classname="backend.tests.test_iter146_collab_phases_b2_to_f.TestPhaseB2_PlatformExperts" name="test_cleanup_experts" time="0.317" /><testcase classname="backend.tests.test_iter146_collab_phases_b2_to_f.TestPhaseC_PublicHelp" name="test_ask_contribute_accept_merge_close" time="1.956" /><testcase classname="backend.tests.test_iter146_collab_phases_b2_to_f.TestPhaseD_Marketplace" name="test_publish_validation_and_free_clone_flow" time="2.572" /><testcase classname="backend.tests.test_iter146_collab_phases_b2_to_f.TestPhaseE_EarningsPayouts" name="test_create_order_rejects_owner_and_free" time="1.984" /><testcase classname="backend.tests.test_iter146_collab_phases_b2_to_f.TestPhaseE_EarningsPayouts" name="test_payout_account_validation_and_save" time="0.420" /><testcase classname="backend.tests.test_iter146_collab_phases_b2_to_f.TestPhaseE_EarningsPayouts" name="test_earnings_summary_ledger_config" time="0.878" /><testcase classname="backend.tests.test_iter146_collab_phases_b2_to_f.TestPhaseE_EarningsPayouts" name="test_admin_payout_config_and_run_now" time="0.443" /><testcase classname="backend.tests.test_iter146_collab_phases_b2_to_f.TestPhaseF_KarmaRatings" name="test_rate_marketplace_requires_clone" time="0.680" /><testcase classname="backend.tests.test_iter146_collab_phases_b2_to_f.TestPhaseF_KarmaRatings" name="test_karma_me_and_leaderboard" time="0.203" /><testcase classname="backend.tests.test_iter146_collab_phases_b2_to_f.TestPhaseF_KarmaRatings" name="test_admin_karma_config" time="0.220" /><testcase classname="backend.tests.test_iter146_collab_phases_b2_to_f" name="test_zzz_cleanup" time="0.970" /></testsuite></testsuites>