<?xml version="1.0" encoding="utf-8"?><testsuites name="pytest tests"><testsuite name="pytest" errors="0" failures="0" skipped="0" tests="11" time="1.624" timestamp="2026-06-29T16:52:13.285416+00:00" hostname="agent-env-c7297c88-630f-4806-9251-18e9451c57aa"><testcase classname="backend.tests.test_iter179_fm_iimb_imports.TestTemplateDownload" name="test_template_xlsx_200_and_mime" time="0.595" /><testcase classname="backend.tests.test_iter179_fm_iimb_imports.TestImportFile" name="test_import_filled_template_returns_patch" time="0.243" /><testcase classname="backend.tests.test_iter179_fm_iimb_imports.TestImportFile" name="test_import_non_template_returns_422" time="0.165" /><testcase classname="backend.tests.test_iter179_fm_iimb_imports.TestImportSheet" name="test_import_sheet_bad_url_422" time="0.053" /><testcase classname="backend.tests.test_iter179_fm_iimb_imports.TestImportSheet" name="test_import_sheet_empty_url_422" time="0.054" /><testcase classname="backend.tests.test_iter179_fm_iimb_imports.TestImportSheet" name="test_import_sheet_valid_id_url_is_accepted_by_id_parser" time="0.162" /><testcase classname="backend.tests.test_iter179_fm_iimb_imports.TestComputeIIMB" name="test_iimb_block_shape" time="0.052" /><testcase classname="backend.tests.test_iter179_fm_iimb_imports.TestComputeIIMB" name="test_wacc_capm_math_and_used_equals_capm" time="0.055" /><testcase classname="backend.tests.test_iter179_fm_iimb_imports.TestComputeIIMB" name="test_wacc_direct_used_equals_wacc_pct" time="0.052" /><testcase classname="backend.tests.test_iter179_fm_iimb_imports.TestComputeIIMB" name="test_fcff_matches_valuation_block" time="0.052" /><testcase classname="backend.tests.test_iter179_fm_iimb_imports.TestComputeIIMB" name="test_market_ev_crosscheck" time="0.054" /></testsuite></testsuites>