<?xml version="1.0" encoding="utf-8"?><testsuites name="pytest tests"><testsuite name="pytest" errors="0" failures="0" skipped="0" tests="12" time="1.804" timestamp="2026-06-24T14:27:37.973824+00:00" hostname="agent-env-8c9065bf-bd61-4a78-ab3f-2a872a6293c8"><testcase classname="backend.tests.test_iter154_acm_grouping.TestHealthAndAuth" name="test_health_live_no_auth" time="0.180" /><testcase classname="backend.tests.test_iter154_acm_grouping.TestHealthAndAuth" name="test_auth_me_after_login" time="0.527" /><testcase classname="backend.tests.test_iter154_acm_grouping.TestHealthAndAuth" name="test_acm_my_access" time="0.120" /><testcase classname="backend.tests.test_iter154_acm_grouping.TestHealthAndAuth" name="test_action_items_list" time="0.122" /><testcase classname="backend.tests.test_iter154_acm_grouping.TestACMMatrixGrouping" name="test_seed_version" time="0.124" /><testcase classname="backend.tests.test_iter154_acm_grouping.TestACMMatrixGrouping" name="test_section_problem_solvers_present" time="0.137" /><testcase classname="backend.tests.test_iter154_acm_grouping.TestACMMatrixGrouping" name="test_emotional_gatekeeper_parent" time="0.000" /><testcase classname="backend.tests.test_iter154_acm_grouping.TestACMMatrixGrouping" name="test_conflict_breaker_parent" time="0.000" /><testcase classname="backend.tests.test_iter154_acm_grouping.TestACMMatrixGrouping" name="test_solution_finder_parent" time="0.000" /><testcase classname="backend.tests.test_iter154_acm_grouping.TestACMMatrixGrouping" name="test_swot_appears_once" time="0.000" /><testcase classname="backend.tests.test_iter154_acm_grouping.TestACMMatrixGrouping" name="test_nine_sections_present" time="0.000" /><testcase classname="backend.tests.test_iter154_acm_grouping.TestApplyToAllUserTypes" name="test_bulk_apply_all_audiences" time="0.522" /></testsuite></testsuites>