<?xml version="1.0" encoding="utf-8"?><testsuites name="pytest tests"><testsuite name="pytest" errors="0" failures="0" skipped="0" tests="6" time="1.289" timestamp="2026-05-31T18:20:03.640303+00:00" hostname="agent-env-5465d40e-5c8f-4afc-a7fe-cd82d5e1607d"><testcase classname="backend.tests.test_iter27_retest" name="test_health" time="0.210" /><testcase classname="backend.tests.test_iter27_retest" name="test_create_sf_with_tree" time="0.489" /><testcase classname="backend.tests.test_iter27_retest" name="test_reload_sf_hydration" time="0.155" /><testcase classname="backend.tests.test_iter27_retest" name="test_create_asm_linked_to_sf" time="0.129" /><testcase classname="backend.tests.test_iter27_retest" name="test_asm_entries_endpoint" time="0.108" /><testcase classname="backend.tests.test_iter27_retest" name="test_push_action_plan" time="0.134" /></testsuite></testsuites>