<?xml version="1.0" encoding="utf-8"?><testsuites name="pytest tests"><testsuite name="pytest" errors="0" failures="0" skipped="0" tests="6" time="2.836" timestamp="2026-06-26T07:32:31.164833+00:00" hostname="agent-env-c7297c88-630f-4806-9251-18e9451c57aa"><testcase classname="tests.test_chatgpt_share_import" name="test_is_conversation_url" time="0.001" /><testcase classname="tests.test_chatgpt_share_import" name="test_chatgpt_share_extracts_real_conversation" time="0.588" /><testcase classname="tests.test_claude_share_import" name="test_is_conversation_url_claude" time="0.000" /><testcase classname="tests.test_claude_share_import" name="test_claude_share_extracts_real_conversation" time="1.008" /><testcase classname="tests.test_gemini_guard_iter163" name="test_is_gemini_share_url_helper" time="0.000" /><testcase classname="tests.test_gemini_guard_iter163" name="test_gemini_share_import_returns_fast_422" time="0.795" /></testsuite></testsuites>