<?xml version="1.0" encoding="utf-8"?><testsuites name="pytest tests"><testsuite name="pytest" errors="0" failures="0" skipped="0" tests="10" time="1.735" timestamp="2026-06-14T21:52:27.284913+00:00" hostname="agent-env-91687f34-e41f-4726-8257-7c3e251e2f8f"><testcase classname="backend.tests.test_tepfi_overrides.TestDashboardEnrichment" name="test_overall_dashboard_cells_enriched" time="0.380" /><testcase classname="backend.tests.test_tepfi_overrides.TestDashboardEnrichment" name="test_scoped_dashboard_cells_enriched" time="0.094" /><testcase classname="backend.tests.test_tepfi_overrides.TestOverrideAll" name="test_put_override_all_visible_in_dashboard" time="0.110" /><testcase classname="backend.tests.test_tepfi_overrides.TestScopeIsolation" name="test_all_and_career_overrides_do_not_bleed" time="0.124" /><testcase classname="backend.tests.test_tepfi_overrides.TestDeleteOverride" name="test_delete_override_reverts_to_auto" time="0.122" /><testcase classname="backend.tests.test_tepfi_overrides.TestPerUserIsolation" name="test_user_b_cannot_see_user_a_overrides" time="0.423" /><testcase classname="backend.tests.test_tepfi_overrides.TestValidation" name="test_cell_key_empty_returns_400" time="0.093" /><testcase classname="backend.tests.test_tepfi_overrides.TestValidation" name="test_score_non_numeric_returns_400" time="0.092" /><testcase classname="backend.tests.test_tepfi_overrides.TestEntriesCRUDRegression" name="test_crud_entries_works" time="0.117" /><testcase classname="backend.tests.test_tepfi_overrides.TestMetadata" name="test_effort_subdimensions_returned" time="0.106" /></testsuite></testsuites>