<?xml version="1.0" encoding="utf-8"?><testsuites name="pytest tests"><testsuite name="pytest" errors="0" failures="0" skipped="0" tests="5" time="2.180" timestamp="2026-06-03T14:05:07.293113+00:00" hostname="agent-env-5465d40e-5c8f-4afc-a7fe-cd82d5e1607d"><testcase classname="backend.tests.test_iter44_mpps_to_action_plan.TestMppsBracketedFormat" name="test_import_creates_bracketed_titles" time="1.048" /><testcase classname="backend.tests.test_iter44_mpps_to_action_plan.TestMppsBracketedFormat" name="test_list_endpoint_returns_imported" time="0.118" /><testcase classname="backend.tests.test_iter44_mpps_to_action_plan.TestIdempotency" name="test_second_import_does_not_duplicate" time="0.342" /><testcase classname="backend.tests.test_iter44_mpps_to_action_plan.TestSelfHeal" name="test_title_updates_when_projected_changes" time="0.355" /><testcase classname="backend.tests.test_iter44_mpps_to_action_plan.TestExplicitDelta" name="test_explicit_delta_field_is_used" time="0.180" /></testsuite></testsuites>