<?xml version="1.0" encoding="utf-8"?><testsuites name="pytest tests"><testsuite name="pytest" errors="0" failures="0" skipped="0" tests="13" time="2.831" timestamp="2026-07-17T20:10:24.278674+00:00" hostname="agent-env-c7297c88-630f-4806-9251-18e9451c57aa"><testcase classname="backend.tests.test_decider_store_iter188.TestPublicNoAuth" name="test_list_store_no_auth" time="0.215" /><testcase classname="backend.tests.test_decider_store_iter188.TestPublicNoAuth" name="test_meta_categories" time="0.054" /><testcase classname="backend.tests.test_decider_store_iter188.TestPublicNoAuth" name="test_bmp_detail_no_auth" time="0.059" /><testcase classname="backend.tests.test_decider_store_iter188.TestPublicNoAuth" name="test_import_template_xlsx_no_auth" time="0.071" /><testcase classname="backend.tests.test_decider_store_iter188.TestPublicNoAuth" name="test_public_detail_404_for_missing" time="0.054" /><testcase classname="backend.tests.test_decider_store_iter188.TestAdminFlow" name="test_import_excel_non_admin_gets_403" time="0.134" /><testcase classname="backend.tests.test_decider_store_iter188.TestAdminFlow" name="test_import_excel_admin_ok" time="0.621" /><testcase classname="backend.tests.test_decider_store_iter188.TestAdminFlow" name="test_create_authorize_update_delete" time="0.424" /><testcase classname="backend.tests.test_decider_store_iter188.TestCloneFlow" name="test_clone_full" time="0.138" /><testcase classname="backend.tests.test_decider_store_iter188.TestCloneFlow" name="test_clone_values_only" time="0.132" /><testcase classname="backend.tests.test_decider_store_iter188.TestCloneFlow" name="test_clone_requires_auth" time="0.169" /><testcase classname="backend.tests.test_decider_store_iter188.TestCloneFlow" name="test_paid_template_returns_402" time="0.508" /><testcase classname="backend.tests.test_decider_store_iter188.TestNegative" name="test_admin_all_requires_admin" time="0.173" /></testsuite></testsuites>