<?xml version="1.0" encoding="utf-8"?><testsuites name="pytest tests"><testsuite name="pytest" errors="0" failures="0" skipped="0" tests="8" time="2.144" timestamp="2026-06-26T09:17:46.123634+00:00" hostname="agent-env-c7297c88-630f-4806-9251-18e9451c57aa"><testcase classname="backend.tests.test_iter166_acm_set_user_type.TestSetUserTypeSuper" name="test_set_user_type_cycle[beta]" time="0.645" /><testcase classname="backend.tests.test_iter166_acm_set_user_type.TestSetUserTypeSuper" name="test_set_user_type_cycle[unit_tester]" time="0.103" /><testcase classname="backend.tests.test_iter166_acm_set_user_type.TestSetUserTypeSuper" name="test_set_user_type_cycle[alpha]" time="0.149" /><testcase classname="backend.tests.test_iter166_acm_set_user_type.TestSetUserTypeSuper" name="test_set_user_type_cycle[trial]" time="0.136" /><testcase classname="backend.tests.test_iter166_acm_set_user_type.TestSetUserTypeSuper" name="test_set_user_type_cycle[free]" time="0.141" /><testcase classname="backend.tests.test_iter166_acm_set_user_type.TestSetUserTypeSuper" name="test_invalid_user_type_400" time="0.136" /><testcase classname="backend.tests.test_iter166_acm_set_user_type.TestSetUserTypeGate" name="test_free_user_forbidden" time="0.533" /><testcase classname="backend.tests.test_iter166_acm_set_user_type.TestPiiLookupReflectsType" name="test_lookup_user_type_present" time="0.246" /></testsuite></testsuites>