<?xml version="1.0" encoding="utf-8"?><testsuites name="pytest tests"><testsuite name="pytest" errors="0" failures="0" skipped="1" tests="8" time="0.812" timestamp="2026-06-14T19:38:10.126897+00:00" hostname="agent-env-91687f34-e41f-4726-8257-7c3e251e2f8f"><testcase classname="backend.tests.test_iter120_disclaimer_and_consciousness.TestConsciousnessRename" name="test_questions_endpoint_uses_consciousness" time="0.264" /><testcase classname="backend.tests.test_iter120_disclaimer_and_consciousness.TestConsciousnessRename" name="test_submit_assessment_returns_consciousness_keys" time="0.012" /><testcase classname="backend.tests.test_iter120_disclaimer_and_consciousness.TestConsciousnessRename" name="test_history_has_no_awareness_keys" time="0.006" /><testcase classname="backend.tests.test_iter120_disclaimer_and_consciousness.TestPdfDisclaimerWiring" name="test_disclaimer_flowables_module_exports" time="0.066" /><testcase classname="backend.tests.test_iter120_disclaimer_and_consciousness.TestPdfDisclaimerWiring" name="test_build_pdf_contains_disclaimer_and_brand_footer" time="0.317" /><testcase classname="backend.tests.test_iter120_disclaimer_and_consciousness.TestPdfDisclaimerWiring" name="test_solution_matrix_pdf_contains_disclaimer" time="0.026" /><testcase classname="backend.tests.test_iter120_disclaimer_and_consciousness.TestPdfDisclaimerWiring" name="test_mpps_action_plan_pdf_endpoint_disclaimer" time="0.033" /><testcase classname="backend.tests.test_iter120_disclaimer_and_consciousness.TestRegressionPdfDownload" name="test_dezider_module_pdf_route_exists" time="0.021"><skipped type="pytest.skip" message="entitlement gate: 402">/app/backend/tests/test_iter120_disclaimer_and_consciousness.py:253: entitlement gate: 402</skipped></testcase></testsuite></testsuites>