<?xml version="1.0" encoding="utf-8"?><testsuites name="pytest tests"><testsuite name="pytest" errors="0" failures="0" skipped="0" tests="5" time="4.408" timestamp="2026-06-05T07:28:19.105750+00:00" hostname="agent-env-5465d40e-5c8f-4afc-a7fe-cd82d5e1607d"><testcase classname="backend.tests.test_iter58_subfactor_weightage" name="test_put_factor_weight_persists" time="1.606" /><testcase classname="backend.tests.test_iter58_subfactor_weightage" name="test_weighted_rollup_main_from_subs" time="0.638" /><testcase classname="backend.tests.test_iter58_subfactor_weightage" name="test_equal_rollup_when_no_weights" time="0.716" /><testcase classname="backend.tests.test_iter58_subfactor_weightage" name="test_parent_fallback_when_no_sub_assessed" time="0.473" /><testcase classname="backend.tests.test_iter58_subfactor_weightage" name="test_knockout_uses_rolled_up_pct" time="0.914" /></testsuite></testsuites>