<?xml version="1.0" encoding="utf-8"?><testsuites name="pytest tests"><testsuite name="pytest" errors="0" failures="0" skipped="1" tests="13" time="2.842" timestamp="2026-06-27T11:26:08.566888+00:00" hostname="agent-env-c7297c88-630f-4806-9251-18e9451c57aa"><testcase classname="backend.tests.test_iter169_status_filter_template_gating.TestSolutionBoxStatusShape" name="test_every_item_has_progress_fields" time="0.492" /><testcase classname="backend.tests.test_iter169_status_filter_template_gating.TestSolutionBoxStatusShape" name="test_band_status_consistency" time="0.110" /><testcase classname="backend.tests.test_iter169_status_filter_template_gating.TestSolutionBoxStatusFilter" name="test_band_filter_returns_only_matching[ip_high]" time="0.110" /><testcase classname="backend.tests.test_iter169_status_filter_template_gating.TestSolutionBoxStatusFilter" name="test_band_filter_returns_only_matching[ip_mid]" time="0.106" /><testcase classname="backend.tests.test_iter169_status_filter_template_gating.TestSolutionBoxStatusFilter" name="test_band_filter_returns_only_matching[ip_low]" time="0.140" /><testcase classname="backend.tests.test_iter169_status_filter_template_gating.TestSolutionBoxStatusFilter" name="test_band_filter_returns_only_matching[completed]" time="0.113" /><testcase classname="backend.tests.test_iter169_status_filter_template_gating.TestSolutionBoxStatusFilter" name="test_band_filter_returns_only_matching[draft]" time="0.119" /><testcase classname="backend.tests.test_iter169_status_filter_template_gating.TestSolutionBoxStatusFilter" name="test_in_progress_returns_any_ip_band" time="0.107" /><testcase classname="backend.tests.test_iter169_status_filter_template_gating.TestSolutionBoxStatusFilter" name="test_no_param_returns_all" time="0.670" /><testcase classname="backend.tests.test_iter169_status_filter_template_gating.TestTemplatePublicGating" name="test_non_completed_decider_public_blocked" time="0.209" /><testcase classname="backend.tests.test_iter169_status_filter_template_gating.TestTemplatePublicGating" name="test_non_completed_decider_private_allowed" time="0.381" /><testcase classname="backend.tests.test_iter169_status_filter_template_gating.TestTemplatePublicGating" name="test_completed_decider_public_allowed" time="0.110"><skipped type="pytest.skip" message="No completed decider in current data - skip positive case">/app/backend/tests/test_iter169_status_filter_template_gating.py:148: No completed decider in current data - skip positive case</skipped></testcase><testcase classname="backend.tests.test_iter169_status_filter_template_gating.TestVCPickReorderDemo" name="test_vc_pick_card_is_ip_high" time="0.105" /></testsuite></testsuites>