<?xml version="1.0" encoding="utf-8"?><testsuites name="pytest tests"><testsuite name="pytest" errors="0" failures="0" skipped="0" tests="9" time="4.368" timestamp="2026-06-06T18:40:03.022144+00:00" hostname="agent-env-5465d40e-5c8f-4afc-a7fe-cd82d5e1607d"><testcase classname="backend.tests.test_iter67_security_config" name="test_default_skip_otp_is_true" time="1.677" /><testcase classname="backend.tests.test_iter67_security_config" name="test_get_security_config_visible_to_plain_admin" time="0.115" /><testcase classname="backend.tests.test_iter67_security_config" name="test_get_security_config_forbidden_for_regular_user" time="0.111" /><testcase classname="backend.tests.test_iter67_security_config" name="test_put_security_config_forbidden_for_plain_admin" time="0.112" /><testcase classname="backend.tests.test_iter67_security_config" name="test_put_security_config_forbidden_for_regular_user" time="0.112" /><testcase classname="backend.tests.test_iter67_security_config" name="test_admin_me_flips_with_toggle" time="0.644" /><testcase classname="backend.tests.test_iter67_security_config" name="test_regular_user_me_unaffected_by_toggle" time="0.488" /><testcase classname="backend.tests.test_iter67_security_config" name="test_super_admin_login_returns_whatsapp_verified_true_when_toggle_on" time="0.453" /><testcase classname="backend.tests.test_iter67_security_config" name="test_admin_login_returns_whatsapp_verified_true_when_toggle_on" time="0.580" /></testsuite></testsuites>