<?xml version="1.0" encoding="utf-8"?><testsuites name="pytest tests"><testsuite name="pytest" errors="0" failures="0" skipped="0" tests="4" time="7.665" timestamp="2026-06-23T21:08:34.394754+00:00" hostname="agent-env-8c9065bf-bd61-4a78-ab3f-2a872a6293c8"><testcase classname="backend.tests.test_iter149_ultramsg_status.TestUltramsgStatus" name="test_unauthenticated_returns_401" time="0.153" /><testcase classname="backend.tests.test_iter149_ultramsg_status.TestUltramsgStatus" name="test_super_admin_returns_status_shape" time="5.654" /><testcase classname="backend.tests.test_iter149_ultramsg_status.TestShareDeepLink" name="test_create_email_share_returns_token" time="0.805" /><testcase classname="backend.tests.test_iter149_ultramsg_status.TestShareDeepLink" name="test_resolve_share_requires_auth" time="0.992" /></testsuite></testsuites>