<?xml version="1.0" encoding="utf-8"?><testsuites name="pytest tests"><testsuite name="pytest" errors="0" failures="0" skipped="0" tests="5" time="0.882" timestamp="2026-06-06T10:14:35.519686+00:00" hostname="agent-env-5465d40e-5c8f-4afc-a7fe-cd82d5e1607d"><testcase classname="backend.tests.test_iter61_pros_cons_wizard" name="test_duplicate_pro_409" time="0.632" /><testcase classname="backend.tests.test_iter61_pros_cons_wizard" name="test_duplicate_con_409" time="0.013" /><testcase classname="backend.tests.test_iter61_pros_cons_wizard" name="test_promote_then_rename_con_updates_factor_name" time="0.024" /><testcase classname="backend.tests.test_iter61_pros_cons_wizard" name="test_promote_then_rename_pro_updates_factor_name" time="0.025" /><testcase classname="backend.tests.test_iter61_pros_cons_wizard" name="test_subfactor_and_metadata_persistence" time="0.102" /></testsuite></testsuites>