<?xml version="1.0" encoding="utf-8"?><testsuites name="pytest tests"><testsuite name="pytest" errors="0" failures="0" skipped="0" tests="16" time="9.125" timestamp="2026-06-06T16:45:31.451295+00:00" hostname="agent-env-5465d40e-5c8f-4afc-a7fe-cd82d5e1607d"><testcase classname="backend.tests.test_iter65_ai_wallet_refill.TestPacks" name="test_user_sees_three_packs_inr" time="1.435" /><testcase classname="backend.tests.test_iter65_ai_wallet_refill.TestPacks" name="test_admin_buyer_gets_1pct_markup" time="0.518" /><testcase classname="backend.tests.test_iter65_ai_wallet_refill.TestQuote" name="test_quote_1000_credits_breakdown" time="0.145" /><testcase classname="backend.tests.test_iter65_ai_wallet_refill.TestQuote" name="test_quote_below_min_returns_400" time="0.123" /><testcase classname="backend.tests.test_iter65_ai_wallet_refill.TestQuote" name="test_quote_pack_pro" time="0.111" /><testcase classname="backend.tests.test_iter65_ai_wallet_refill.TestQuote" name="test_quote_invalid_pack" time="0.121" /><testcase classname="backend.tests.test_iter65_ai_wallet_refill.TestOrder" name="test_order_starter_creates_razorpay_order" time="2.798" /><testcase classname="backend.tests.test_iter65_ai_wallet_refill.TestOrder" name="test_order_custom_credits" time="0.892" /><testcase classname="backend.tests.test_iter65_ai_wallet_refill.TestOrder" name="test_order_below_min_400" time="0.172" /><testcase classname="backend.tests.test_iter65_ai_wallet_refill.TestVerify" name="test_bogus_signature_400" time="1.446" /><testcase classname="backend.tests.test_iter65_ai_wallet_refill.TestVerify" name="test_missing_fields_400" time="0.122" /><testcase classname="backend.tests.test_iter65_ai_wallet_refill.TestCheckout" name="test_checkout_html_includes_razorpay" time="0.121" /><testcase classname="backend.tests.test_iter65_ai_wallet_refill.TestAdminConfig" name="test_user_blocked_403" time="0.157" /><testcase classname="backend.tests.test_iter65_ai_wallet_refill.TestAdminConfig" name="test_admin_role_blocked_403" time="0.113" /><testcase classname="backend.tests.test_iter65_ai_wallet_refill.TestAdminConfig" name="test_super_admin_updates_and_packs_reflect" time="0.349" /><testcase classname="backend.tests.test_iter65_ai_wallet_refill.TestAdminConfig" name="test_super_admin_updates_packs_and_route" time="0.418" /></testsuite></testsuites>