<?xml version="1.0" encoding="utf-8"?><testsuites name="pytest tests"><testsuite name="pytest" errors="0" failures="0" skipped="0" tests="13" time="5.835" timestamp="2026-06-04T20:19:14.191513+00:00" hostname="agent-env-5465d40e-5c8f-4afc-a7fe-cd82d5e1607d"><testcase classname="backend.tests.test_iter52_catalog_node_crud.TestLevelGating" name="test_l0_life_areas_not_editable_or_deletable" time="0.729" /><testcase classname="backend.tests.test_iter52_catalog_node_crud.TestLevelGating" name="test_l1_subareas_editable_and_deletable" time="0.480" /><testcase classname="backend.tests.test_iter52_catalog_node_crud.TestLevelGating" name="test_l1_not_editable_for_plain_admin" time="0.507" /><testcase classname="backend.tests.test_iter52_catalog_node_crud.TestL0Protection" name="test_put_l0_life_area_forbidden" time="0.117" /><testcase classname="backend.tests.test_iter52_catalog_node_crud.TestL0Protection" name="test_delete_l0_life_area_forbidden" time="0.152" /><testcase classname="backend.tests.test_iter52_catalog_node_crud.TestRoleGateOnNodes" name="test_admin_cannot_create_node" time="0.116" /><testcase classname="backend.tests.test_iter52_catalog_node_crud.TestRoleGateOnNodes" name="test_admin_cannot_update_node" time="0.115" /><testcase classname="backend.tests.test_iter52_catalog_node_crud.TestRoleGateOnNodes" name="test_admin_cannot_delete_node" time="0.154" /><testcase classname="backend.tests.test_iter52_catalog_node_crud.TestNodeCRUD" name="test_create_rename_delete" time="0.794" /><testcase classname="backend.tests.test_iter52_catalog_node_crud.TestReparent" name="test_delete_with_children_blocks_then_reparent" time="0.809" /><testcase classname="backend.tests.test_iter52_catalog_node_crud.TestRegression" name="test_meta_caps_unchanged" time="0.725" /><testcase classname="backend.tests.test_iter52_catalog_node_crud.TestRegression" name="test_super_admin_scenario_create_and_cascade_delete" time="0.548" /><testcase classname="backend.tests.test_iter52_catalog_node_crud.TestRegression" name="test_admin_can_still_create_solution_item" time="0.535" /></testsuite></testsuites>