<?xml version="1.0" encoding="utf-8"?><testsuites name="pytest tests"><testsuite name="pytest" errors="0" failures="1" skipped="0" tests="9" time="5.403" timestamp="2026-06-05T08:20:24.360376+00:00" hostname="agent-env-5465d40e-5c8f-4afc-a7fe-cd82d5e1607d"><testcase classname="backend.tests.test_iter60_md_ai_assess.TestAIAssessErrors" name="test_400_when_no_actual_value" time="0.967" /><testcase classname="backend.tests.test_iter60_md_ai_assess.TestAIAssessErrors" name="test_404_bad_decision_id" time="0.113" /><testcase classname="backend.tests.test_iter60_md_ai_assess.TestAIAssessErrors" name="test_404_bad_factor_id" time="0.147" /><testcase classname="backend.tests.test_iter60_md_ai_assess.TestAIAssessErrors" name="test_404_bad_option_id" time="0.118" /><testcase classname="backend.tests.test_iter60_md_ai_assess.TestAIAssessMainFactor" name="test_200_returns_pct_and_persists" time="2.855" /><testcase classname="backend.tests.test_iter60_md_ai_assess.TestAIAssessSubFactor" name="test_200_subfactor_returns_pct_and_persists" time="0.305" /><testcase classname="backend.tests.test_iter60_md_ai_assess.TestAIAssessSubFactor" name="test_uses_stored_actual_when_omitted" time="0.152"><failure message="AssertionError: {&quot;detail&quot;:&quot;AI assessment unavailable — please enter % manually.&quot;}&#10;assert 502 == 200&#10; +  where 502 = &lt;Response [502]&gt;.status_code">backend/tests/test_iter60_md_ai_assess.py:217: in test_uses_stored_actual_when_omitted
    assert r.status_code == 200, r.text
E   AssertionError: {"detail":"AI assessment unavailable — please enter % manually."}
E   assert 502 == 200
E    +  where 502 = &lt;Response [502]&gt;.status_code</failure></testcase><testcase classname="backend.tests.test_iter60_md_ai_assess.TestRegression" name="test_get_decision_still_200" time="0.147" /><testcase classname="backend.tests.test_iter60_md_ai_assess.TestRegression" name="test_put_decision_still_200" time="0.518" /></testsuite></testsuites>