<?xml version="1.0" encoding="utf-8"?><testsuites name="pytest tests"><testsuite name="pytest" errors="0" failures="0" skipped="0" tests="28" time="7.990" timestamp="2026-06-12T15:13:40.623455+00:00" hostname="agent-env-91687f34-e41f-4726-8257-7c3e251e2f8f"><testcase classname="tests.test_notification_engine_api.TestRegistryAndSeed" name="test_registry_returns_two_events" time="0.810" /><testcase classname="tests.test_notification_engine_api.TestRegistryAndSeed" name="test_seeded_digest_trigger_present" time="0.115" /><testcase classname="tests.test_notification_engine_api.TestCRUDValidation" name="test_create_event_kind_trigger" time="0.224" /><testcase classname="tests.test_notification_engine_api.TestCRUDValidation" name="test_update_channels_normalises_recipients_lowercase" time="0.350" /><testcase classname="tests.test_notification_engine_api.TestCRUDValidation" name="test_invalid_email_400" time="0.398" /><testcase classname="tests.test_notification_engine_api.TestCRUDValidation" name="test_invalid_phone_short_400" time="0.343" /><testcase classname="tests.test_notification_engine_api.TestCRUDValidation" name="test_unknown_event_key_400" time="0.138" /><testcase classname="tests.test_notification_engine_api.TestCRUDValidation" name="test_schedule_on_event_kind_400" time="0.342" /><testcase classname="tests.test_notification_engine_api.TestCRUDValidation" name="test_bad_timezone_400" time="0.114" /><testcase classname="tests.test_notification_engine_api.TestSendAndRuns" name="test_test_send_no_recipients_returns_skipped" time="0.332" /><testcase classname="tests.test_notification_engine_api.TestSendAndRuns" name="test_test_send_with_email_recipient_sends" time="0.751" /><testcase classname="tests.test_notification_engine_api.TestSendAndRuns" name="test_runs_endpoint_returns_dispatch_log" time="1.479" /><testcase classname="tests.test_notification_engine_api.TestDelete" name="test_delete_twice_404" time="0.335" /><testcase classname="tests.test_notification_engine_api.TestRBAC" name="test_admin_role_gets_403[GET-/registry]" time="0.434" /><testcase classname="tests.test_notification_engine_api.TestRBAC" name="test_admin_role_gets_403[GET-/triggers]" time="0.107" /><testcase classname="tests.test_notification_engine_api.TestRBAC" name="test_admin_role_gets_403[POST-/triggers]" time="0.134" /><testcase classname="tests.test_notification_engine_api.TestRBAC" name="test_admin_role_gets_403[PUT-/triggers/some-id]" time="0.112" /><testcase classname="tests.test_notification_engine_api.TestRBAC" name="test_admin_role_gets_403[DELETE-/triggers/some-id]" time="0.108" /><testcase classname="tests.test_notification_engine_api.TestRBAC" name="test_admin_role_gets_403[POST-/triggers/some-id/test]" time="0.118" /><testcase classname="tests.test_notification_engine_api.TestRBAC" name="test_admin_role_gets_403[GET-/runs]" time="0.114" /><testcase classname="tests.test_notification_engine_api.TestRBAC" name="test_anonymous_gets_401[GET-/registry]" time="0.103" /><testcase classname="tests.test_notification_engine_api.TestRBAC" name="test_anonymous_gets_401[GET-/triggers]" time="0.119" /><testcase classname="tests.test_notification_engine_api.TestRBAC" name="test_anonymous_gets_401[POST-/triggers]" time="0.124" /><testcase classname="tests.test_notification_engine_api.TestRBAC" name="test_anonymous_gets_401[PUT-/triggers/some-id]" time="0.131" /><testcase classname="tests.test_notification_engine_api.TestRBAC" name="test_anonymous_gets_401[DELETE-/triggers/some-id]" time="0.109" /><testcase classname="tests.test_notification_engine_api.TestRBAC" name="test_anonymous_gets_401[POST-/triggers/some-id/test]" time="0.123" /><testcase classname="tests.test_notification_engine_api.TestRBAC" name="test_anonymous_gets_401[GET-/runs]" time="0.118" /><testcase classname="tests.test_notification_engine_api.TestCleanup" name="test_zzz_restore_seeded_trigger_channels" time="0.219" /></testsuite></testsuites>