<?xml version="1.0" encoding="utf-8"?><testsuites name="pytest tests"><testsuite name="pytest" errors="0" failures="1" skipped="0" tests="3" time="9.640" timestamp="2026-06-06T15:03:05.506190+00:00" hostname="agent-env-5465d40e-5c8f-4afc-a7fe-cd82d5e1607d"><testcase classname="backend.tests.test_iter64_ai_wallet.TestAssess402" name="test_dezider_ai_assess_402_when_empty" time="1.329" /><testcase classname="backend.tests.test_iter64_ai_wallet.TestAssess402" name="test_pros_cons_ai_assess_402_when_empty" time="0.597" /><testcase classname="backend.tests.test_iter64_ai_wallet.TestAssess402" name="test_assess_succeeds_after_refill" time="7.540"><failure message="AssertionError: assert ('assessment_pct' in {'actual_value': '80', 'percentage': 80, 'source': 'user'} or 'satisfaction_pct' in {'actual_value': '80', 'percentage': 80, 'source': 'user'})">backend/tests/test_iter64_ai_wallet.py:314: in test_assess_succeeds_after_refill
    assert "assessment_pct" in d or "satisfaction_pct" in d
E   AssertionError: assert ('assessment_pct' in {'actual_value': '80', 'percentage': 80, 'source': 'user'} or 'satisfaction_pct' in {'actual_value': '80', 'percentage': 80, 'source': 'user'})</failure></testcase></testsuite></testsuites>