<?xml version="1.0" encoding="utf-8"?><testsuites name="pytest tests"><testsuite name="pytest" errors="0" failures="0" skipped="0" tests="9" time="2.876" timestamp="2026-05-31T18:19:01.985726+00:00" hostname="agent-env-5465d40e-5c8f-4afc-a7fe-cd82d5e1607d"><testcase classname="backend.tests.test_asm_entries_iter26" name="test_health" time="0.289" /><testcase classname="backend.tests.test_asm_entries_iter26" name="test_create_sf" time="0.471" /><testcase classname="backend.tests.test_asm_entries_iter26" name="test_create_asm_linked_solution" time="0.120" /><testcase classname="backend.tests.test_asm_entries_iter26" name="test_create_asm_linked_all_concerns" time="0.118" /><testcase classname="backend.tests.test_asm_entries_iter26" name="test_asm_entries_endpoint" time="0.702" /><testcase classname="backend.tests.test_asm_entries_iter26" name="test_asm_entries_404_for_unknown" time="0.120" /><testcase classname="backend.tests.test_asm_entries_iter26" name="test_sf_get_and_put" time="0.277" /><testcase classname="backend.tests.test_asm_entries_iter26" name="test_asm_list_and_get" time="0.266" /><testcase classname="backend.tests.test_asm_entries_iter26" name="test_asm_entries_requires_auth" time="0.457" /></testsuite></testsuites>