<?xml version="1.0" encoding="utf-8"?><testsuites name="pytest tests"><testsuite name="pytest" errors="0" failures="0" skipped="0" tests="19" time="8.027" timestamp="2026-06-07T04:17:43.686747+00:00" hostname="agent-env-91687f34-e41f-4726-8257-7c3e251e2f8f"><testcase classname="backend.tests.test_iter72_decisions_refactor.TestDecisionsCRUD" name="test_health" time="0.141" /><testcase classname="backend.tests.test_iter72_decisions_refactor.TestDecisionsCRUD" name="test_create_list_get_decision" time="0.775" /><testcase classname="backend.tests.test_iter72_decisions_refactor.TestDecisionsCRUD" name="test_update_recomputes_worth_percentage" time="0.438" /><testcase classname="backend.tests.test_iter72_decisions_refactor.TestDecisionsCRUD" name="test_delete_moves_to_trash" time="0.318" /><testcase classname="backend.tests.test_iter72_decisions_refactor.TestDecisionsCRUD" name="test_clone_decision" time="0.712" /><testcase classname="backend.tests.test_iter72_decisions_refactor.TestTemplates" name="test_template_lifecycle" time="0.893" /><testcase classname="backend.tests.test_iter72_decisions_refactor.TestAdmin" name="test_admin_promote_demote_forbidden_for_non_root" time="0.663" /><testcase classname="backend.tests.test_iter72_decisions_refactor.TestAdmin" name="test_admin_users_list" time="0.448" /><testcase classname="backend.tests.test_iter72_decisions_refactor.TestAdmin" name="test_super_admin_can_call_promote_route" time="0.104" /><testcase classname="backend.tests.test_iter72_decisions_refactor.TestTest123" name="test_test123_full_lifecycle" time="0.584" /><testcase classname="backend.tests.test_iter72_decisions_refactor.TestModeAssessment" name="test_questions" time="0.153" /><testcase classname="backend.tests.test_iter72_decisions_refactor.TestModeAssessment" name="test_history" time="0.109" /><testcase classname="backend.tests.test_iter72_decisions_refactor.TestJournal" name="test_journal_full_lifecycle" time="0.816" /><testcase classname="backend.tests.test_iter72_decisions_refactor.TestDashboard" name="test_stats" time="0.111" /><testcase classname="backend.tests.test_iter72_decisions_refactor.TestDashboard" name="test_folders" time="0.119" /><testcase classname="backend.tests.test_iter72_decisions_refactor.TestSharing" name="test_received_sent_listings" time="0.213" /><testcase classname="backend.tests.test_iter72_decisions_refactor.TestSharing" name="test_share_step_no_valid_recipients_returns_400" time="0.351" /><testcase classname="backend.tests.test_iter72_decisions_refactor.TestMPPSDownloads" name="test_csv_and_pdf" time="0.572" /><testcase classname="backend.tests.test_iter72_decisions_refactor.TestAssessmentTemplate" name="test_xlsx_template" time="0.446" /></testsuite></testsuites>