<?xml version="1.0" encoding="utf-8"?><testsuites name="pytest tests"><testsuite name="pytest" errors="0" failures="0" skipped="0" tests="9" time="6.968" timestamp="2026-06-05T07:55:26.533394+00:00" hostname="agent-env-5465d40e-5c8f-4afc-a7fe-cd82d5e1607d"><testcase classname="backend.tests.test_iter59_xls_ai_assess.TestAIAssess" name="test_ai_assess_requires_actual" time="1.387" /><testcase classname="backend.tests.test_iter59_xls_ai_assess.TestAIAssess" name="test_ai_assess_returns_pct_and_persists" time="3.315" /><testcase classname="backend.tests.test_iter59_xls_ai_assess.TestAIAssess" name="test_ai_assess_404_bad_factor" time="0.108" /><testcase classname="backend.tests.test_iter59_xls_ai_assess.TestPCXls" name="test_export_returns_xlsx" time="0.117" /><testcase classname="backend.tests.test_iter59_xls_ai_assess.TestPCXls" name="test_round_trip_import" time="0.548" /><testcase classname="backend.tests.test_iter59_xls_ai_assess.TestPCXls" name="test_import_rejects_garbage" time="0.116" /><testcase classname="backend.tests.test_iter59_xls_ai_assess.TestMDXls" name="test_export_returns_xlsx" time="0.357" /><testcase classname="backend.tests.test_iter59_xls_ai_assess.TestMDXls" name="test_round_trip_import" time="0.575" /><testcase classname="backend.tests.test_iter59_xls_ai_assess.TestMDXls" name="test_import_rejects_garbage" time="0.379" /></testsuite></testsuites>