<?xml version="1.0" encoding="utf-8"?><testsuites name="pytest tests"><testsuite name="pytest" errors="0" failures="0" skipped="0" tests="4" time="1.503" timestamp="2026-05-30T16:47:53.813768+00:00" hostname="agent-env-21a0f00a-7384-4bd3-b3d8-6148ea612356"><testcase classname="tests.test_iter21_retest.TestFeatureFlagDefaults" name="test_defaults_true_when_no_doc" time="0.769" /><testcase classname="tests.test_iter21_retest.TestFeatureFlagDefaults" name="test_defaults_true_after_partial_doc" time="0.053" /><testcase classname="tests.test_iter21_retest.TestPushActionPlanPerItem" name="test_per_item_granularity" time="0.325" /><testcase classname="tests.test_iter21_retest.TestPushActionPlanLegacyShape" name="test_legacy_global_flags_still_work" time="0.232" /></testsuite></testsuites>