<?xml version="1.0" encoding="utf-8"?><testsuites name="pytest tests"><testsuite name="pytest" errors="0" failures="0" skipped="0" tests="8" time="3.303" timestamp="2026-06-24T09:10:05.269256+00:00" hostname="agent-env-8c9065bf-bd61-4a78-ab3f-2a872a6293c8"><testcase classname="backend.tests.test_iter152_manifestation_admin_otp" name="test_public_framework_returns_7_stages" time="0.165" /><testcase classname="backend.tests.test_iter152_manifestation_admin_otp" name="test_admin_framework_requires_auth" time="0.103" /><testcase classname="backend.tests.test_iter152_manifestation_admin_otp" name="test_admin_framework_get_with_super" time="0.473" /><testcase classname="backend.tests.test_iter152_manifestation_admin_otp" name="test_admin_framework_put_then_reset" time="0.663" /><testcase classname="backend.tests.test_iter152_manifestation_admin_otp" name="test_admin_framework_put_validates_payload" time="0.104" /><testcase classname="backend.tests.test_iter152_manifestation_admin_otp" name="test_otp_test_requires_admin" time="0.115" /><testcase classname="backend.tests.test_iter152_manifestation_admin_otp" name="test_otp_test_email" time="0.340" /><testcase classname="backend.tests.test_iter152_manifestation_admin_otp" name="test_otp_test_whatsapp" time="1.278" /></testsuite></testsuites>