<?xml version="1.0" encoding="utf-8"?><testsuites name="pytest tests"><testsuite name="pytest" errors="0" failures="0" skipped="0" tests="3" time="4.799" timestamp="2026-06-27T22:27:41.913304+00:00" hostname="agent-env-c7297c88-630f-4806-9251-18e9451c57aa"><testcase classname="tests.test_iter172_step_contribution.TestDecisionShareContribute" name="test_create_decision_share_and_full_flow" time="1.718" /><testcase classname="tests.test_iter172_step_contribution.TestProsConsShareContribute" name="test_pc_clone_flow_and_list_exclusion" time="1.539" /><testcase classname="tests.test_iter172_step_contribution.TestSolutionFinderShareContribute" name="test_sf_clone_flow_and_list_exclusion" time="1.475" /></testsuite></testsuites>