<?xml version="1.0" encoding="utf-8"?><testsuites name="pytest tests"><testsuite name="pytest" errors="0" failures="0" skipped="0" tests="9" time="1.846" timestamp="2026-06-08T11:18:24.466278+00:00" hostname="agent-env-91687f34-e41f-4726-8257-7c3e251e2f8f"><testcase classname="backend.tests.test_iter83_retest_p1_fixes.TestFix1LoaderScheme" name="test_loader_js_has_https_baked_root_and_derive_root" time="0.289" /><testcase classname="backend.tests.test_iter83_retest_p1_fixes.TestFix1LoaderScheme" name="test_demo_host_loader_script_src_is_relative_same_origin" time="0.108" /><testcase classname="backend.tests.test_iter83_retest_p1_fixes.TestFix1LoaderScheme" name="test_html_widget_start_cta_is_https" time="0.117" /><testcase classname="backend.tests.test_iter83_retest_p1_fixes.TestFix2OrgAuthWhatsAppVerified" name="test_org_login_returns_whatsapp_verified_true" time="0.357" /><testcase classname="backend.tests.test_iter83_retest_p1_fixes.TestFix2OrgAuthWhatsAppVerified" name="test_session_token_works_on_auth_me_and_shows_verified" time="0.439" /><testcase classname="backend.tests.test_iter83_retest_p1_fixes.TestRegression" name="test_public_config_200" time="0.107" /><testcase classname="backend.tests.test_iter83_retest_p1_fixes.TestRegression" name="test_demo_host_renders_themed_compare_3_cards" time="0.107" /><testcase classname="backend.tests.test_iter83_retest_p1_fixes.TestRegression" name="test_html_widget_pros_cons_200" time="0.144" /><testcase classname="backend.tests.test_iter83_retest_p1_fixes.TestRegression" name="test_rn_web_embed_shell_reachable" time="0.108" /></testsuite></testsuites>