<?xml version="1.0" encoding="utf-8"?><testsuites name="pytest tests"><testsuite name="pytest" errors="0" failures="2" skipped="0" tests="12" time="7.818" timestamp="2026-06-06T11:09:42.146718+00:00" hostname="agent-env-5465d40e-5c8f-4afc-a7fe-cd82d5e1607d"><testcase classname="backend.tests.test_iter62_ai_assess_validation.TestMDValidation" name="test_md_case1_missing_operator_400" time="0.772" /><testcase classname="backend.tests.test_iter62_ai_assess_validation.TestMDValidation" name="test_md_case2_missing_expected_400" time="0.101" /><testcase classname="backend.tests.test_iter62_ai_assess_validation.TestMDValidation" name="test_md_case3_missing_actual_400" time="0.099" /><testcase classname="backend.tests.test_iter62_ai_assess_validation.TestMDValidation" name="test_md_case4_quant_happy_200" time="5.467" /><testcase classname="backend.tests.test_iter62_ai_assess_validation.TestMDValidation" name="test_md_case5_qual_missing_expected_400" time="0.106" /><testcase classname="backend.tests.test_iter62_ai_assess_validation.TestMDValidation" name="test_md_case6_qual_inferred_actual_200" time="0.145"><failure message="AssertionError: {&quot;detail&quot;:&quot;AI assessment unavailable — please enter % manually.&quot;}&#10;assert 502 == 200&#10; +  where 502 = &lt;Response [502]&gt;.status_code">backend/tests/test_iter62_ai_assess_validation.py:206: in test_md_case6_qual_inferred_actual_200
    assert r.status_code == 200, r.text
E   AssertionError: {"detail":"AI assessment unavailable — please enter % manually."}
E   assert 502 == 200
E    +  where 502 = &lt;Response [502]&gt;.status_code</failure></testcase><testcase classname="backend.tests.test_iter62_ai_assess_validation.TestPCValidation" name="test_pc_case1_missing_operator_400" time="0.322" /><testcase classname="backend.tests.test_iter62_ai_assess_validation.TestPCValidation" name="test_pc_case2_missing_expected_400" time="0.102" /><testcase classname="backend.tests.test_iter62_ai_assess_validation.TestPCValidation" name="test_pc_case3_missing_actual_400" time="0.109" /><testcase classname="backend.tests.test_iter62_ai_assess_validation.TestPCValidation" name="test_pc_case4_quant_happy_200" time="0.146" /><testcase classname="backend.tests.test_iter62_ai_assess_validation.TestPCValidation" name="test_pc_case5_qual_missing_expected_400" time="0.107" /><testcase classname="backend.tests.test_iter62_ai_assess_validation.TestPCValidation" name="test_pc_case6_qual_inferred_actual_200" time="0.248"><failure message="AssertionError: {&quot;detail&quot;:&quot;AI assessment unavailable — please enter % manually.&quot;}&#10;assert 502 == 200&#10; +  where 502 = &lt;Response [502]&gt;.status_code">backend/tests/test_iter62_ai_assess_validation.py:339: in test_pc_case6_qual_inferred_actual_200
    assert r.status_code == 200, r.text
E   AssertionError: {"detail":"AI assessment unavailable — please enter % manually."}
E   assert 502 == 200
E    +  where 502 = &lt;Response [502]&gt;.status_code</failure></testcase></testsuite></testsuites>