<?xml version="1.0" encoding="utf-8"?><testsuites name="pytest tests"><testsuite name="pytest" errors="0" failures="0" skipped="0" tests="8" time="2.681" timestamp="2026-06-24T16:59:38.930565+00:00" hostname="agent-env-8c9065bf-bd61-4a78-ab3f-2a872a6293c8"><testcase classname="backend.tests.test_iter155_dashboard_layout.TestGetDashboardLayout" name="test_unauth_get_rejected" time="0.162" /><testcase classname="backend.tests.test_iter155_dashboard_layout.TestGetDashboardLayout" name="test_admin_get_returns_9_default_sections" time="0.483" /><testcase classname="backend.tests.test_iter155_dashboard_layout.TestGetDashboardLayout" name="test_normal_user_can_get" time="0.631" /><testcase classname="backend.tests.test_iter155_dashboard_layout.TestPutDashboardLayout" name="test_non_admin_put_forbidden" time="0.111" /><testcase classname="backend.tests.test_iter155_dashboard_layout.TestPutDashboardLayout" name="test_admin_put_rename_and_move_persists" time="0.477" /><testcase classname="backend.tests.test_iter155_dashboard_layout.TestPutDashboardLayout" name="test_admin_put_bad_payload_rejected" time="0.292" /><testcase classname="backend.tests.test_iter155_dashboard_layout.TestResetDashboardLayout" name="test_non_admin_reset_forbidden" time="0.116" /><testcase classname="backend.tests.test_iter155_dashboard_layout.TestResetDashboardLayout" name="test_admin_reset_restores_defaults" time="0.344" /></testsuite></testsuites>