<?xml version="1.0" encoding="utf-8"?><testsuites name="pytest tests"><testsuite name="pytest" errors="0" failures="0" skipped="0" tests="9" time="1.493" timestamp="2026-06-06T20:19:56.470952+00:00" hostname="agent-env-5465d40e-5c8f-4afc-a7fe-cd82d5e1607d"><testcase classname="backend.tests.test_iter69_self_contact_and_sf_ai.TestSelfContactOnRegister" name="test_register_returns_session_token" time="0.480" /><testcase classname="backend.tests.test_iter69_self_contact_and_sf_ai.TestSelfContactOnRegister" name="test_self_contact_auto_created" time="0.057" /><testcase classname="backend.tests.test_iter69_self_contact_and_sf_ai.TestSelfContactOnRegister" name="test_ensure_self_is_idempotent" time="0.166" /><testcase classname="backend.tests.test_iter69_self_contact_and_sf_ai.TestSuggestSolutions" name="test_requires_auth" time="0.119" /><testcase classname="backend.tests.test_iter69_self_contact_and_sf_ai.TestSuggestSolutions" name="test_authed_200_or_402_not_500" time="0.339" /><testcase classname="backend.tests.test_iter69_self_contact_and_sf_ai.TestSuggestSolutions" name="test_empty_rcas_returns_empty" time="0.051" /><testcase classname="backend.tests.test_iter69_self_contact_and_sf_ai.TestSuggestRisks" name="test_requires_auth" time="0.110" /><testcase classname="backend.tests.test_iter69_self_contact_and_sf_ai.TestSuggestRisks" name="test_authed_200_or_402_not_500" time="0.053" /><testcase classname="backend.tests.test_iter69_self_contact_and_sf_ai.TestSuggestRisks" name="test_empty_solutions_returns_empty" time="0.053" /></testsuite></testsuites>