<?xml version="1.0" encoding="utf-8"?><testsuites name="pytest tests"><testsuite name="pytest" errors="0" failures="0" skipped="0" tests="3" time="11.737" timestamp="2026-06-26T05:54:20.436573+00:00" hostname="agent-env-c7297c88-630f-4806-9251-18e9451c57aa"><testcase classname="tests.test_claude_and_preview_e2e" name="test_claude_share_import_succeeds" time="7.097" /><testcase classname="tests.test_claude_and_preview_e2e" name="test_chatgpt_preview_does_not_mutate" time="4.230" /><testcase classname="tests.test_claude_and_preview_e2e" name="test_confirm_merges_user_edited_subset" time="0.362" /></testsuite></testsuites>