<?xml version="1.0" encoding="utf-8"?><testsuites name="pytest tests"><testsuite name="pytest" errors="0" failures="0" skipped="0" tests="19" time="1.751" timestamp="2026-06-18T08:20:29.226045+00:00" hostname="agent-env-91687f34-e41f-4726-8257-7c3e251e2f8f"><testcase classname="backend.tests.test_iter134_content_library_phaseA.TestVersion" name="test_version_stamp" time="0.320" /><testcase classname="backend.tests.test_iter134_content_library_phaseA.TestModulesAndSchema" name="test_modules_list_public" time="0.056" /><testcase classname="backend.tests.test_iter134_content_library_phaseA.TestModulesAndSchema" name="test_schema_tenses_feels" time="0.049" /><testcase classname="backend.tests.test_iter134_content_library_phaseA.TestModulesAndSchema" name="test_schema_goals_feels_generic" time="0.052" /><testcase classname="backend.tests.test_iter134_content_library_phaseA.TestAuthGating" name="test_list_blocks_requires_auth" time="0.046" /><testcase classname="backend.tests.test_iter134_content_library_phaseA.TestAuthGating" name="test_seed_requires_auth" time="0.049" /><testcase classname="backend.tests.test_iter134_content_library_phaseA.TestSeed" name="test_seed_first_or_idempotent" time="0.357" /><testcase classname="backend.tests.test_iter134_content_library_phaseA.TestSeed" name="test_seed_idempotent_second_call" time="0.056" /><testcase classname="backend.tests.test_iter134_content_library_phaseA.TestSeed" name="test_seed_force_updates_all" time="0.060" /><testcase classname="backend.tests.test_iter134_content_library_phaseA.TestList" name="test_list_tenses_feels_en" time="0.052" /><testcase classname="backend.tests.test_iter134_content_library_phaseA.TestCRUD" name="test_create_block" time="0.105" /><testcase classname="backend.tests.test_iter134_content_library_phaseA.TestCRUD" name="test_create_duplicate_returns_409" time="0.050" /><testcase classname="backend.tests.test_iter134_content_library_phaseA.TestCRUD" name="test_update_block_increments_version" time="0.052" /><testcase classname="backend.tests.test_iter134_content_library_phaseA.TestCRUD" name="test_delete_block_soft_delete" time="0.102" /><testcase classname="backend.tests.test_iter134_content_library_phaseA.TestRender" name="test_render_en" time="0.054" /><testcase classname="backend.tests.test_iter134_content_library_phaseA.TestRender" name="test_render_hi_falls_back_to_en" time="0.048" /><testcase classname="backend.tests.test_iter134_content_library_phaseA.TestACMv2Regression" name="test_geo_countries" time="0.051" /><testcase classname="backend.tests.test_iter134_content_library_phaseA.TestACMv2Regression" name="test_resolver_config_get" time="0.050" /><testcase classname="backend.tests.test_iter134_content_library_phaseA.TestACMv2Regression" name="test_trial_payments_get" time="0.049" /></testsuite></testsuites>