<?xml version="1.0" encoding="utf-8"?><testsuites name="pytest tests"><testsuite name="pytest" errors="0" failures="0" skipped="0" tests="9" time="2.552" timestamp="2026-06-27T16:34:06.012808+00:00" hostname="agent-env-c7297c88-630f-4806-9251-18e9451c57aa"><testcase classname="backend.tests.test_iter170_catalog_payout.TestPayoutConfigShape" name="test_get_config_returns_required_keys" time="0.667" /><testcase classname="backend.tests.test_iter170_catalog_payout.TestPayoutConfigShape" name="test_default_has_expected_fields" time="0.146" /><testcase classname="backend.tests.test_iter170_catalog_payout.TestGlobalUpsert" name="test_global_upsert_persists" time="0.258" /><testcase classname="backend.tests.test_iter170_catalog_payout.TestGlobalUpsert" name="test_global_rejects_max_lt_min" time="0.104" /><testcase classname="backend.tests.test_iter170_catalog_payout.TestNodeOverride" name="test_node_upsert_then_resolve_then_delete" time="0.702" /><testcase classname="backend.tests.test_iter170_catalog_payout.TestNodeOverride" name="test_node_404_for_unknown_id" time="0.110" /><testcase classname="backend.tests.test_iter170_catalog_payout.TestPreviewEquation" name="test_cash_payout_canonical_example" time="0.264" /><testcase classname="backend.tests.test_iter170_catalog_payout.TestPreviewEquation" name="test_karma_canonical_example" time="0.113" /><testcase classname="backend.tests.test_iter170_catalog_payout.TestPreviewEquation" name="test_preview_unknown_usage_type" time="0.122" /></testsuite></testsuites>