<?xml version="1.0" encoding="utf-8"?><testsuites name="pytest tests"><testsuite name="pytest" errors="0" failures="0" skipped="1" tests="5" time="0.963" timestamp="2026-06-22T20:09:46.556387+00:00" hostname="agent-env-8c9065bf-bd61-4a78-ab3f-2a872a6293c8"><testcase classname="tests.test_iter118_deep_import_rank" name="test_budget_estimate_returns_bounds" time="0.609" /><testcase classname="tests.test_iter118_deep_import_rank" name="test_auto_assess_rank_orders_by_worth" time="0.025" /><testcase classname="tests.test_iter118_deep_import_rank" name="test_mixed_source_options_assessed_and_ranked_uniformly" time="0.018" /><testcase classname="tests.test_iter118_deep_import_rank" name="test_dismiss_rank_prompt" time="0.022" /><testcase classname="tests.test_iter118_deep_import_rank" name="test_admin_deep_import_config_round_trip" time="0.236"><skipped type="pytest.skip" message="Not a super-admin in this env">/app/backend/tests/test_iter118_deep_import_rank.py:190: Not a super-admin in this env</skipped></testcase></testsuite></testsuites>