<?xml version="1.0" encoding="utf-8"?><testsuites name="pytest tests"><testsuite name="pytest" errors="0" failures="0" skipped="0" tests="9" time="3.246" timestamp="2026-05-31T19:34:29.468271+00:00" hostname="agent-env-5465d40e-5c8f-4afc-a7fe-cd82d5e1607d"><testcase classname="backend.tests.test_root_admin_lockdown.TestRegularUserBlocked" name="test_regular_user_setup_forbidden" time="0.673" /><testcase classname="backend.tests.test_root_admin_lockdown.TestRegularUserBlocked" name="test_regular_user_promote_forbidden" time="0.515" /><testcase classname="backend.tests.test_root_admin_lockdown.TestRegularUserBlocked" name="test_regular_user_demote_forbidden" time="0.110" /><testcase classname="backend.tests.test_root_admin_lockdown.TestNonRootAdminBlocked" name="test_non_root_admin_setup_forbidden" time="0.539" /><testcase classname="backend.tests.test_root_admin_lockdown.TestNonRootAdminBlocked" name="test_non_root_admin_promote_forbidden" time="0.106" /><testcase classname="backend.tests.test_root_admin_lockdown.TestNonRootAdminBlocked" name="test_non_root_admin_demote_forbidden" time="0.150" /><testcase classname="backend.tests.test_root_admin_lockdown.TestRootSuperAdminAuthorized" name="test_root_promote_and_demote_roundtrip" time="0.868" /><testcase classname="backend.tests.test_root_admin_lockdown.TestRootSuperAdminAuthorized" name="test_root_cannot_demote_self" time="0.112" /><testcase classname="backend.tests.test_root_admin_lockdown.TestAdminUsersRegression" name="test_non_root_admin_can_list_admins" time="0.112" /></testsuite></testsuites>