<?xml version="1.0" encoding="utf-8"?><testsuites name="pytest tests"><testsuite name="pytest" errors="0" failures="0" skipped="0" tests="11" time="0.996" timestamp="2026-05-31T17:35:57.027990+00:00" hostname="agent-env-5465d40e-5c8f-4afc-a7fe-cd82d5e1607d"><testcase classname="backend.tests.test_asm_phase3.TestACMUnlock" name="test_my_access_includes_orgtype_features_full" time="0.305" /><testcase classname="backend.tests.test_asm_phase3.TestACMUnlock" name="test_check_single_feature_org" time="0.007" /><testcase classname="backend.tests.test_asm_phase3.TestACMUnlock" name="test_acm_seed_version" time="0.237" /><testcase classname="backend.tests.test_asm_phase3.TestSolutionMatrixCRUDAndPush" name="test_create_title_only" time="0.018" /><testcase classname="backend.tests.test_asm_phase3.TestSolutionMatrixCRUDAndPush" name="test_list_contains_created" time="0.008" /><testcase classname="backend.tests.test_asm_phase3.TestSolutionMatrixCRUDAndPush" name="test_get_single" time="0.007" /><testcase classname="backend.tests.test_asm_phase3.TestSolutionMatrixCRUDAndPush" name="test_update_persists" time="0.014" /><testcase classname="backend.tests.test_asm_phase3.TestSolutionMatrixCRUDAndPush" name="test_push_action_plan_fans_out" time="0.065" /><testcase classname="backend.tests.test_asm_phase3.TestSolutionMatrixCRUDAndPush" name="test_push_with_empty_items_returns_zero" time="0.007" /><testcase classname="backend.tests.test_asm_phase3.TestSolutionMatrixCRUDAndPush" name="test_push_unknown_entry_404" time="0.007" /><testcase classname="backend.tests.test_asm_phase3.TestSolutionMatrixCRUDAndPush" name="test_delete_round_trip" time="0.256" /></testsuite></testsuites>