<?xml version="1.0" encoding="utf-8"?><testsuites name="pytest tests"><testsuite name="pytest" errors="0" failures="1" skipped="0" tests="13" time="8.788" timestamp="2026-06-06T18:16:31.769512+00:00" hostname="agent-env-5465d40e-5c8f-4afc-a7fe-cd82d5e1607d"><testcase classname="backend.tests.test_iter66_subscriptions.TestPlans" name="test_list_plans_returns_3_active" time="0.743" /><testcase classname="backend.tests.test_iter66_subscriptions.TestMe" name="test_fresh_user_status_none" time="0.191"><failure message="AssertionError: assert None == 'none'">backend/tests/test_iter66_subscriptions.py:78: in test_fresh_user_status_none
    assert body["status"] == "none"
E   AssertionError: assert None == 'none'</failure></testcase><testcase classname="backend.tests.test_iter66_subscriptions.TestCreate" name="test_recurring_or_onetime_fallback" time="2.935" /><testcase classname="backend.tests.test_iter66_subscriptions.TestCreate" name="test_invalid_plan_returns_400" time="0.146" /><testcase classname="backend.tests.test_iter66_subscriptions.TestOnetime" name="test_create_onetime_pro_returns_order" time="0.947" /><testcase classname="backend.tests.test_iter66_subscriptions.TestOnetime" name="test_verify_onetime_bogus_signature_400" time="1.087" /><testcase classname="backend.tests.test_iter66_subscriptions.TestOnetime" name="test_verify_missing_fields_400" time="0.117" /><testcase classname="backend.tests.test_iter66_subscriptions.TestCheckoutHTML" name="test_checkout_html_loads" time="0.119" /><testcase classname="backend.tests.test_iter66_subscriptions.TestCancel" name="test_cancel_no_sub_graceful" time="0.150" /><testcase classname="backend.tests.test_iter66_subscriptions.TestAdmin" name="test_non_super_admin_403" time="0.510" /><testcase classname="backend.tests.test_iter66_subscriptions.TestAdmin" name="test_regular_user_403" time="0.113" /><testcase classname="backend.tests.test_iter66_subscriptions.TestAdmin" name="test_super_admin_update_plan_then_revert" time="0.705" /><testcase classname="backend.tests.test_iter66_subscriptions.TestAdmin" name="test_super_admin_sync" time="0.928" /></testsuite></testsuites>