<?xml version="1.0" encoding="utf-8"?><testsuites name="pytest tests"><testsuite name="pytest" errors="0" failures="0" skipped="0" tests="7" time="3.046" timestamp="2026-06-08T20:53:01.373514+00:00" hostname="agent-env-91687f34-e41f-4726-8257-7c3e251e2f8f"><testcase classname="tests.test_iter96_matrix_import.TestMatrixTemplate" name="test_download_template_returns_xlsx" time="0.977" /><testcase classname="tests.test_iter96_matrix_import.TestMatrixImportFile" name="test_csv_import_returns_counts" time="0.187" /><testcase classname="tests.test_iter96_matrix_import.TestMatrixImportFile" name="test_empty_file_rejected" time="0.139" /><testcase classname="tests.test_iter96_matrix_import.TestMatrixImportSheet" name="test_invalid_sheet_url_rejected" time="0.169" /><testcase classname="tests.test_iter96_matrix_import.TestImportActualsFromUrl" name="test_consent_gate_rejects_without_accepted" time="0.224" /><testcase classname="tests.test_iter96_matrix_import.TestImportActualsFromUrl" name="test_invalid_eligibility_rejected" time="0.230" /><testcase classname="tests.test_iter96_matrix_import.TestImportActualsFromUrl" name="test_happy_path_returns_filled_cells_or_422" time="1.059" /></testsuite></testsuites>