<?xml version="1.0" encoding="utf-8"?><testsuites name="pytest tests"><testsuite name="pytest" errors="0" failures="0" skipped="0" tests="7" time="2.067" timestamp="2026-06-26T20:00:02.812321+00:00" hostname="agent-env-c7297c88-630f-4806-9251-18e9451c57aa"><testcase classname="backend.tests.test_admin_payouts_run_channel.TestEligibleSummary" name="test_eligible_summary_shape" time="1.571" /><testcase classname="backend.tests.test_admin_payouts_run_channel.TestRunManualIdfc" name="test_manual_idfc_returns_ok_with_counters" time="0.051" /><testcase classname="backend.tests.test_admin_payouts_run_channel.TestRunRazorpayX" name="test_razorpayx_aborts_with_400_when_not_configured" time="0.108" /><testcase classname="backend.tests.test_admin_payouts_run_channel.TestRunInvalidChannel" name="test_empty_channel_returns_400" time="0.051" /><testcase classname="backend.tests.test_admin_payouts_run_channel.TestRunInvalidChannel" name="test_unknown_channel_returns_400" time="0.060" /><testcase classname="backend.tests.test_admin_payouts_run_channel.TestRunInvalidChannel" name="test_missing_channel_field_returns_422_or_400" time="0.050" /><testcase classname="backend.tests.test_admin_payouts_run_channel.TestRunRequiresAdmin" name="test_unauth_returns_401_or_403" time="0.113" /></testsuite></testsuites>