<?xml version="1.0" encoding="utf-8"?><testsuites name="pytest tests"><testsuite name="pytest" errors="0" failures="0" skipped="0" tests="10" time="2.079" timestamp="2026-07-18T16:40:47.141594+00:00" hostname="agent-env-c7297c88-630f-4806-9251-18e9451c57aa"><testcase classname="backend.tests.test_decider_store_subfactor_v2.TestImportTemplate" name="test_template_two_sheets_no_auth" time="0.334" /><testcase classname="backend.tests.test_decider_store_subfactor_v2.TestImportExcelParse" name="test_upload_downloaded_template_parses_new_model" time="0.492" /><testcase classname="backend.tests.test_decider_store_subfactor_v2.TestImportExcelParse" name="test_old_collapsed_format_returns_400" time="0.062" /><testcase classname="backend.tests.test_decider_store_subfactor_v2.TestBmpSeed" name="test_bmp_has_sub_factors" time="0.066" /><testcase classname="backend.tests.test_decider_store_subfactor_v2.TestClone" name="test_clone_full_expands_sub_factors" time="0.197" /><testcase classname="backend.tests.test_decider_store_subfactor_v2.TestClone" name="test_clone_values_only_strips_classification" time="0.180" /><testcase classname="backend.tests.test_decider_store_subfactor_v2.TestBridges" name="test_push_to_stores" time="0.126" /><testcase classname="backend.tests.test_decider_store_subfactor_v2.TestBridges" name="test_sync_from_stores" time="0.095" /><testcase classname="backend.tests.test_decider_store_subfactor_v2.TestBridges" name="test_push_requires_admin" time="0.179" /><testcase classname="backend.tests.test_decider_store_subfactor_v2.TestBridges" name="test_sync_requires_admin" time="0.114" /></testsuite></testsuites>