<?xml version="1.0" encoding="utf-8"?><testsuites name="pytest tests"><testsuite name="pytest" errors="0" failures="0" skipped="2" tests="18" time="7.256" timestamp="2026-07-17T17:32:27.396297+00:00" hostname="agent-env-c7297c88-630f-4806-9251-18e9451c57aa"><testcase classname="backend.tests.test_iter187_status_sync_and_pdf.TestActionItemStatusVocabulary" name="test_create_pending_default" time="0.671" /><testcase classname="backend.tests.test_iter187_status_sync_and_pdf.TestActionItemStatusVocabulary" name="test_status_progress_alignment[pending-0]" time="0.404" /><testcase classname="backend.tests.test_iter187_status_sync_and_pdf.TestActionItemStatusVocabulary" name="test_status_progress_alignment[wip_25-25]" time="0.484" /><testcase classname="backend.tests.test_iter187_status_sync_and_pdf.TestActionItemStatusVocabulary" name="test_status_progress_alignment[wip_50-50]" time="0.490" /><testcase classname="backend.tests.test_iter187_status_sync_and_pdf.TestActionItemStatusVocabulary" name="test_status_progress_alignment[wip_75-75]" time="0.457" /><testcase classname="backend.tests.test_iter187_status_sync_and_pdf.TestActionItemStatusVocabulary" name="test_status_progress_alignment[done-100]" time="0.351" /><testcase classname="backend.tests.test_iter187_status_sync_and_pdf.TestActionItemStatusVocabulary" name="test_terminal_statuses_accepted[deferred]" time="0.336" /><testcase classname="backend.tests.test_iter187_status_sync_and_pdf.TestActionItemStatusVocabulary" name="test_terminal_statuses_accepted[blocked]" time="0.355" /><testcase classname="backend.tests.test_iter187_status_sync_and_pdf.TestActionItemStatusVocabulary" name="test_terminal_statuses_accepted[cancelled]" time="0.235" /><testcase classname="backend.tests.test_iter187_status_sync_and_pdf.TestActionItemStatusVocabulary" name="test_legacy_status_aliases" time="0.532" /><testcase classname="backend.tests.test_iter187_status_sync_and_pdf.TestBiDirectionalSync" name="test_forward_ai_to_ctt" time="0.581" /><testcase classname="backend.tests.test_iter187_status_sync_and_pdf.TestBiDirectionalSync" name="test_reverse_ctt_to_ai" time="0.623" /><testcase classname="backend.tests.test_iter187_status_sync_and_pdf.TestBiDirectionalSync" name="test_reverse_ctt_wip_75_to_ai" time="0.545" /><testcase classname="backend.tests.test_iter187_status_sync_and_pdf.TestBiDirectionalSync" name="test_forward_blocked_propagates" time="0.613" /><testcase classname="backend.tests.test_iter187_status_sync_and_pdf.TestSolutionFinderReconciliation" name="test_get_solution_finder_ok" time="0.123" /><testcase classname="backend.tests.test_iter187_status_sync_and_pdf.TestSolutionFinderReconciliation" name="test_pdf_gated_402" time="0.137" /><testcase classname="backend.tests.test_iter187_status_sync_and_pdf.TestSolutionFinderReconciliation" name="test_sf_reconciliation_pushed_item_status" time="0.121"><skipped type="pytest.skip" message="No pushed SF items on sample entry; reconciliation cannot be tested.">/app/backend/tests/test_iter187_status_sync_and_pdf.py:217: No pushed SF items on sample entry; reconciliation cannot be tested.</skipped></testcase><testcase classname="backend.tests.test_iter187_status_sync_and_pdf.TestPDFActionPlanGroupLabels" name="test_pdf_group_prefixes_and_suffixes" time="0.123"><skipped type="pytest.skip" message="SF PDF gated by L1 entitlement (expected) — cannot validate PDF body content.">/app/backend/tests/test_iter187_status_sync_and_pdf.py:244: SF PDF gated by L1 entitlement (expected) — cannot validate PDF body content.</skipped></testcase></testsuite></testsuites>