<?xml version="1.0" encoding="utf-8"?><testsuites name="pytest tests"><testsuite name="pytest" errors="0" failures="0" skipped="0" tests="7" time="3.106" timestamp="2026-06-04T21:26:38.111312+00:00" hostname="agent-env-5465d40e-5c8f-4afc-a7fe-cd82d5e1607d"><testcase classname="backend.tests.test_iter54_auth_journal_fixes" name="test_login_returns_whatsapp_fields_admin" time="0.522" /><testcase classname="backend.tests.test_iter54_auth_journal_fixes" name="test_login_returns_whatsapp_fields_regular_user" time="0.320" /><testcase classname="backend.tests.test_iter54_auth_journal_fixes" name="test_linkable_items_keys_exact" time="0.691" /><testcase classname="backend.tests.test_iter54_auth_journal_fixes" name="test_linkable_items_200_with_admin" time="0.548" /><testcase classname="backend.tests.test_iter54_auth_journal_fixes" name="test_linkable_items_decision_populated_after_create" time="0.686" /><testcase classname="backend.tests.test_iter54_auth_journal_fixes" name="test_health_public" time="0.146" /><testcase classname="backend.tests.test_iter54_auth_journal_fixes" name="test_linkable_items_requires_auth" time="0.133" /></testsuite></testsuites>