<?xml version="1.0" encoding="utf-8"?><testsuites name="pytest tests"><testsuite name="pytest" errors="0" failures="0" skipped="0" tests="8" time="1.378" timestamp="2026-06-04T21:51:16.038612+00:00" hostname="agent-env-5465d40e-5c8f-4afc-a7fe-cd82d5e1607d"><testcase classname="backend.tests.test_iter55_company_profile.TestGetAppearance" name="test_get_appearance_returns_new_fields" time="0.296" /><testcase classname="backend.tests.test_iter55_company_profile.TestGetAppearance" name="test_defaults_when_not_configured" time="0.059" /><testcase classname="backend.tests.test_iter55_company_profile.TestCompanyInfoAuth" name="test_non_super_admin_forbidden" time="0.368" /><testcase classname="backend.tests.test_iter55_company_profile.TestCompanyInfoAuth" name="test_unauthenticated_forbidden" time="0.066" /><testcase classname="backend.tests.test_iter55_company_profile.TestCompanyInfoUpdate" name="test_super_admin_put_updates" time="0.345" /><testcase classname="backend.tests.test_iter55_company_profile.TestCompanyInfoUpdate" name="test_get_appearance_reflects_qa_values" time="0.067" /><testcase classname="backend.tests.test_iter55_company_profile.TestRestoreDefaults" name="test_restore_defaults" time="0.058" /><testcase classname="backend.tests.test_iter55_company_profile.TestRestoreDefaults" name="test_get_reflects_defaults" time="0.058" /></testsuite></testsuites>