<?xml version="1.0" encoding="utf-8"?><testsuites name="pytest tests"><testsuite name="pytest" errors="0" failures="0" skipped="1" tests="11" time="1.337" timestamp="2026-06-27T17:13:26.966363+00:00" hostname="agent-env-c7297c88-630f-4806-9251-18e9451c57aa"><testcase classname="tests.test_iter171_option_publish.TestSource" name="test_source_is_completed" time="0.577" /><testcase classname="tests.test_iter171_option_publish.TestSource" name="test_source_has_three_factors_with_default_quant" time="0.000" /><testcase classname="tests.test_iter171_option_publish.TestSource" name="test_source_has_two_options" time="0.000" /><testcase classname="tests.test_iter171_option_publish.TestPublishGating" name="test_publish_non_completed_returns_400" time="0.225"><skipped type="pytest.skip" message="could not create temp non-completed decision via REST">/app/backend/tests/test_iter171_option_publish.py:104: could not create temp non-completed decision via REST</skipped></testcase><testcase classname="tests.test_iter171_option_publish.TestPublishValidation" name="test_all_qualitative_rejected" time="0.059" /><testcase classname="tests.test_iter171_option_publish.TestPublishValidation" name="test_unknown_solution_type_rejected" time="0.059" /><testcase classname="tests.test_iter171_option_publish.TestPublishHappyPath" name="test_published_count_and_reward_kind" time="0.057" /><testcase classname="tests.test_iter171_option_publish.TestPublishHappyPath" name="test_factor_partition" time="0.000" /><testcase classname="tests.test_iter171_option_publish.TestPublishHappyPath" name="test_my_published_lists_solutions" time="0.058" /><testcase classname="tests.test_iter171_option_publish.TestPublishHappyPath" name="test_record_usage_self_use_returns_ok_false" time="0.060" /><testcase classname="tests.test_iter171_option_publish.TestPublishHappyPath" name="test_record_usage_unknown_solution_404" time="0.173" /></testsuite></testsuites>