<?xml version="1.0" encoding="utf-8"?><testsuites name="pytest tests"><testsuite name="pytest" errors="0" failures="0" skipped="0" tests="8" time="1.094" timestamp="2026-06-08T11:07:36.069267+00:00" hostname="agent-env-91687f34-e41f-4726-8257-7c3e251e2f8f"><testcase classname="backend.tests.test_iter82_embed_widget_p1.TestPublicConfig" name="test_public_config_pmsbazaar" time="0.173" /><testcase classname="backend.tests.test_iter82_embed_widget_p1.TestDemoHost" name="test_demo_host_returns_200_with_themed_compare" time="0.113" /><testcase classname="backend.tests.test_iter82_embed_widget_p1.TestDemoHost" name="test_demo_host_unknown_slug_404" time="0.135" /><testcase classname="backend.tests.test_iter82_embed_widget_p1.TestLoaderJS" name="test_loader_js_returns_javascript" time="0.120" /><testcase classname="backend.tests.test_iter82_embed_widget_p1.TestHtmlWidget" name="test_html_widget_pros_cons_renders" time="0.106" /><testcase classname="backend.tests.test_iter82_embed_widget_p1.TestHtmlWidget" name="test_html_widget_carries_over_options" time="0.152" /><testcase classname="backend.tests.test_iter82_embed_widget_p1.TestHtmlWidget" name="test_html_widget_unknown_flow_404" time="0.109" /><testcase classname="backend.tests.test_iter82_embed_widget_p1.TestRnWebEmbedRoute" name="test_embed_mydezider_route_returns_200_html_shell" time="0.121" /></testsuite></testsuites>