<?xml version="1.0" encoding="utf-8"?><testsuites name="pytest tests"><testsuite name="pytest" errors="0" failures="1" skipped="1" tests="22" time="2.165" timestamp="2026-06-18T08:08:56.860220+00:00" hostname="agent-env-91687f34-e41f-4726-8257-7c3e251e2f8f"><testcase classname="backend.tests.test_iter132_acm_v2_resolver.TestVersion" name="test_version_build_stamp" time="0.214" /><testcase classname="backend.tests.test_iter132_acm_v2_resolver.TestHealth" name="test_health" time="0.052" /><testcase classname="backend.tests.test_iter132_acm_v2_resolver.TestGeo" name="test_countries_seeded" time="0.058" /><testcase classname="backend.tests.test_iter132_acm_v2_resolver.TestGeo" name="test_states_in" time="0.055" /><testcase classname="backend.tests.test_iter132_acm_v2_resolver.TestGeo" name="test_states_lowercase_code" time="0.056" /><testcase classname="backend.tests.test_iter132_acm_v2_resolver.TestResolverConfig" name="test_get_resolver_config" time="0.404" /><testcase classname="backend.tests.test_iter132_acm_v2_resolver.TestResolverConfig" name="test_get_resolver_config_unauth" time="0.137" /><testcase classname="backend.tests.test_iter132_acm_v2_resolver.TestResolverConfig" name="test_put_resolver_config_persists" time="0.223" /><testcase classname="backend.tests.test_iter132_acm_v2_resolver.TestResolverConfig" name="test_put_resolver_config_invalid_trial_days" time="0.052" /><testcase classname="backend.tests.test_iter132_acm_v2_resolver.TestTrialPayments" name="test_list_trial_payments" time="0.052" /><testcase classname="backend.tests.test_iter132_acm_v2_resolver.TestTierSegmentMapping" name="test_list_mappings" time="0.053" /><testcase classname="backend.tests.test_iter132_acm_v2_resolver.TestTierSegmentMapping" name="test_put_mapping_persists" time="0.107" /><testcase classname="backend.tests.test_iter132_acm_v2_resolver.TestTierSegmentMapping" name="test_put_mapping_bad_payload" time="0.052" /><testcase classname="backend.tests.test_iter132_acm_v2_resolver.TestMyAccess" name="test_my_access_admin" time="0.058"><failure message="AssertionError: missing effective_access_key: dict_keys(['user_id', 'user_type', 'subscription_plan', 'access_key', 'effective_reason', 'features'])&#10;assert 'effective_access_key' in {'access_key': 'platform_admin', 'effective_reason': 'role=admin → bypass ACM (platform_admin key)', 'features': {'aala_assessment': {'access_level': 'full', 'quota_limit': -1, 'quota_remaining': -1, 'quota_unit': 'assessments/month', ...}, 'aala_solution_matrix_sync': {'access_level': 'full', 'quota_limit': -1, 'quota_remaining': -1, 'quota_unit': 'toggle', ...}, 'aala_tracking': {'access_level': 'full', 'quota_limit': -1, 'quota_remaining': -1, 'quota_unit': 'toggle', ...}, 'admin_audit': {'access_level': 'full', 'quota_limit': -1, 'quota_remaining': -1, 'quota_unit': 'toggle', ...}, ...}, 'subscription_plan': 'premium', ...}">backend/tests/test_iter132_acm_v2_resolver.py:228: in test_my_access_admin
    assert "effective_access_key" in body, f"missing effective_access_key: {body.keys()}"
E   AssertionError: missing effective_access_key: dict_keys(['user_id', 'user_type', 'subscription_plan', 'access_key', 'effective_reason', 'features'])
E   assert 'effective_access_key' in {'access_key': 'platform_admin', 'effective_reason': 'role=admin → bypass ACM (platform_admin key)', 'features': {'aala_assessment': {'access_level': 'full', 'quota_limit': -1, 'quota_remaining': -1, 'quota_unit': 'assessments/month', ...}, 'aala_solution_matrix_sync': {'access_level': 'full', 'quota_limit': -1, 'quota_remaining': -1, 'quota_unit': 'toggle', ...}, 'aala_tracking': {'access_level': 'full', 'quota_limit': -1, 'quota_remaining': -1, 'quota_unit': 'toggle', ...}, 'admin_audit': {'access_level': 'full', 'quota_limit': -1, 'quota_remaining': -1, 'quota_unit': 'toggle', ...}, ...}, 'subscription_plan': 'premium', ...}</failure></testcase><testcase classname="backend.tests.test_iter132_acm_v2_resolver.TestAuthMe" name="test_me_has_resolver_fields" time="0.050" /><testcase classname="backend.tests.test_iter132_acm_v2_resolver.TestSetUserType" name="test_set_new_user_type[starter_trial]" time="0.104" /><testcase classname="backend.tests.test_iter132_acm_v2_resolver.TestSetUserType" name="test_set_new_user_type[pro_trial]" time="0.057" /><testcase classname="backend.tests.test_iter132_acm_v2_resolver.TestSetUserType" name="test_set_new_user_type[premium_trial]" time="0.052" /><testcase classname="backend.tests.test_iter132_acm_v2_resolver.TestSetUserType" name="test_set_new_user_type[on_demand_retail_buyer]" time="0.054" /><testcase classname="backend.tests.test_iter132_acm_v2_resolver.TestSetUserType" name="test_set_new_user_type[on_demand_bulk_buyer]" time="0.053" /><testcase classname="backend.tests.test_iter132_acm_v2_resolver.TestSetUserType" name="test_set_user_premium_plan" time="0.052" /><testcase classname="backend.tests.test_iter132_acm_v2_resolver.TestAcmSeed" name="test_features_and_modules_count" time="0.058"><skipped type="pytest.skip" message="overview endpoint not available">/app/backend/tests/test_iter132_acm_v2_resolver.py:292: overview endpoint not available</skipped></testcase></testsuite></testsuites>