<?xml version="1.0" encoding="utf-8"?><testsuites name="pytest tests"><testsuite name="pytest" errors="0" failures="0" skipped="0" tests="9" time="3.871" timestamp="2026-08-05T11:08:53.692022+00:00" hostname="agent-env-c7297c88-630f-4806-9251-18e9451c57aa"><testcase classname="backend.tests.test_iter_moderation" name="test_b1_moderation_config_defaults" time="0.728" /><testcase classname="backend.tests.test_iter_moderation" name="test_b2_toggle_show_unverified_reduces_store" time="0.659" /><testcase classname="backend.tests.test_iter_moderation" name="test_b3_jai_verified_queue_founder_pack" time="0.141" /><testcase classname="backend.tests.test_iter_moderation" name="test_b4_new_public_template_appears_unverified_in_store" time="0.666" /><testcase classname="backend.tests.test_iter_moderation" name="test_b5_disapprove_hides_from_store_but_owner_still_sees" time="0.423" /><testcase classname="backend.tests.test_iter_moderation" name="test_b6_resubmit_flips_to_unverified_and_rejects_non_disapproved" time="0.265" /><testcase classname="backend.tests.test_iter_moderation" name="test_b7_approve_flips_to_jai_verified_and_shows_in_store" time="0.290" /><testcase classname="backend.tests.test_iter_moderation" name="test_b8_all_legacy_jai_items_have_privacy_policy" time="0.178" /><testcase classname="backend.tests.test_iter_moderation" name="test_b9_clone_still_works" time="0.449" /></testsuite></testsuites>