<?xml version="1.0" encoding="utf-8"?><testsuites name="pytest tests"><testsuite name="pytest" errors="0" failures="0" skipped="0" tests="33" time="7.098" timestamp="2026-05-30T11:04:43.980145+00:00" hostname="agent-env-21a0f00a-7384-4bd3-b3d8-6148ea612356"><testcase classname="backend.tests.test_payment_admin.TestOrgTypes" name="test_public_list_returns_seeded_six" time="0.644" /><testcase classname="backend.tests.test_payment_admin.TestOrgTypes" name="test_admin_list_requires_admin" time="0.526" /><testcase classname="backend.tests.test_payment_admin.TestOrgTypes" name="test_admin_list_ok" time="0.151" /><testcase classname="backend.tests.test_payment_admin.TestOrgTypes" name="test_create_custom_orgtype_and_delete_hard" time="0.366" /><testcase classname="backend.tests.test_payment_admin.TestOrgTypes" name="test_delete_system_orgtype_soft_disables" time="0.250" /><testcase classname="backend.tests.test_payment_admin.TestPaymentSettings" name="test_admin_get_requires_admin" time="0.108" /><testcase classname="backend.tests.test_payment_admin.TestPaymentSettings" name="test_admin_put_toggle_on_then_off" time="0.229" /><testcase classname="backend.tests.test_payment_admin.TestPaymentSettings" name="test_public_payment_settings_accessible_to_user" time="0.103" /><testcase classname="backend.tests.test_payment_admin.TestCouponCRUD" name="test_create_percentage" time="0.132" /><testcase classname="backend.tests.test_payment_admin.TestCouponCRUD" name="test_create_value_and_net" time="0.219" /><testcase classname="backend.tests.test_payment_admin.TestCouponCRUD" name="test_duplicate_code_409" time="0.116" /><testcase classname="backend.tests.test_payment_admin.TestCouponCRUD" name="test_create_inactive_expired_future_capped_peruser_orgflow" time="0.720" /><testcase classname="backend.tests.test_payment_admin.TestCouponCRUD" name="test_create_bad_discount_type" time="0.111" /><testcase classname="backend.tests.test_payment_admin.TestCouponValidateBranches" name="test_err1_invalid_code" time="0.108" /><testcase classname="backend.tests.test_payment_admin.TestCouponValidateBranches" name="test_err0_missing_args" time="0.110" /><testcase classname="backend.tests.test_payment_admin.TestCouponValidateBranches" name="test_err2_inactive" time="0.114" /><testcase classname="backend.tests.test_payment_admin.TestCouponValidateBranches" name="test_err3_future_not_yet_started" time="0.150" /><testcase classname="backend.tests.test_payment_admin.TestCouponValidateBranches" name="test_err4_expired" time="0.120" /><testcase classname="backend.tests.test_payment_admin.TestCouponValidateBranches" name="test_msg1_percentage" time="0.113" /><testcase classname="backend.tests.test_payment_admin.TestCouponValidateBranches" name="test_msg2_value" time="0.136" /><testcase classname="backend.tests.test_payment_admin.TestCouponValidateBranches" name="test_msg2_value_floors_at_zero" time="0.116" /><testcase classname="backend.tests.test_payment_admin.TestCouponValidateBranches" name="test_msg3_netvalue" time="0.117" /><testcase classname="backend.tests.test_payment_admin.TestCouponValidateBranches" name="test_err9_org_type_not_applicable" time="0.117" /><testcase classname="backend.tests.test_payment_admin.TestCouponValidateBranches" name="test_err10_flow_not_applicable" time="0.107" /><testcase classname="backend.tests.test_payment_admin.TestCouponValidateBranches" name="test_orgflow_happy_path" time="0.115" /><testcase classname="backend.tests.test_payment_admin.TestCouponValidateBranches" name="test_err6_per_user_cap_after_redeem" time="0.394" /><testcase classname="backend.tests.test_payment_admin.TestCouponValidateBranches" name="test_err5_global_cap_after_redeem" time="0.232" /><testcase classname="backend.tests.test_payment_admin.TestCouponValidateBranches" name="test_percentage_caps_at_100" time="0.232" /><testcase classname="backend.tests.test_payment_admin.TestSkipGrant" name="test_skip_grant_blocked_when_off" time="0.213" /><testcase classname="backend.tests.test_payment_admin.TestSkipGrant" name="test_skip_grant_works_when_on" time="0.252" /><testcase classname="backend.tests.test_payment_admin.TestSkipGrant" name="test_skip_grant_with_coupon_redeems" time="0.331" /><testcase classname="backend.tests.test_payment_admin.TestSkipGrant" name="test_skip_grant_history_scoped" time="0.120" /><testcase classname="backend.tests.test_payment_admin" name="test_zz_teardown_toggle_off" time="0.115" /></testsuite></testsuites>