<?xml version="1.0" encoding="utf-8"?><testsuites name="pytest tests"><testsuite name="pytest" errors="0" failures="0" skipped="0" tests="16" time="3.667" timestamp="2026-05-29T14:28:22.755196+00:00" hostname="agent-env-21a0f00a-7384-4bd3-b3d8-6148ea612356"><testcase classname="backend.tests.test_phase2_payments.TestTemplateDelete" name="test_admin_delete_template_200_and_get_404" time="0.702" /><testcase classname="backend.tests.test_phase2_payments.TestTemplateDelete" name="test_author_can_delete_own_custom_blank_pending" time="0.474" /><testcase classname="backend.tests.test_phase2_payments.TestTemplateDelete" name="test_non_admin_cannot_delete_authorized_standard" time="0.206" /><testcase classname="backend.tests.test_phase2_payments.TestTemplateDelete" name="test_delete_nonexistent_404" time="0.163" /><testcase classname="backend.tests.test_phase2_payments.TestBulkDelete" name="test_bulk_delete_by_title_prefix" time="0.233" /><testcase classname="backend.tests.test_phase2_payments.TestBulkDelete" name="test_non_admin_bulk_delete_forbidden" time="0.117" /><testcase classname="backend.tests.test_phase2_payments.TestL4Queue" name="test_l4_queue_admin_shape" time="0.128" /><testcase classname="backend.tests.test_phase2_payments.TestL4Queue" name="test_l4_queue_filter_by_status" time="0.128" /><testcase classname="backend.tests.test_phase2_payments.TestL4Queue" name="test_l4_queue_invalid_status_400" time="0.121" /><testcase classname="backend.tests.test_phase2_payments.TestL4Queue" name="test_l4_queue_non_admin_403" time="0.175" /><testcase classname="backend.tests.test_phase2_payments.TestL4Queue" name="test_experts_pick_list_admin" time="0.148" /><testcase classname="backend.tests.test_phase2_payments.TestL4Queue" name="test_experts_pick_list_non_admin_403" time="0.119" /><testcase classname="backend.tests.test_phase2_payments.TestL4Queue" name="test_assign_moves_to_in_progress" time="0.129" /><testcase classname="backend.tests.test_phase2_payments.TestL4Queue" name="test_status_delivered" time="0.243" /><testcase classname="backend.tests.test_phase2_payments.TestL4Queue" name="test_status_cancelled" time="0.117" /><testcase classname="backend.tests.test_phase2_payments.TestL4Queue" name="test_status_invalid_400" time="0.326" /></testsuite></testsuites>