<?xml version="1.0" encoding="utf-8"?><testsuites name="pytest tests"><testsuite name="pytest" errors="0" failures="0" skipped="0" tests="19" time="0.515" timestamp="2026-05-30T10:08:17.164025+00:00" hostname="agent-env-21a0f00a-7384-4bd3-b3d8-6148ea612356"><testcase classname="backend.tests.test_phase5_gem_smart_link.TestSmartGoalCreate" name="test_create_goal_with_metrics_skills_resources_milestones" time="0.266" /><testcase classname="backend.tests.test_phase5_gem_smart_link.TestSmartGoalCreate" name="test_get_persists" time="0.008" /><testcase classname="backend.tests.test_phase5_gem_smart_link.TestMilestones" name="test_add_milestone_with_smart_fields" time="0.008" /><testcase classname="backend.tests.test_phase5_gem_smart_link.TestMilestones" name="test_status_in_progress" time="0.008" /><testcase classname="backend.tests.test_phase5_gem_smart_link.TestMilestones" name="test_status_done_auto_sets_100" time="0.008" /><testcase classname="backend.tests.test_phase5_gem_smart_link.TestMilestones" name="test_progress_pct_clamps_above_100" time="0.008" /><testcase classname="backend.tests.test_phase5_gem_smart_link.TestMilestones" name="test_progress_pct_clamps_below_0" time="0.008" /><testcase classname="backend.tests.test_phase5_gem_smart_link.TestMilestones" name="test_invalid_status_rejected" time="0.007" /><testcase classname="backend.tests.test_phase5_gem_smart_link.TestMilestones" name="test_blocked_status" time="0.008" /><testcase classname="backend.tests.test_phase5_gem_smart_link.TestGemSmartLink" name="test_create_gem_goal" time="0.007" /><testcase classname="backend.tests.test_phase5_gem_smart_link.TestGemSmartLink" name="test_put_linked_smart_goal_id" time="0.008" /><testcase classname="backend.tests.test_phase5_gem_smart_link.TestGemSmartLink" name="test_get_returns_linked_id" time="0.007" /><testcase classname="backend.tests.test_phase5_gem_smart_link.TestGemSmartLink" name="test_unlink_persists_null" time="0.014" /><testcase classname="backend.tests.test_phase5_gem_smart_link.TestContactsPhase1" name="test_ensure_self_idempotent" time="0.014" /><testcase classname="backend.tests.test_phase5_gem_smart_link.TestContactsPhase1" name="test_create_contact_with_rich_profile" time="0.008" /><testcase classname="backend.tests.test_phase5_gem_smart_link.TestContactsPhase1" name="test_get_contact_roundtrip" time="0.007" /><testcase classname="backend.tests.test_phase5_gem_smart_link.TestContactsPhase1" name="test_skills_aggregate_includes_sme_skills" time="0.007" /><testcase classname="backend.tests.test_phase5_gem_smart_link.TestContactsPhase1" name="test_self_contact_cannot_be_deleted" time="0.007" /><testcase classname="backend.tests.test_phase5_gem_smart_link.TestZCleanup" name="test_cleanup" time="0.022" /></testsuite></testsuites>