<?xml version="1.0" encoding="utf-8"?><testsuites name="pytest tests"><testsuite name="pytest" errors="0" failures="0" skipped="0" tests="6" time="4.625" timestamp="2026-05-27T08:46:55.528117+00:00" hostname="agent-env-21a0f00a-7384-4bd3-b3d8-6148ea612356"><testcase classname="backend.tests.test_race_condition_retest" name="test_analysis_reachable" time="0.611" /><testcase classname="backend.tests.test_race_condition_retest" name="test_sequential_partial_updates_merge" time="0.462" /><testcase classname="backend.tests.test_race_condition_retest" name="test_concurrent_partial_updates_both_survive" time="2.680" /><testcase classname="backend.tests.test_race_condition_retest" name="test_three_way_concurrent_updates" time="0.579" /><testcase classname="backend.tests.test_race_condition_retest" name="test_get_analysis_returns_ladder_state" time="0.110" /><testcase classname="backend.tests.test_race_condition_retest" name="test_std_gap_config_preserved" time="0.128" /></testsuite></testsuites>