<?xml version="1.0" encoding="utf-8"?><testsuites name="pytest tests"><testsuite name="pytest" errors="0" failures="0" skipped="0" tests="21" time="6.708" timestamp="2026-05-29T13:28:31.058934+00:00" hostname="agent-env-21a0f00a-7384-4bd3-b3d8-6148ea612356"><testcase classname="backend.tests.test_sku_store.TestCatalog" name="test_get_skus_seeds_4_skus" time="0.160" /><testcase classname="backend.tests.test_sku_store.TestCatalog" name="test_default_prices" time="0.605" /><testcase classname="backend.tests.test_sku_store.TestAdmin" name="test_admin_update_price" time="0.434" /><testcase classname="backend.tests.test_sku_store.TestAdmin" name="test_non_admin_update_forbidden" time="0.455" /><testcase classname="backend.tests.test_sku_store.TestAdmin" name="test_non_admin_reset_forbidden" time="0.112" /><testcase classname="backend.tests.test_sku_store.TestAdmin" name="test_seed_in_house_solutions" time="0.262" /><testcase classname="backend.tests.test_sku_store.TestAdmin" name="test_non_admin_seed_forbidden" time="0.129" /><testcase classname="backend.tests.test_sku_store.TestEntitlements" name="test_my_entitlements_shape" time="0.121" /><testcase classname="backend.tests.test_sku_store.TestEntitlements" name="test_access_check_no_access" time="0.124" /><testcase classname="backend.tests.test_sku_store.TestPurchase" name="test_create_purchase_order[L1-19900]" time="1.034" /><testcase classname="backend.tests.test_sku_store.TestPurchase" name="test_create_purchase_order[L2-99900]" time="0.408" /><testcase classname="backend.tests.test_sku_store.TestPurchase" name="test_create_purchase_order[L3-199900]" time="0.416" /><testcase classname="backend.tests.test_sku_store.TestPurchase" name="test_create_purchase_order[L4-280000]" time="0.415" /><testcase classname="backend.tests.test_sku_store.TestVerify" name="test_garbage_signature_400" time="0.610" /><testcase classname="backend.tests.test_sku_store.TestPdfFlow" name="test_report_info" time="0.124" /><testcase classname="backend.tests.test_sku_store.TestPdfFlow" name="test_pdf_402_without_entitlement" time="0.117" /><testcase classname="backend.tests.test_sku_store.TestPdfFlow" name="test_pdf_unlock_with_l1_and_idempotent" time="0.522" /><testcase classname="backend.tests.test_sku_store.TestPdfFlow" name="test_pdf_dezider_module" time="0.139" /><testcase classname="backend.tests.test_sku_store.TestPdfFlow" name="test_pdf_pros_cons_module" time="0.135" /><testcase classname="backend.tests.test_sku_store.TestPdfFlow" name="test_pdf_404_unknown_decision" time="0.120" /><testcase classname="backend.tests.test_sku_store.TestPdfFlow" name="test_pdf_400_unknown_module" time="0.123" /></testsuite></testsuites>