<?xml version="1.0" encoding="utf-8"?><testsuites name="pytest tests"><testsuite name="pytest" errors="0" failures="0" skipped="0" tests="5" time="2.113" timestamp="2026-05-30T16:33:41.721920+00:00" hostname="agent-env-21a0f00a-7384-4bd3-b3d8-6148ea612356"><testcase classname="backend.tests.test_solution_finder_v2_and_timing.TestHosDecisionTiming" name="test_create_decision_with_timing" time="0.928" /><testcase classname="backend.tests.test_solution_finder_v2_and_timing.TestSolutionFinderV2" name="test_create_and_get_roundtrip" time="0.195" /><testcase classname="backend.tests.test_solution_finder_v2_and_timing.TestSolutionFinderV2" name="test_put_allows_v2_fields" time="0.174" /><testcase classname="backend.tests.test_solution_finder_v2_and_timing.TestPushActionPlan" name="test_push_fans_out_to_action_center_and_ctt" time="0.459" /><testcase classname="backend.tests.test_solution_finder_v2_and_timing.TestLegacyListRoundTrip" name="test_v2_entry_appears_in_list_with_smart_goal_and_timestamps" time="0.291" /></testsuite></testsuites>