<?xml version="1.0" encoding="utf-8"?><testsuites name="pytest tests"><testsuite name="pytest" errors="0" failures="0" skipped="0" tests="8" time="3.441" timestamp="2026-05-29T11:28:45.383605+00:00" hostname="agent-env-21a0f00a-7384-4bd3-b3d8-6148ea612356"><testcase classname="backend.tests.test_swot_save_as_template.TestSwotSaveAsTemplateValidation" name="test_400_when_name_empty" time="1.036" /><testcase classname="backend.tests.test_swot_save_as_template.TestSwotSaveAsTemplateValidation" name="test_400_when_zero_items" time="0.328" /><testcase classname="backend.tests.test_swot_save_as_template.TestSwotSaveAsTemplateValidation" name="test_404_for_nonexistent_analysis" time="0.108" /><testcase classname="backend.tests.test_swot_save_as_template.TestSwotSaveAsTemplateAdmin" name="test_response_shape" time="0.336" /><testcase classname="backend.tests.test_swot_save_as_template.TestSwotSaveAsTemplateAdmin" name="test_template_found_via_hos_templates" time="0.158" /><testcase classname="backend.tests.test_swot_save_as_template.TestSwotSaveAsTemplateAdmin" name="test_template_factors_have_swot_flag" time="0.146" /><testcase classname="backend.tests.test_swot_save_as_template.TestSwotSaveAsTemplateAdmin" name="test_template_discoverable_via_suggest" time="0.355" /><testcase classname="backend.tests.test_swot_save_as_template.TestSwotSaveAsTemplateNonAdmin" name="test_non_admin_gets_custom_blank_pending" time="0.926" /></testsuite></testsuites>