<?xml version="1.0" encoding="utf-8"?><testsuites name="pytest tests"><testsuite name="pytest" errors="0" failures="0" skipped="0" tests="15" time="8.340" timestamp="2026-05-29T11:29:45.861764+00:00" hostname="agent-env-21a0f00a-7384-4bd3-b3d8-6148ea612356"><testcase classname="backend.tests.test_swot_life_area_normalization" name="test_life_area_normalized_to_canonical[career-la_career]" time="1.131" /><testcase classname="backend.tests.test_swot_life_area_normalization" name="test_life_area_normalized_to_canonical[la_career-la_career]" time="0.693" /><testcase classname="backend.tests.test_swot_life_area_normalization" name="test_life_area_normalized_to_canonical[Career-la_career]" time="0.687" /><testcase classname="backend.tests.test_swot_life_area_normalization" name="test_life_area_normalized_to_canonical[holistic_health-la_health]" time="0.723" /><testcase classname="backend.tests.test_swot_life_area_normalization" name="test_life_area_normalized_to_canonical[Physical, Mental &amp; Emotional Health-la_health]" time="0.667" /><testcase classname="backend.tests.test_swot_life_area_normalization" name="test_template_surfaces_in_suggest_for_la_career" time="0.680" /><testcase classname="backend.tests.test_swot_life_area_normalization" name="test_unknown_life_area_falls_back_to_empty" time="0.723" /><testcase classname="backend.tests.test_swot_save_as_template.TestSwotSaveAsTemplateValidation" name="test_400_when_name_empty" time="0.780" /><testcase classname="backend.tests.test_swot_save_as_template.TestSwotSaveAsTemplateValidation" name="test_400_when_zero_items" time="0.333" /><testcase classname="backend.tests.test_swot_save_as_template.TestSwotSaveAsTemplateValidation" name="test_404_for_nonexistent_analysis" time="0.102" /><testcase classname="backend.tests.test_swot_save_as_template.TestSwotSaveAsTemplateAdmin" name="test_response_shape" time="0.323" /><testcase classname="backend.tests.test_swot_save_as_template.TestSwotSaveAsTemplateAdmin" name="test_template_found_via_hos_templates" time="0.108" /><testcase classname="backend.tests.test_swot_save_as_template.TestSwotSaveAsTemplateAdmin" name="test_template_factors_have_swot_flag" time="0.109" /><testcase classname="backend.tests.test_swot_save_as_template.TestSwotSaveAsTemplateAdmin" name="test_template_discoverable_via_suggest" time="0.323" /><testcase classname="backend.tests.test_swot_save_as_template.TestSwotSaveAsTemplateNonAdmin" name="test_non_admin_gets_custom_blank_pending" time="0.902" /></testsuite></testsuites>