<?xml version="1.0" encoding="utf-8"?><testsuites name="pytest tests"><testsuite name="pytest" errors="0" failures="1" skipped="0" tests="6" time="4.472" timestamp="2026-05-29T11:29:24.059703+00:00" hostname="agent-env-21a0f00a-7384-4bd3-b3d8-6148ea612356"><testcase classname="backend.tests.test_swot_life_area_normalization" name="test_life_area_normalized_to_canonical[career-la_career]" time="1.152" /><testcase classname="backend.tests.test_swot_life_area_normalization" name="test_life_area_normalized_to_canonical[la_career-la_career]" time="0.699" /><testcase classname="backend.tests.test_swot_life_area_normalization" name="test_life_area_normalized_to_canonical[Career-la_career]" time="0.662" /><testcase classname="backend.tests.test_swot_life_area_normalization" name="test_life_area_normalized_to_canonical[holistic_health-la_holistic_health]" time="0.565"><failure message="AssertionError: life_area input 'holistic_health' yielded life_area_id='la_health', expected 'la_holistic_health'&#10;assert 'la_health' == 'la_holistic_health'&#10;  &#10;  - la_holistic_health&#10;  + la_health">backend/tests/test_swot_life_area_normalization.py:122: in test_life_area_normalized_to_canonical
    assert tpl.get("life_area_id") == expected_canonical, (
E   AssertionError: life_area input 'holistic_health' yielded life_area_id='la_health', expected 'la_holistic_health'
E   assert 'la_health' == 'la_holistic_health'
E     
E     - la_holistic_health
E     + la_health</failure></testcase><testcase classname="backend.tests.test_swot_life_area_normalization" name="test_template_surfaces_in_suggest_for_la_career" time="0.657" /><testcase classname="backend.tests.test_swot_life_area_normalization" name="test_unknown_life_area_falls_back_to_empty" time="0.662" /></testsuite></testsuites>